This file contains any messages produced by compilers while
running configure, to aid debugging if configure makes a mistake.

It was created by zlib configure 1.1.4, which was
generated by GNU Autoconf 2.69.  Invocation command line was

  $ /home/terminator-128/Documents/os/Stanford_CS140/binutils-2.35/zlib/configure --srcdir=.././zlib --cache-file=./config.cache --with-gnu-as --with-gnu-ld --prefix=/usr/local --disable-werror --program-transform-name=s&^&i386-elf-& --disable-option-checking --build=x86_64-pc-linux-gnu --host=x86_64-pc-linux-gnu --target=i386-elf

## --------- ##
## Platform. ##
## --------- ##

hostname = ubuntu
uname -m = x86_64
uname -r = 5.4.0-47-generic
uname -s = Linux
uname -v = #51-Ubuntu SMP Fri Sep 4 19:50:52 UTC 2020

/usr/bin/uname -p = x86_64
/bin/uname -X     = unknown

/bin/arch              = x86_64
/usr/bin/arch -k       = unknown
/usr/convex/getsysinfo = unknown
/usr/bin/hostinfo      = unknown
/bin/machine           = unknown
/usr/bin/oslevel       = unknown
/bin/universe          = unknown

PATH: /usr/local/sbin
PATH: /usr/local/bin
PATH: /usr/sbin
PATH: /usr/bin
PATH: /sbin
PATH: /bin
PATH: /usr/games
PATH: /usr/local/games
PATH: /snap/bin


## ----------- ##
## Core tests. ##
## ----------- ##

configure:2139: loading cache ./config.cache
configure:2301: checking build system type
configure:2315: result: x86_64-pc-linux-gnu
configure:2335: checking host system type
configure:2348: result: x86_64-pc-linux-gnu
configure:2368: checking target system type
configure:2381: result: i386-pc-elf
configure:2429: checking for a BSD-compatible install
configure:2497: result: /usr/bin/install -c
configure:2508: checking whether build environment is sane
configure:2563: result: yes
configure:2712: checking for a thread-safe mkdir -p
configure:2751: result: /usr/bin/mkdir -p
configure:2758: checking for gawk
configure:2785: result: mawk
configure:2796: checking whether make sets $(MAKE)
configure:2818: result: yes
configure:2847: checking whether make supports nested variables
configure:2864: result: yes
configure:2992: checking whether to enable maintainer-specific portions of Makefiles
configure:3001: result: no
configure:3072: checking for x86_64-pc-linux-gnu-gcc
configure:3099: result: gcc
configure:3368: checking for C compiler version
configure:3377: gcc --version >&5
gcc (Ubuntu 9.3.0-17ubuntu1~20.04) 9.3.0
Copyright (C) 2019 Free Software Foundation, Inc.
This is free software; see the source for copying conditions.  There is NO
warranty; not even for MERCHANTABILITY or FITNESS FOR A PARTICULAR PURPOSE.

configure:3388: $? = 0
configure:3377: gcc -v >&5
Using built-in specs.
COLLECT_GCC=gcc
COLLECT_LTO_WRAPPER=/usr/lib/gcc/x86_64-linux-gnu/9/lto-wrapper
OFFLOAD_TARGET_NAMES=nvptx-none:hsa
OFFLOAD_TARGET_DEFAULT=1
Target: x86_64-linux-gnu
Configured with: ../src/configure -v --with-pkgversion='Ubuntu 9.3.0-17ubuntu1~20.04' --with-bugurl=file:///usr/share/doc/gcc-9/README.Bugs --enable-languages=c,ada,c++,go,brig,d,fortran,objc,obj-c++,gm2 --prefix=/usr --with-gcc-major-version-only --program-suffix=-9 --program-prefix=x86_64-linux-gnu- --enable-shared --enable-linker-build-id --libexecdir=/usr/lib --without-included-gettext --enable-threads=posix --libdir=/usr/lib --enable-nls --enable-clocale=gnu --enable-libstdcxx-debug --enable-libstdcxx-time=yes --with-default-libstdcxx-abi=new --enable-gnu-unique-object --disable-vtable-verify --enable-plugin --enable-default-pie --with-system-zlib --with-target-system-zlib=auto --enable-objc-gc=auto --enable-multiarch --disable-werror --with-arch-32=i686 --with-abi=m64 --with-multilib-list=m32,m64,mx32 --enable-multilib --with-tune=generic --enable-offload-targets=nvptx-none=/build/gcc-9-HskZEa/gcc-9-9.3.0/debian/tmp-nvptx/usr,hsa --without-cuda-driver --enable-checking=release --build=x86_64-linux-gnu --host=x86_64-linux-gnu --target=x86_64-linux-gnu
Thread model: posix
gcc version 9.3.0 (Ubuntu 9.3.0-17ubuntu1~20.04) 
configure:3388: $? = 0
configure:3377: gcc -V >&5
gcc: error: unrecognized command line option '-V'
gcc: fatal error: no input files
compilation terminated.
configure:3388: $? = 1
configure:3377: gcc -qversion >&5
gcc: error: unrecognized command line option '-qversion'; did you mean '--version'?
gcc: fatal error: no input files
compilation terminated.
configure:3388: $? = 1
configure:3404: gcc -o conftest -g -O2    conftest.c  >&5
configure:3407: $? = 0
configure:3436: checking whether the C compiler works
configure:3458: gcc -g -O2    conftest.c  >&5
configure:3462: $? = 0
configure:3510: result: yes
configure:3513: checking for C compiler default output file name
configure:3515: result: a.out
configure:3521: checking for suffix of executables
configure:3528: gcc -o conftest -g -O2    conftest.c  >&5
configure:3532: $? = 0
configure:3554: result: 
configure:3576: checking whether we are cross compiling
configure:3584: gcc -o conftest -g -O2    conftest.c  >&5
configure:3588: $? = 0
configure:3595: ./conftest
configure:3599: $? = 0
configure:3614: result: no
configure:3587: checking for suffix of object files
configure:3634: result: o
configure:3638: checking whether we are using the GNU C compiler
configure:3666: result: yes
configure:3675: checking whether gcc accepts -g
configure:3736: result: yes
configure:3753: checking for gcc option to accept ISO C89
configure:3829: result: none needed
configure:3854: checking whether gcc understands -c and -o together
configure:3891: result: yes
configure:3919: checking for style of include used by make
configure:3947: result: GNU
configure:3973: checking dependency style of gcc
configure:4084: result: gcc3
configure:4149: checking how to print strings
configure:4176: result: printf
configure:4197: checking for a sed that does not truncate output
configure:4261: result: /usr/bin/sed
configure:4279: checking for grep that handles long lines and -e
configure:4337: result: /usr/bin/grep
configure:4342: checking for egrep
configure:4404: result: /usr/bin/grep -E
configure:4409: checking for fgrep
configure:4471: result: /usr/bin/grep -F
configure:4506: checking for ld used by gcc
configure:4573: result: ld
configure:4580: checking if the linker (ld) is GNU ld
configure:4595: result: yes
configure:4607: checking for BSD- or MS-compatible name lister (nm)
configure:4656: result: nm
configure:4786: checking the name lister (nm) interface
configure:4806: result: BSD nm
configure:4809: checking whether ln -s works
configure:4813: result: yes
configure:4821: checking the maximum length of command line arguments
configure:4946: result: 1572864
configure:4963: checking whether the shell understands some XSI constructs
configure:4972: result: yes
configure:4976: checking whether the shell understands "+="
configure:4980: result: yes
configure:5015: checking for ld option to reload object files
configure:5022: result: -r
configure:5051: checking for x86_64-pc-linux-gnu-objdump
configure:5078: result: objdump
configure:5150: checking how to recognize dependent libraries
configure:5351: result: pass_all
configure:5371: checking for x86_64-pc-linux-gnu-ar
configure:5398: result: ar
configure:5476: checking for x86_64-pc-linux-gnu-strip
configure:5506: result: no
configure:5516: checking for strip
configure:5543: result: strip
configure:5575: checking for x86_64-pc-linux-gnu-ranlib
configure:5602: result: ranlib
configure:5744: checking command to parse nm output from gcc object
configure:5967: result: ok
configure:6063: gcc -c -g -O2  conftest.c >&5
configure:6066: $? = 0
configure:6825: checking how to run the C preprocessor
configure:6895: result: gcc -E
configure:6915: gcc -E  conftest.c
configure:6915: $? = 0
configure:6929: gcc -E  conftest.c
conftest.c:11:10: fatal error: ac_nonexistent.h: No such file or directory
   11 | #include <ac_nonexistent.h>
      |          ^~~~~~~~~~~~~~~~~~
compilation terminated.
configure:6929: $? = 1
configure: failed program was:
| /* confdefs.h */
| #define PACKAGE_NAME "zlib"
| #define PACKAGE_TARNAME "zlib"
| #define PACKAGE_VERSION "1.1.4"
| #define PACKAGE_STRING "zlib 1.1.4"
| #define PACKAGE_BUGREPORT ""
| #define PACKAGE_URL ""
| #define PACKAGE "zlib"
| #define VERSION "1.1.4"
| /* end confdefs.h.  */
| #include <ac_nonexistent.h>
configure:6958: checking for ANSI C header files
configure:7062: result: yes
configure:7075: checking for sys/types.h
configure:7075: result: yes
configure:7075: checking for sys/stat.h
configure:7075: result: yes
configure:7075: checking for stdlib.h
configure:7075: result: yes
configure:7075: checking for string.h
configure:7075: result: yes
configure:7075: checking for memory.h
configure:7075: result: yes
configure:7075: checking for strings.h
configure:7075: result: yes
configure:7075: checking for inttypes.h
configure:7075: result: yes
configure:7075: checking for stdint.h
configure:7075: result: yes
configure:7075: checking for unistd.h
configure:7075: result: yes
configure:7089: checking for dlfcn.h
configure:7089: result: yes
configure:7276: checking for objdir
configure:7291: result: .libs
configure:7562: checking if gcc supports -fno-rtti -fno-exceptions
configure:7597: result: no
configure:7617: checking for gcc option to produce PIC
configure:7903: result: -fPIC -DPIC
configure:7915: checking if gcc PIC flag -fPIC -DPIC works
configure:7950: result: yes
configure:7974: checking if gcc static flag -static works
configure:8002: result: yes
configure:8017: checking if gcc supports -c -o file.o
configure:8064: result: yes
configure:8072: checking if gcc supports -c -o file.o
configure:8119: result: yes
configure:8152: checking whether the gcc linker (ld -m elf_x86_64) supports shared libraries
configure:9232: result: yes
configure:9269: checking whether -lc should be explicitly linked in
configure:9312: result: no
configure:9477: checking dynamic linker characteristics
configure:10153: result: GNU/Linux ld.so
configure:10260: checking how to hardcode library paths into programs
configure:10285: result: immediate
configure:10840: checking whether stripping libraries is possible
configure:10845: result: yes
configure:10880: checking if libtool supports shared libraries
configure:10882: result: yes
configure:10885: checking whether to build shared libraries
configure:10906: result: yes
configure:10909: checking whether to build static libraries
configure:10913: result: yes
configure:10956: checking how to run the C preprocessor
configure:11026: result: gcc -E
configure:11046: gcc -E  conftest.c
configure:11046: $? = 0
configure:11060: gcc -E  conftest.c
conftest.c:23:10: fatal error: ac_nonexistent.h: No such file or directory
   23 | #include <ac_nonexistent.h>
      |          ^~~~~~~~~~~~~~~~~~
compilation terminated.
configure:11060: $? = 1
configure: failed program was:
| /* confdefs.h */
| #define PACKAGE_NAME "zlib"
| #define PACKAGE_TARNAME "zlib"
| #define PACKAGE_VERSION "1.1.4"
| #define PACKAGE_STRING "zlib 1.1.4"
| #define PACKAGE_BUGREPORT ""
| #define PACKAGE_URL ""
| #define PACKAGE "zlib"
| #define VERSION "1.1.4"
| #define STDC_HEADERS 1
| #define HAVE_SYS_TYPES_H 1
| #define HAVE_SYS_STAT_H 1
| #define HAVE_STDLIB_H 1
| #define HAVE_STRING_H 1
| #define HAVE_MEMORY_H 1
| #define HAVE_STRINGS_H 1
| #define HAVE_INTTYPES_H 1
| #define HAVE_STDINT_H 1
| #define HAVE_UNISTD_H 1
| #define HAVE_DLFCN_H 1
| #define LT_OBJDIR ".libs/"
| /* end confdefs.h.  */
| #include <ac_nonexistent.h>
configure:11116: checking for stdlib.h
configure:11116: result: yes
configure:11116: checking for unistd.h
configure:11116: result: yes
configure:11116: checking for sys/param.h
configure:11116: result: yes
configure:11136: checking for getpagesize
configure:11136: result: yes
configure:11145: checking for working mmap
configure:11302: result: yes
configure:11315: checking for memcpy
configure:11315: result: yes
configure:11315: checking for strerror
configure:11315: result: yes
configure:11380: checking for unistd.h
configure:11380: result: yes
configure:11574: checking that generated files are newer than configure
configure:11580: result: done
configure:11611: creating ./config.status

## ---------------------- ##
## Running config.status. ##
## ---------------------- ##

This file was extended by zlib config.status 1.1.4, which was
generated by GNU Autoconf 2.69.  Invocation command line was

  CONFIG_FILES    = 
  CONFIG_HEADERS  = 
  CONFIG_LINKS    = 
  CONFIG_COMMANDS = 
  $ ./config.status 

on ubuntu

config.status:1017: creating Makefile
config.status:1189: executing depfiles commands
config.status:1189: executing libtool commands

## ---------------- ##
## Cache variables. ##
## ---------------- ##

ac_cv_build=x86_64-pc-linux-gnu
ac_cv_c_compiler_gnu=yes
ac_cv_env_CPPFLAGS_set=
ac_cv_env_CPPFLAGS_value=
ac_cv_env_CPP_set=
ac_cv_env_CPP_value=
ac_cv_env_build_alias_set=set
ac_cv_env_build_alias_value=x86_64-pc-linux-gnu
ac_cv_env_host_alias_set=set
ac_cv_env_host_alias_value=x86_64-pc-linux-gnu
ac_cv_env_target_alias_set=set
ac_cv_env_target_alias_value=i386-elf
ac_cv_func_getpagesize=yes
ac_cv_func_memcpy=yes
ac_cv_func_mmap_fixed_mapped=yes
ac_cv_func_strerror=yes
ac_cv_header_dlfcn_h=yes
ac_cv_header_inttypes_h=yes
ac_cv_header_memory_h=yes
ac_cv_header_stdc=yes
ac_cv_header_stdint_h=yes
ac_cv_header_stdlib_h=yes
ac_cv_header_string_h=yes
ac_cv_header_strings_h=yes
ac_cv_header_sys_param_h=yes
ac_cv_header_sys_stat_h=yes
ac_cv_header_sys_types_h=yes
ac_cv_header_unistd_h=yes
ac_cv_host=x86_64-pc-linux-gnu
ac_cv_objext=o
ac_cv_path_EGREP='/usr/bin/grep -E'
ac_cv_path_FGREP='/usr/bin/grep -F'
ac_cv_path_GREP=/usr/bin/grep
ac_cv_path_SED=/usr/bin/sed
ac_cv_path_mkdir=/usr/bin/mkdir
ac_cv_prog_AR=ar
ac_cv_prog_AWK=mawk
ac_cv_prog_CC=gcc
ac_cv_prog_CPP='gcc -E'
ac_cv_prog_OBJDUMP=objdump
ac_cv_prog_RANLIB=ranlib
ac_cv_prog_ac_ct_STRIP=strip
ac_cv_prog_cc_c89=
ac_cv_prog_cc_g=yes
ac_cv_prog_make_make_set=yes
ac_cv_target=i386-pc-elf
am_cv_CC_dependencies_compiler_type=gcc3
am_cv_make_support_nested_variables=yes
am_cv_prog_cc_c_o=yes
lt_cv_archive_cmds_need_lc=no
lt_cv_deplibs_check_method=pass_all
lt_cv_file_magic_cmd='$MAGIC_CMD'
lt_cv_file_magic_test_file=
lt_cv_ld_reload_flag=-r
lt_cv_nm_interface='BSD nm'
lt_cv_objdir=.libs
lt_cv_path_LD=ld
lt_cv_path_NM=nm
lt_cv_prog_compiler_c_o=yes
lt_cv_prog_compiler_pic_works=yes
lt_cv_prog_compiler_rtti_exceptions=no
lt_cv_prog_compiler_static_works=yes
lt_cv_prog_gnu_ld=yes
lt_cv_shlibpath_overrides_runpath=yes
lt_cv_sys_global_symbol_pipe='sed -n -e '\''s/^.*[	 ]\([ABCDGIRSTW][ABCDGIRSTW]*\)[	 ][	 ]*\([_A-Za-z][_A-Za-z0-9]*\)$/\1 \2 \2/p'\'''
lt_cv_sys_global_symbol_to_c_name_address='sed -n -e '\''s/^: \([^ ]*\) $/  {\"\1\", (void *) 0},/p'\'' -e '\''s/^[ABCDGIRSTW]* \([^ ]*\) \([^ ]*\)$/  {"\2", (void *) \&\2},/p'\'''
lt_cv_sys_global_symbol_to_c_name_address_lib_prefix='sed -n -e '\''s/^: \([^ ]*\) $/  {\"\1\", (void *) 0},/p'\'' -e '\''s/^[ABCDGIRSTW]* \([^ ]*\) \(lib[^ ]*\)$/  {"\2", (void *) \&\2},/p'\'' -e '\''s/^[ABCDGIRSTW]* \([^ ]*\) \([^ ]*\)$/  {"lib\2", (void *) \&\2},/p'\'''
lt_cv_sys_global_symbol_to_cdecl='sed -n -e '\''s/^T .* \(.*\)$/extern int \1();/p'\'' -e '\''s/^[ABCDGIRSTW]* .* \(.*\)$/extern char \1;/p'\'''
lt_cv_sys_max_cmd_len=1572864

## ----------------- ##
## Output variables. ##
## ----------------- ##

ACLOCAL='${SHELL} /home/terminator-128/Documents/os/Stanford_CS140/binutils-2.35/missing aclocal-1.15'
AMDEPBACKSLASH='\'
AMDEP_FALSE='#'
AMDEP_TRUE=''
AMTAR='$${TAR-tar}'
AM_BACKSLASH='\'
AM_DEFAULT_V='$(AM_DEFAULT_VERBOSITY)'
AM_DEFAULT_VERBOSITY='1'
AM_V='$(V)'
AR='ar'
AUTOCONF='${SHELL} /home/terminator-128/Documents/os/Stanford_CS140/binutils-2.35/missing autoconf'
AUTOHEADER='${SHELL} /home/terminator-128/Documents/os/Stanford_CS140/binutils-2.35/missing autoheader'
AUTOMAKE='${SHELL} /home/terminator-128/Documents/os/Stanford_CS140/binutils-2.35/missing automake-1.15'
AWK='mawk'
CC='gcc'
CCDEPMODE='depmode=gcc3'
CFLAGS='-g -O2'
COMPPATH='.'
CPP='gcc -E'
CPPFLAGS=''
CYGPATH_W='echo'
DEFS='-DPACKAGE_NAME=\"zlib\" -DPACKAGE_TARNAME=\"zlib\" -DPACKAGE_VERSION=\"1.1.4\" -DPACKAGE_STRING=\"zlib\ 1.1.4\" -DPACKAGE_BUGREPORT=\"\" -DPACKAGE_URL=\"\" -DPACKAGE=\"zlib\" -DVERSION=\"1.1.4\" -DSTDC_HEADERS=1 -DHAVE_SYS_TYPES_H=1 -DHAVE_SYS_STAT_H=1 -DHAVE_STDLIB_H=1 -DHAVE_STRING_H=1 -DHAVE_MEMORY_H=1 -DHAVE_STRINGS_H=1 -DHAVE_INTTYPES_H=1 -DHAVE_STDINT_H=1 -DHAVE_UNISTD_H=1 -DHAVE_DLFCN_H=1 -DLT_OBJDIR=\".libs/\" -DHAVE_STDLIB_H=1 -DHAVE_UNISTD_H=1 -DHAVE_SYS_PARAM_H=1 -DHAVE_GETPAGESIZE=1 -DHAVE_MMAP=1 -DHAVE_MEMCPY=1 -DHAVE_STRERROR=1 -DHAVE_UNISTD_H=1'
DEPDIR='.deps'
DSYMUTIL=''
DUMPBIN=''
ECHO_C=''
ECHO_N='-n'
ECHO_T=''
EGREP='/usr/bin/grep -E'
EXEEXT=''
FGREP='/usr/bin/grep -F'
GREP='/usr/bin/grep'
INSTALL_DATA='/usr/bin/install -c -m 644'
INSTALL_PROGRAM='/usr/bin/install -c'
INSTALL_SCRIPT='/usr/bin/install -c'
INSTALL_STRIP_PROGRAM='$(install_sh) -c -s'
LD='ld -m elf_x86_64'
LDFLAGS=' '
LIBOBJS=''
LIBS=''
LIBTOOL='$(SHELL) $(top_builddir)/libtool'
LIPO=''
LN_S='ln -s'
LTLIBOBJS=''
MAINT='#'
MAINTAINER_MODE_FALSE=''
MAINTAINER_MODE_TRUE='#'
MAKEINFO='makeinfo --split-size=5000000'
MKDIR_P='/usr/bin/mkdir -p'
NM='nm'
NMEDIT=''
OBJDUMP='objdump'
OBJEXT='o'
OTOOL64=''
OTOOL=''
PACKAGE='zlib'
PACKAGE_BUGREPORT=''
PACKAGE_NAME='zlib'
PACKAGE_STRING='zlib 1.1.4'
PACKAGE_TARNAME='zlib'
PACKAGE_URL=''
PACKAGE_VERSION='1.1.4'
PATH_SEPARATOR=':'
PICFLAG=''
RANLIB='ranlib'
SED='/usr/bin/sed'
SET_MAKE=''
SHELL='/bin/bash'
STRIP='strip'
TARGET_LIBRARY_FALSE=''
TARGET_LIBRARY_TRUE='#'
VERSION='1.1.4'
ac_ct_CC=''
ac_ct_DUMPBIN=''
am__EXEEXT_FALSE=''
am__EXEEXT_TRUE='#'
am__fastdepCC_FALSE='#'
am__fastdepCC_TRUE=''
am__include='include'
am__isrc=''
am__leading_dot='.'
am__nodep='_no'
am__quote=''
am__tar='$${TAR-tar} chof - "$$tardir"'
am__untar='$${TAR-tar} xf -'
bindir='${exec_prefix}/bin'
build='x86_64-pc-linux-gnu'
build_alias='x86_64-pc-linux-gnu'
build_cpu='x86_64'
build_os='linux-gnu'
build_vendor='pc'
datadir='${datarootdir}'
datarootdir='${prefix}/share'
docdir='${datarootdir}/doc/${PACKAGE_TARNAME}'
dvidir='${docdir}'
exec_prefix='${prefix}'
host='x86_64-pc-linux-gnu'
host_alias='x86_64-pc-linux-gnu'
host_cpu='x86_64'
host_os='linux-gnu'
host_vendor='pc'
htmldir='${docdir}'
includedir='${prefix}/include'
infodir='${datarootdir}/info'
install_sh='${SHELL} /home/terminator-128/Documents/os/Stanford_CS140/binutils-2.35/install-sh'
libdir='${exec_prefix}/lib'
libexecdir='${exec_prefix}/libexec'
localedir='${datarootdir}/locale'
localstatedir='${prefix}/var'
mandir='${datarootdir}/man'
mkdir_p='$(MKDIR_P)'
mkinstalldirs='/home/terminator-128/Documents/os/Stanford_CS140/binutils-2.35/mkinstalldirs'
multi_basedir=''
oldincludedir='/usr/include'
pdfdir='${docdir}'
prefix='/usr/local'
program_transform_name='s&^&i386-elf-&'
psdir='${docdir}'
sbindir='${exec_prefix}/sbin'
sharedstatedir='${prefix}/com'
sysconfdir='${prefix}/etc'
target='i386-pc-elf'
target_alias='i386-elf'
target_all='libzgcj.la'
target_cpu='i386'
target_os='elf'
target_vendor='pc'
toolexecdir='$(libdir)/gcc-lib/$(target_alias)'
toolexeclibdir='$(libdir)/../lib'

## ----------- ##
## confdefs.h. ##
## ----------- ##

/* confdefs.h */
#define PACKAGE_NAME "zlib"
#define PACKAGE_TARNAME "zlib"
#define PACKAGE_VERSION "1.1.4"
#define PACKAGE_STRING "zlib 1.1.4"
#define PACKAGE_BUGREPORT ""
#define PACKAGE_URL ""
#define PACKAGE "zlib"
#define VERSION "1.1.4"
#define STDC_HEADERS 1
#define HAVE_SYS_TYPES_H 1
#define HAVE_SYS_STAT_H 1
#define HAVE_STDLIB_H 1
#define HAVE_STRING_H 1
#define HAVE_MEMORY_H 1
#define HAVE_STRINGS_H 1
#define HAVE_INTTYPES_H 1
#define HAVE_STDINT_H 1
#define HAVE_UNISTD_H 1
#define HAVE_DLFCN_H 1
#define LT_OBJDIR ".libs/"
#define HAVE_STDLIB_H 1
#define HAVE_UNISTD_H 1
#define HAVE_SYS_PARAM_H 1
#define HAVE_GETPAGESIZE 1
#define HAVE_MMAP 1
#define HAVE_MEMCPY 1
#define HAVE_STRERROR 1
#define HAVE_UNISTD_H 1

configure: exit 0
