This file contains any messages produced by compilers while
running configure, to aid debugging if configure makes a mistake.

It was created by bfd configure 2.35, which was
generated by GNU Autoconf 2.69.  Invocation command line was

  $ /home/terminator-128/Documents/os/Stanford_CS140/binutils-2.35/bfd/configure --srcdir=.././bfd --cache-file=./config.cache --with-gnu-as --with-gnu-ld --prefix=/usr/local --disable-werror --program-transform-name=s&^&i386-elf-& --disable-option-checking --build=x86_64-pc-linux-gnu --host=x86_64-pc-linux-gnu --target=i386-elf

## --------- ##
## Platform. ##
## --------- ##

hostname = ubuntu
uname -m = x86_64
uname -r = 5.4.0-47-generic
uname -s = Linux
uname -v = #51-Ubuntu SMP Fri Sep 4 19:50:52 UTC 2020

/usr/bin/uname -p = x86_64
/bin/uname -X     = unknown

/bin/arch              = x86_64
/usr/bin/arch -k       = unknown
/usr/convex/getsysinfo = unknown
/usr/bin/hostinfo      = unknown
/bin/machine           = unknown
/usr/bin/oslevel       = unknown
/bin/universe          = unknown

PATH: /usr/local/sbin
PATH: /usr/local/bin
PATH: /usr/sbin
PATH: /usr/bin
PATH: /sbin
PATH: /bin
PATH: /usr/games
PATH: /usr/local/games
PATH: /snap/bin


## ----------- ##
## Core tests. ##
## ----------- ##

configure:2503: loading cache ./config.cache
configure:2625: checking build system type
configure:2639: result: x86_64-pc-linux-gnu
configure:2659: checking host system type
configure:2672: result: x86_64-pc-linux-gnu
configure:2692: checking target system type
configure:2705: result: i386-pc-elf
configure:2742: checking for x86_64-pc-linux-gnu-gcc
configure:2769: result: gcc
configure:3038: checking for C compiler version
configure:3047: gcc --version >&5
gcc (Ubuntu 9.3.0-17ubuntu1~20.04) 9.3.0
Copyright (C) 2019 Free Software Foundation, Inc.
This is free software; see the source for copying conditions.  There is NO
warranty; not even for MERCHANTABILITY or FITNESS FOR A PARTICULAR PURPOSE.

configure:3058: $? = 0
configure:3047: gcc -v >&5
Using built-in specs.
COLLECT_GCC=gcc
COLLECT_LTO_WRAPPER=/usr/lib/gcc/x86_64-linux-gnu/9/lto-wrapper
OFFLOAD_TARGET_NAMES=nvptx-none:hsa
OFFLOAD_TARGET_DEFAULT=1
Target: x86_64-linux-gnu
Configured with: ../src/configure -v --with-pkgversion='Ubuntu 9.3.0-17ubuntu1~20.04' --with-bugurl=file:///usr/share/doc/gcc-9/README.Bugs --enable-languages=c,ada,c++,go,brig,d,fortran,objc,obj-c++,gm2 --prefix=/usr --with-gcc-major-version-only --program-suffix=-9 --program-prefix=x86_64-linux-gnu- --enable-shared --enable-linker-build-id --libexecdir=/usr/lib --without-included-gettext --enable-threads=posix --libdir=/usr/lib --enable-nls --enable-clocale=gnu --enable-libstdcxx-debug --enable-libstdcxx-time=yes --with-default-libstdcxx-abi=new --enable-gnu-unique-object --disable-vtable-verify --enable-plugin --enable-default-pie --with-system-zlib --with-target-system-zlib=auto --enable-objc-gc=auto --enable-multiarch --disable-werror --with-arch-32=i686 --with-abi=m64 --with-multilib-list=m32,m64,mx32 --enable-multilib --with-tune=generic --enable-offload-targets=nvptx-none=/build/gcc-9-HskZEa/gcc-9-9.3.0/debian/tmp-nvptx/usr,hsa --without-cuda-driver --enable-checking=release --build=x86_64-linux-gnu --host=x86_64-linux-gnu --target=x86_64-linux-gnu
Thread model: posix
gcc version 9.3.0 (Ubuntu 9.3.0-17ubuntu1~20.04) 
configure:3058: $? = 0
configure:3047: gcc -V >&5
gcc: error: unrecognized command line option '-V'
gcc: fatal error: no input files
compilation terminated.
configure:3058: $? = 1
configure:3047: gcc -qversion >&5
gcc: error: unrecognized command line option '-qversion'; did you mean '--version'?
gcc: fatal error: no input files
compilation terminated.
configure:3058: $? = 1
configure:3078: checking whether the C compiler works
configure:3100: gcc -g -O2    conftest.c  >&5
configure:3104: $? = 0
configure:3152: result: yes
configure:3155: checking for C compiler default output file name
configure:3157: result: a.out
configure:3163: checking for suffix of executables
configure:3170: gcc -o conftest -g -O2    conftest.c  >&5
configure:3174: $? = 0
configure:3196: result: 
configure:3218: checking whether we are cross compiling
configure:3226: gcc -o conftest -g -O2    conftest.c  >&5
configure:3230: $? = 0
configure:3237: ./conftest
configure:3241: $? = 0
configure:3229: result: no
configure:3234: checking for suffix of object files
configure:3281: result: o
configure:3285: checking whether we are using the GNU C compiler
configure:3313: result: yes
configure:3322: checking whether gcc accepts -g
configure:3383: result: yes
configure:3400: checking for gcc option to accept ISO C89
configure:3476: result: none needed
configure:3501: checking whether gcc understands -c and -o together
configure:3538: result: yes
configure:3556: checking for library containing strerror
configure:3604: result: none required
configure:3629: checking for a BSD-compatible install
configure:3697: result: /usr/bin/install -c
configure:3708: checking whether build environment is sane
configure:3763: result: yes
configure:3909: checking for a thread-safe mkdir -p
configure:3948: result: /usr/bin/mkdir -p
configure:3955: checking for gawk
configure:3982: result: mawk
configure:3993: checking whether make sets $(MAKE)
configure:4015: result: yes
configure:4045: checking for style of include used by make
configure:4073: result: GNU
configure:4107: checking whether make supports nested variables
configure:4124: result: yes
configure:4209: checking dependency style of gcc
configure:4320: result: gcc3
configure:4382: checking for x86_64-pc-linux-gnu-ar
configure:4409: result: ar
configure:4474: checking for x86_64-pc-linux-gnu-ranlib
configure:4501: result: ranlib
configure:4604: checking for x86_64-pc-linux-gnu-gcc
configure:4631: result: gcc
configure:4900: checking for C compiler version
configure:4909: gcc --version >&5
gcc (Ubuntu 9.3.0-17ubuntu1~20.04) 9.3.0
Copyright (C) 2019 Free Software Foundation, Inc.
This is free software; see the source for copying conditions.  There is NO
warranty; not even for MERCHANTABILITY or FITNESS FOR A PARTICULAR PURPOSE.

configure:4920: $? = 0
configure:4909: gcc -v >&5
Using built-in specs.
COLLECT_GCC=gcc
COLLECT_LTO_WRAPPER=/usr/lib/gcc/x86_64-linux-gnu/9/lto-wrapper
OFFLOAD_TARGET_NAMES=nvptx-none:hsa
OFFLOAD_TARGET_DEFAULT=1
Target: x86_64-linux-gnu
Configured with: ../src/configure -v --with-pkgversion='Ubuntu 9.3.0-17ubuntu1~20.04' --with-bugurl=file:///usr/share/doc/gcc-9/README.Bugs --enable-languages=c,ada,c++,go,brig,d,fortran,objc,obj-c++,gm2 --prefix=/usr --with-gcc-major-version-only --program-suffix=-9 --program-prefix=x86_64-linux-gnu- --enable-shared --enable-linker-build-id --libexecdir=/usr/lib --without-included-gettext --enable-threads=posix --libdir=/usr/lib --enable-nls --enable-clocale=gnu --enable-libstdcxx-debug --enable-libstdcxx-time=yes --with-default-libstdcxx-abi=new --enable-gnu-unique-object --disable-vtable-verify --enable-plugin --enable-default-pie --with-system-zlib --with-target-system-zlib=auto --enable-objc-gc=auto --enable-multiarch --disable-werror --with-arch-32=i686 --with-abi=m64 --with-multilib-list=m32,m64,mx32 --enable-multilib --with-tune=generic --enable-offload-targets=nvptx-none=/build/gcc-9-HskZEa/gcc-9-9.3.0/debian/tmp-nvptx/usr,hsa --without-cuda-driver --enable-checking=release --build=x86_64-linux-gnu --host=x86_64-linux-gnu --target=x86_64-linux-gnu
Thread model: posix
gcc version 9.3.0 (Ubuntu 9.3.0-17ubuntu1~20.04) 
configure:4920: $? = 0
configure:4909: gcc -V >&5
gcc: error: unrecognized command line option '-V'
gcc: fatal error: no input files
compilation terminated.
configure:4920: $? = 1
configure:4909: gcc -qversion >&5
gcc: error: unrecognized command line option '-qversion'; did you mean '--version'?
gcc: fatal error: no input files
compilation terminated.
configure:4920: $? = 1
configure:4924: checking whether we are using the GNU C compiler
configure:4952: result: yes
configure:4961: checking whether gcc accepts -g
configure:5022: result: yes
configure:5039: checking for gcc option to accept ISO C89
configure:5115: result: none needed
configure:5140: checking whether gcc understands -c and -o together
configure:5177: result: yes
configure:5199: checking how to run the C preprocessor
configure:5269: result: gcc -E
configure:5289: gcc -E  conftest.c
configure:5289: $? = 0
configure:5303: gcc -E  conftest.c
conftest.c:11:10: fatal error: ac_nonexistent.h: No such file or directory
   11 | #include <ac_nonexistent.h>
      |          ^~~~~~~~~~~~~~~~~~
compilation terminated.
configure:5303: $? = 1
configure: failed program was:
| /* confdefs.h */
| #define PACKAGE_NAME "bfd"
| #define PACKAGE_TARNAME "bfd"
| #define PACKAGE_VERSION "2.35"
| #define PACKAGE_STRING "bfd 2.35"
| #define PACKAGE_BUGREPORT ""
| #define PACKAGE_URL ""
| #define PACKAGE "bfd"
| #define VERSION "2.35"
| /* end confdefs.h.  */
| #include <ac_nonexistent.h>
configure:5332: checking for grep that handles long lines and -e
configure:5390: result: /usr/bin/grep
configure:5395: checking for egrep
configure:5457: result: /usr/bin/grep -E
configure:5462: checking for ANSI C header files
configure:5566: result: yes
configure:5579: checking for sys/types.h
configure:5579: result: yes
configure:5579: checking for sys/stat.h
configure:5579: result: yes
configure:5579: checking for stdlib.h
configure:5579: result: yes
configure:5579: checking for string.h
configure:5579: result: yes
configure:5579: checking for memory.h
configure:5579: result: yes
configure:5579: checking for strings.h
configure:5579: result: yes
configure:5579: checking for inttypes.h
configure:5579: result: yes
configure:5579: checking for stdint.h
configure:5579: result: yes
configure:5579: checking for unistd.h
configure:5579: result: yes
configure:5592: checking for minix/config.h
configure:5592: result: no
configure:5613: checking whether it is safe to define __EXTENSIONS__
configure:5638: result: yes
configure:5701: checking how to print strings
configure:5728: result: printf
configure:5749: checking for a sed that does not truncate output
configure:5813: result: /usr/bin/sed
configure:5831: checking for fgrep
configure:5893: result: /usr/bin/grep -F
configure:5928: checking for ld used by gcc
configure:5995: result: ld
configure:6002: checking if the linker (ld) is GNU ld
configure:6017: result: yes
configure:6029: checking for BSD- or MS-compatible name lister (nm)
configure:6078: result: nm
configure:6208: checking the name lister (nm) interface
configure:6228: result: BSD nm
configure:6231: checking whether ln -s works
configure:6235: result: yes
configure:6243: checking the maximum length of command line arguments
configure:6368: result: 1572864
configure:6385: checking whether the shell understands some XSI constructs
configure:6394: result: yes
configure:6398: checking whether the shell understands "+="
configure:6402: result: yes
configure:6437: checking for ld option to reload object files
configure:6444: result: -r
configure:6473: checking for x86_64-pc-linux-gnu-objdump
configure:6500: result: objdump
configure:6572: checking how to recognize dependent libraries
configure:6773: result: pass_all
configure:6793: checking for x86_64-pc-linux-gnu-ar
configure:6820: result: ar
configure:6898: checking for x86_64-pc-linux-gnu-strip
configure:6928: result: no
configure:6938: checking for strip
configure:6965: result: strip
configure:6997: checking for x86_64-pc-linux-gnu-ranlib
configure:7024: result: ranlib
configure:7166: checking command to parse nm output from gcc object
configure:7389: result: ok
configure:7484: gcc -c -g -O2  conftest.c >&5
configure:7487: $? = 0
configure:8237: checking for dlfcn.h
configure:8237: result: yes
configure:8393: checking for objdir
configure:8408: result: .libs
configure:8679: checking if gcc supports -fno-rtti -fno-exceptions
configure:8714: result: no
configure:8734: checking for gcc option to produce PIC
configure:9020: result: -fPIC -DPIC
configure:9032: checking if gcc PIC flag -fPIC -DPIC works
configure:9067: result: yes
configure:9091: checking if gcc static flag -static works
configure:9119: result: yes
configure:9134: checking if gcc supports -c -o file.o
configure:9181: result: yes
configure:9189: checking if gcc supports -c -o file.o
configure:9236: result: yes
configure:9269: checking whether the gcc linker (ld -m elf_x86_64) supports shared libraries
configure:10340: result: yes
configure:10585: checking dynamic linker characteristics
configure:11258: result: GNU/Linux ld.so
configure:11365: checking how to hardcode library paths into programs
configure:11390: result: immediate
configure:11484: checking for shl_load
configure:11484: result: no
configure:11488: checking for shl_load in -ldld
configure:11522: result: no
configure:11527: checking for dlopen
configure:11527: result: no
configure:11531: checking for dlopen in -ldl
configure:11565: result: yes
configure:11684: checking whether a program can dlopen itself
configure:11785: result: yes
configure:11790: checking whether a statically linked program can dlopen itself
configure:11891: result: no
configure:11930: checking whether stripping libraries is possible
configure:11935: result: yes
configure:11970: checking if libtool supports shared libraries
configure:11972: result: yes
configure:11975: checking whether to build shared libraries
configure:11996: result: no
configure:11999: checking whether to build static libraries
configure:12003: result: yes
configure:12053: checking for dlfcn.h
configure:12053: result: yes
configure:12066: checking for windows.h
configure:12066: result: no
configure:12093: checking for library containing dlsym
configure:12141: result: -ldl
configure:12172: checking for special C compiler options needed for large files
configure:12217: result: no
configure:12223: checking for _FILE_OFFSET_BITS value needed for large files
configure:12280: result: no
configure:12717: checking whether to enable maintainer-specific portions of Makefiles
configure:12726: result: no
configure:12762: checking whether to install libbfd
configure:12775: result: no
configure:12825: checking whether NLS is requested
configure:12831: result: yes
configure:12837: checking for catalogs to be installed
configure:12869: result:  da es fi fr hr id ja pt ro ru rw sr sv tr uk vi zh_CN da es fi fr hr id ja pt ro ru rw sr sv tr uk vi zh_CN
configure:12896: checking whether NLS is requested
configure:12905: result: yes
configure:12943: checking for msgfmt
configure:12974: result: /usr/bin/msgfmt
configure:12983: checking for gmsgfmt
configure:13014: result: /usr/bin/msgfmt
configure:13054: checking for xgettext
configure:13085: result: /usr/bin/xgettext
configure:13125: checking for msgmerge
configure:13155: result: /usr/bin/msgmerge
configure:13205: checking for long double
configure:13238: result: yes
configure:13246: checking for long long
configure:13246: result: yes
configure:13257: checking size of long long
configure:13276: result: 8
configure:13292: checking size of void *
configure:13311: result: 8
configure:13325: checking size of long
configure:13344: result: 8
configure:13358: checking size of int
configure:13377: result: 4
configure:13459: checking for alloca.h
configure:13459: result: yes
configure:13459: checking for stddef.h
configure:13459: result: yes
configure:13459: checking for string.h
configure:13459: result: yes
configure:13459: checking for strings.h
configure:13459: result: yes
configure:13459: checking for stdlib.h
configure:13459: result: yes
configure:13459: checking for time.h
configure:13459: result: yes
configure:13459: checking for unistd.h
configure:13459: result: yes
configure:13459: checking for wchar.h
configure:13459: result: yes
configure:13459: checking for wctype.h
configure:13459: result: yes
configure:13472: checking for fcntl.h
configure:13472: result: yes
configure:13472: checking for sys/file.h
configure:13472: result: yes
configure:13472: checking for sys/time.h
configure:13472: result: yes
configure:13472: checking for sys/stat.h
configure:13472: result: yes
configure:13472: checking for sys/resource.h
configure:13472: result: yes
configure:13495: checking for uintmax_t
configure:13495: gcc -c -g -O2  conftest.c >&5
configure:13495: $? = 0
configure:13495: gcc -c -g -O2  conftest.c >&5
conftest.c: In function 'main':
conftest.c:58:24: error: expected expression before ')' token
   58 | if (sizeof ((uintmax_t)))
      |                        ^
configure:13495: $? = 1
configure: failed program was:
| /* confdefs.h */
| #define PACKAGE_NAME "bfd"
| #define PACKAGE_TARNAME "bfd"
| #define PACKAGE_VERSION "2.35"
| #define PACKAGE_STRING "bfd 2.35"
| #define PACKAGE_BUGREPORT ""
| #define PACKAGE_URL ""
| #define PACKAGE "bfd"
| #define VERSION "2.35"
| #define STDC_HEADERS 1
| #define HAVE_SYS_TYPES_H 1
| #define HAVE_SYS_STAT_H 1
| #define HAVE_STDLIB_H 1
| #define HAVE_STRING_H 1
| #define HAVE_MEMORY_H 1
| #define HAVE_STRINGS_H 1
| #define HAVE_INTTYPES_H 1
| #define HAVE_STDINT_H 1
| #define HAVE_UNISTD_H 1
| #define __EXTENSIONS__ 1
| #define _ALL_SOURCE 1
| #define _GNU_SOURCE 1
| #define _POSIX_PTHREAD_SEMANTICS 1
| #define _TANDEM_SOURCE 1
| #define HAVE_DLFCN_H 1
| #define LT_OBJDIR ".libs/"
| #define HAVE_DLFCN_H 1
| #define USE_SECUREPLT 1
| #define DEFAULT_LD_Z_SEPARATE_CODE 0
| #define ENABLE_NLS 1
| #define HAVE_LONG_DOUBLE 1
| #define HAVE_LONG_LONG 1
| #define SIZEOF_LONG_LONG 8
| #define SIZEOF_VOID_P 8
| #define SIZEOF_LONG 8
| #define SIZEOF_INT 4
| #define HAVE_ALLOCA_H 1
| #define HAVE_STDDEF_H 1
| #define HAVE_STRING_H 1
| #define HAVE_STRINGS_H 1
| #define HAVE_STDLIB_H 1
| #define HAVE_TIME_H 1
| #define HAVE_UNISTD_H 1
| #define HAVE_WCHAR_H 1
| #define HAVE_WCTYPE_H 1
| #define HAVE_FCNTL_H 1
| #define HAVE_SYS_FILE_H 1
| #define HAVE_SYS_TIME_H 1
| #define HAVE_SYS_STAT_H 1
| #define HAVE_SYS_RESOURCE_H 1
| /* end confdefs.h.  */
| #include <sys/types.h>
| #include <stdint.h>
| 
| int
| main ()
| {
| if (sizeof ((uintmax_t)))
| 	    return 0;
|   ;
|   return 0;
| }
configure:13495: result: yes
configure:13504: checking for uintptr_t
configure:13504: gcc -c -g -O2  conftest.c >&5
configure:13504: $? = 0
configure:13504: gcc -c -g -O2  conftest.c >&5
conftest.c: In function 'main':
conftest.c:58:24: error: expected expression before ')' token
   58 | if (sizeof ((uintptr_t)))
      |                        ^
configure:13504: $? = 1
configure: failed program was:
| /* confdefs.h */
| #define PACKAGE_NAME "bfd"
| #define PACKAGE_TARNAME "bfd"
| #define PACKAGE_VERSION "2.35"
| #define PACKAGE_STRING "bfd 2.35"
| #define PACKAGE_BUGREPORT ""
| #define PACKAGE_URL ""
| #define PACKAGE "bfd"
| #define VERSION "2.35"
| #define STDC_HEADERS 1
| #define HAVE_SYS_TYPES_H 1
| #define HAVE_SYS_STAT_H 1
| #define HAVE_STDLIB_H 1
| #define HAVE_STRING_H 1
| #define HAVE_MEMORY_H 1
| #define HAVE_STRINGS_H 1
| #define HAVE_INTTYPES_H 1
| #define HAVE_STDINT_H 1
| #define HAVE_UNISTD_H 1
| #define __EXTENSIONS__ 1
| #define _ALL_SOURCE 1
| #define _GNU_SOURCE 1
| #define _POSIX_PTHREAD_SEMANTICS 1
| #define _TANDEM_SOURCE 1
| #define HAVE_DLFCN_H 1
| #define LT_OBJDIR ".libs/"
| #define HAVE_DLFCN_H 1
| #define USE_SECUREPLT 1
| #define DEFAULT_LD_Z_SEPARATE_CODE 0
| #define ENABLE_NLS 1
| #define HAVE_LONG_DOUBLE 1
| #define HAVE_LONG_LONG 1
| #define SIZEOF_LONG_LONG 8
| #define SIZEOF_VOID_P 8
| #define SIZEOF_LONG 8
| #define SIZEOF_INT 4
| #define HAVE_ALLOCA_H 1
| #define HAVE_STDDEF_H 1
| #define HAVE_STRING_H 1
| #define HAVE_STRINGS_H 1
| #define HAVE_STDLIB_H 1
| #define HAVE_TIME_H 1
| #define HAVE_UNISTD_H 1
| #define HAVE_WCHAR_H 1
| #define HAVE_WCTYPE_H 1
| #define HAVE_FCNTL_H 1
| #define HAVE_SYS_FILE_H 1
| #define HAVE_SYS_TIME_H 1
| #define HAVE_SYS_STAT_H 1
| #define HAVE_SYS_RESOURCE_H 1
| /* end confdefs.h.  */
| #include <sys/types.h>
| #include <stdint.h>
| 
| int
| main ()
| {
| if (sizeof ((uintptr_t)))
| 	    return 0;
|   ;
|   return 0;
| }
configure:13504: result: yes
configure:13513: checking for int_least32_t
configure:13513: gcc -c -g -O2  conftest.c >&5
configure:13513: $? = 0
configure:13513: gcc -c -g -O2  conftest.c >&5
conftest.c: In function 'main':
conftest.c:58:28: error: expected expression before ')' token
   58 | if (sizeof ((int_least32_t)))
      |                            ^
configure:13513: $? = 1
configure: failed program was:
| /* confdefs.h */
| #define PACKAGE_NAME "bfd"
| #define PACKAGE_TARNAME "bfd"
| #define PACKAGE_VERSION "2.35"
| #define PACKAGE_STRING "bfd 2.35"
| #define PACKAGE_BUGREPORT ""
| #define PACKAGE_URL ""
| #define PACKAGE "bfd"
| #define VERSION "2.35"
| #define STDC_HEADERS 1
| #define HAVE_SYS_TYPES_H 1
| #define HAVE_SYS_STAT_H 1
| #define HAVE_STDLIB_H 1
| #define HAVE_STRING_H 1
| #define HAVE_MEMORY_H 1
| #define HAVE_STRINGS_H 1
| #define HAVE_INTTYPES_H 1
| #define HAVE_STDINT_H 1
| #define HAVE_UNISTD_H 1
| #define __EXTENSIONS__ 1
| #define _ALL_SOURCE 1
| #define _GNU_SOURCE 1
| #define _POSIX_PTHREAD_SEMANTICS 1
| #define _TANDEM_SOURCE 1
| #define HAVE_DLFCN_H 1
| #define LT_OBJDIR ".libs/"
| #define HAVE_DLFCN_H 1
| #define USE_SECUREPLT 1
| #define DEFAULT_LD_Z_SEPARATE_CODE 0
| #define ENABLE_NLS 1
| #define HAVE_LONG_DOUBLE 1
| #define HAVE_LONG_LONG 1
| #define SIZEOF_LONG_LONG 8
| #define SIZEOF_VOID_P 8
| #define SIZEOF_LONG 8
| #define SIZEOF_INT 4
| #define HAVE_ALLOCA_H 1
| #define HAVE_STDDEF_H 1
| #define HAVE_STRING_H 1
| #define HAVE_STRINGS_H 1
| #define HAVE_STDLIB_H 1
| #define HAVE_TIME_H 1
| #define HAVE_UNISTD_H 1
| #define HAVE_WCHAR_H 1
| #define HAVE_WCTYPE_H 1
| #define HAVE_FCNTL_H 1
| #define HAVE_SYS_FILE_H 1
| #define HAVE_SYS_TIME_H 1
| #define HAVE_SYS_STAT_H 1
| #define HAVE_SYS_RESOURCE_H 1
| /* end confdefs.h.  */
| #include <sys/types.h>
| #include <stdint.h>
| 
| int
| main ()
| {
| if (sizeof ((int_least32_t)))
| 	    return 0;
|   ;
|   return 0;
| }
configure:13513: result: yes
configure:13522: checking for int_fast32_t
configure:13522: gcc -c -g -O2  conftest.c >&5
configure:13522: $? = 0
configure:13522: gcc -c -g -O2  conftest.c >&5
conftest.c: In function 'main':
conftest.c:58:27: error: expected expression before ')' token
   58 | if (sizeof ((int_fast32_t)))
      |                           ^
configure:13522: $? = 1
configure: failed program was:
| /* confdefs.h */
| #define PACKAGE_NAME "bfd"
| #define PACKAGE_TARNAME "bfd"
| #define PACKAGE_VERSION "2.35"
| #define PACKAGE_STRING "bfd 2.35"
| #define PACKAGE_BUGREPORT ""
| #define PACKAGE_URL ""
| #define PACKAGE "bfd"
| #define VERSION "2.35"
| #define STDC_HEADERS 1
| #define HAVE_SYS_TYPES_H 1
| #define HAVE_SYS_STAT_H 1
| #define HAVE_STDLIB_H 1
| #define HAVE_STRING_H 1
| #define HAVE_MEMORY_H 1
| #define HAVE_STRINGS_H 1
| #define HAVE_INTTYPES_H 1
| #define HAVE_STDINT_H 1
| #define HAVE_UNISTD_H 1
| #define __EXTENSIONS__ 1
| #define _ALL_SOURCE 1
| #define _GNU_SOURCE 1
| #define _POSIX_PTHREAD_SEMANTICS 1
| #define _TANDEM_SOURCE 1
| #define HAVE_DLFCN_H 1
| #define LT_OBJDIR ".libs/"
| #define HAVE_DLFCN_H 1
| #define USE_SECUREPLT 1
| #define DEFAULT_LD_Z_SEPARATE_CODE 0
| #define ENABLE_NLS 1
| #define HAVE_LONG_DOUBLE 1
| #define HAVE_LONG_LONG 1
| #define SIZEOF_LONG_LONG 8
| #define SIZEOF_VOID_P 8
| #define SIZEOF_LONG 8
| #define SIZEOF_INT 4
| #define HAVE_ALLOCA_H 1
| #define HAVE_STDDEF_H 1
| #define HAVE_STRING_H 1
| #define HAVE_STRINGS_H 1
| #define HAVE_STDLIB_H 1
| #define HAVE_TIME_H 1
| #define HAVE_UNISTD_H 1
| #define HAVE_WCHAR_H 1
| #define HAVE_WCTYPE_H 1
| #define HAVE_FCNTL_H 1
| #define HAVE_SYS_FILE_H 1
| #define HAVE_SYS_TIME_H 1
| #define HAVE_SYS_STAT_H 1
| #define HAVE_SYS_RESOURCE_H 1
| /* end confdefs.h.  */
| #include <sys/types.h>
| #include <stdint.h>
| 
| int
| main ()
| {
| if (sizeof ((int_fast32_t)))
| 	    return 0;
|   ;
|   return 0;
| }
configure:13522: result: yes
configure:13531: checking for uint64_t
configure:13531: gcc -c -g -O2  conftest.c >&5
configure:13531: $? = 0
configure:13531: gcc -c -g -O2  conftest.c >&5
conftest.c: In function 'main':
conftest.c:58:23: error: expected expression before ')' token
   58 | if (sizeof ((uint64_t)))
      |                       ^
configure:13531: $? = 1
configure: failed program was:
| /* confdefs.h */
| #define PACKAGE_NAME "bfd"
| #define PACKAGE_TARNAME "bfd"
| #define PACKAGE_VERSION "2.35"
| #define PACKAGE_STRING "bfd 2.35"
| #define PACKAGE_BUGREPORT ""
| #define PACKAGE_URL ""
| #define PACKAGE "bfd"
| #define VERSION "2.35"
| #define STDC_HEADERS 1
| #define HAVE_SYS_TYPES_H 1
| #define HAVE_SYS_STAT_H 1
| #define HAVE_STDLIB_H 1
| #define HAVE_STRING_H 1
| #define HAVE_MEMORY_H 1
| #define HAVE_STRINGS_H 1
| #define HAVE_INTTYPES_H 1
| #define HAVE_STDINT_H 1
| #define HAVE_UNISTD_H 1
| #define __EXTENSIONS__ 1
| #define _ALL_SOURCE 1
| #define _GNU_SOURCE 1
| #define _POSIX_PTHREAD_SEMANTICS 1
| #define _TANDEM_SOURCE 1
| #define HAVE_DLFCN_H 1
| #define LT_OBJDIR ".libs/"
| #define HAVE_DLFCN_H 1
| #define USE_SECUREPLT 1
| #define DEFAULT_LD_Z_SEPARATE_CODE 0
| #define ENABLE_NLS 1
| #define HAVE_LONG_DOUBLE 1
| #define HAVE_LONG_LONG 1
| #define SIZEOF_LONG_LONG 8
| #define SIZEOF_VOID_P 8
| #define SIZEOF_LONG 8
| #define SIZEOF_INT 4
| #define HAVE_ALLOCA_H 1
| #define HAVE_STDDEF_H 1
| #define HAVE_STRING_H 1
| #define HAVE_STRINGS_H 1
| #define HAVE_STDLIB_H 1
| #define HAVE_TIME_H 1
| #define HAVE_UNISTD_H 1
| #define HAVE_WCHAR_H 1
| #define HAVE_WCTYPE_H 1
| #define HAVE_FCNTL_H 1
| #define HAVE_SYS_FILE_H 1
| #define HAVE_SYS_TIME_H 1
| #define HAVE_SYS_STAT_H 1
| #define HAVE_SYS_RESOURCE_H 1
| /* end confdefs.h.  */
| #include <sys/types.h>
| #include <stdint.h>
| 
| int
| main ()
| {
| if (sizeof ((uint64_t)))
| 	    return 0;
|   ;
|   return 0;
| }
configure:13531: result: yes
configure:13612: checking what to include in bfd_stdint.h
configure:13640: result: stdint.h (already complete)
configure:13883: checking whether time.h and sys/time.h may both be included
configure:13910: result: yes
configure:13921: checking for dirent.h that defines DIR
configure:13948: result: yes
configure:13961: checking for library containing opendir
configure:14009: result: none required
configure:14077: checking whether string.h and strings.h may both be included
configure:14101: result: yes
configure:14112: checking for fcntl
configure:14112: result: yes
configure:14112: checking for getpagesize
configure:14112: result: yes
configure:14112: checking for setitimer
configure:14112: result: yes
configure:14112: checking for sysconf
configure:14112: result: yes
configure:14112: checking for fdopen
configure:14112: result: yes
configure:14112: checking for getuid
configure:14112: result: yes
configure:14112: checking for getgid
configure:14112: result: yes
configure:14112: checking for fileno
configure:14112: result: yes
configure:14112: checking for fls
configure:14112: result: no
configure:14124: checking for strtoull
configure:14124: result: yes
configure:14124: checking for getrlimit
configure:14124: result: yes
configure:14134: checking whether basename is declared
configure:14134: result: yes
configure:14145: checking whether ftello is declared
configure:14145: result: yes
configure:14156: checking whether ftello64 is declared
configure:14156: result: yes
configure:14167: checking whether fseeko is declared
configure:14167: result: yes
configure:14178: checking whether fseeko64 is declared
configure:14178: result: yes
configure:14198: checking whether ffs is declared
configure:14198: result: yes
configure:14209: checking whether free is declared
configure:14209: result: yes
configure:14220: checking whether getenv is declared
configure:14220: result: yes
configure:14231: checking whether malloc is declared
configure:14231: result: yes
configure:14242: checking whether realloc is declared
configure:14242: result: yes
configure:14253: checking whether stpcpy is declared
configure:14253: result: yes
configure:14264: checking whether strstr is declared
configure:14264: result: yes
configure:14275: checking whether asprintf is declared
configure:14275: result: yes
configure:14286: checking whether vasprintf is declared
configure:14286: result: yes
configure:14297: checking whether snprintf is declared
configure:14297: result: yes
configure:14308: checking whether vsnprintf is declared
configure:14308: result: yes
configure:14319: checking whether strnlen is declared
configure:14319: result: yes
configure:14353: checking compiler support for hidden visibility
configure:14378: result: yes
configure:14388: checking linker --as-needed support
configure:14399: result: yes
configure:14490: checking for cos in -lm
configure:14524: result: yes
configure:15037: checking for gcc version with buggy 64-bit support
configure:15050: result: no
configure:16106: checking for ftello
configure:16106: result: yes
configure:16106: checking for ftello64
configure:16106: result: yes
configure:16106: checking for fseeko
configure:16106: result: yes
configure:16106: checking for fseeko64
configure:16106: result: yes
configure:16106: checking for fopen64
configure:16106: result: yes
configure:16120: checking size of off_t
configure:16139: result: 8
configure:16150: checking file_ptr type
configure:16159: result: BFD_HOST_64_BIT
configure:16170: checking for stdlib.h
configure:16170: result: yes
configure:16170: checking for unistd.h
configure:16170: result: yes
configure:16170: checking for sys/param.h
configure:16170: result: yes
configure:16190: checking for getpagesize
configure:16190: result: yes
configure:16199: checking for working mmap
configure:16356: result: yes
configure:16368: checking for madvise
configure:16368: result: yes
configure:16368: checking for mprotect
configure:16368: result: yes
configure:16496: checking that generated files are newer than configure
configure:16502: result: done
configure:16541: creating ./config.status

## ---------------------- ##
## Running config.status. ##
## ---------------------- ##

This file was extended by bfd config.status 2.35, which was
generated by GNU Autoconf 2.69.  Invocation command line was

  CONFIG_FILES    = 
  CONFIG_HEADERS  = 
  CONFIG_LINKS    = 
  CONFIG_COMMANDS = 
  $ ./config.status 

on ubuntu

config.status:1240: creating Makefile
config.status:1240: creating doc/Makefile
config.status:1240: creating bfd-in3.h
config.status:1240: creating po/Makefile.in
config.status:1240: creating config.h
config.status:1421: config.h is unchanged
config.status:1469: executing depfiles commands
config.status:1469: executing libtool commands
config.status:1469: executing default-1 commands
config.status:1469: executing bfd_stdint.h commands
config.status:1469: executing default commands

## ---------------- ##
## Cache variables. ##
## ---------------- ##

ac_cv_build=x86_64-pc-linux-gnu
ac_cv_c_compiler_gnu=yes
ac_cv_env_CC_set=set
ac_cv_env_CC_value=gcc
ac_cv_env_CFLAGS_set=set
ac_cv_env_CFLAGS_value='-g -O2'
ac_cv_env_CPPFLAGS_set=
ac_cv_env_CPPFLAGS_value=
ac_cv_env_CPP_set=
ac_cv_env_CPP_value=
ac_cv_env_LDFLAGS_set=set
ac_cv_env_LDFLAGS_value=' '
ac_cv_env_LIBS_set=
ac_cv_env_LIBS_value=
ac_cv_env_build_alias_set=set
ac_cv_env_build_alias_value=x86_64-pc-linux-gnu
ac_cv_env_host_alias_set=set
ac_cv_env_host_alias_value=x86_64-pc-linux-gnu
ac_cv_env_target_alias_set=set
ac_cv_env_target_alias_value=i386-elf
ac_cv_func_dlopen=no
ac_cv_func_fcntl=yes
ac_cv_func_fdopen=yes
ac_cv_func_fileno=yes
ac_cv_func_fls=no
ac_cv_func_fopen64=yes
ac_cv_func_fseeko64=yes
ac_cv_func_fseeko=yes
ac_cv_func_ftello64=yes
ac_cv_func_ftello=yes
ac_cv_func_getgid=yes
ac_cv_func_getpagesize=yes
ac_cv_func_getrlimit=yes
ac_cv_func_getuid=yes
ac_cv_func_madvise=yes
ac_cv_func_mmap_fixed_mapped=yes
ac_cv_func_mprotect=yes
ac_cv_func_setitimer=yes
ac_cv_func_shl_load=no
ac_cv_func_strtoull=yes
ac_cv_func_sysconf=yes
ac_cv_have_decl_asprintf=yes
ac_cv_have_decl_basename=yes
ac_cv_have_decl_ffs=yes
ac_cv_have_decl_free=yes
ac_cv_have_decl_fseeko64=yes
ac_cv_have_decl_fseeko=yes
ac_cv_have_decl_ftello64=yes
ac_cv_have_decl_ftello=yes
ac_cv_have_decl_getenv=yes
ac_cv_have_decl_malloc=yes
ac_cv_have_decl_realloc=yes
ac_cv_have_decl_snprintf=yes
ac_cv_have_decl_stpcpy=yes
ac_cv_have_decl_strnlen=yes
ac_cv_have_decl_strstr=yes
ac_cv_have_decl_vasprintf=yes
ac_cv_have_decl_vsnprintf=yes
ac_cv_header_alloca_h=yes
ac_cv_header_dirent_dirent_h=yes
ac_cv_header_dlfcn_h=yes
ac_cv_header_fcntl_h=yes
ac_cv_header_inttypes_h=yes
ac_cv_header_memory_h=yes
ac_cv_header_minix_config_h=no
ac_cv_header_stdc=yes
ac_cv_header_stddef_h=yes
ac_cv_header_stdint_h=yes
ac_cv_header_stdlib_h=yes
ac_cv_header_string_h=yes
ac_cv_header_strings_h=yes
ac_cv_header_sys_file_h=yes
ac_cv_header_sys_param_h=yes
ac_cv_header_sys_resource_h=yes
ac_cv_header_sys_stat_h=yes
ac_cv_header_sys_time_h=yes
ac_cv_header_sys_types_h=yes
ac_cv_header_time=yes
ac_cv_header_time_h=yes
ac_cv_header_unistd_h=yes
ac_cv_header_wchar_h=yes
ac_cv_header_wctype_h=yes
ac_cv_header_windows_h=no
ac_cv_host=x86_64-pc-linux-gnu
ac_cv_lib_dl_dlopen=yes
ac_cv_lib_dld_shl_load=no
ac_cv_lib_m_cos=yes
ac_cv_objext=o
ac_cv_path_EGREP='/usr/bin/grep -E'
ac_cv_path_FGREP='/usr/bin/grep -F'
ac_cv_path_GMSGFMT=/usr/bin/msgfmt
ac_cv_path_GREP=/usr/bin/grep
ac_cv_path_MSGFMT=/usr/bin/msgfmt
ac_cv_path_MSGMERGE=/usr/bin/msgmerge
ac_cv_path_SED=/usr/bin/sed
ac_cv_path_XGETTEXT=/usr/bin/xgettext
ac_cv_path_mkdir=/usr/bin/mkdir
ac_cv_prog_AR=ar
ac_cv_prog_AWK=mawk
ac_cv_prog_CC=gcc
ac_cv_prog_CPP='gcc -E'
ac_cv_prog_OBJDUMP=objdump
ac_cv_prog_RANLIB=ranlib
ac_cv_prog_ac_ct_STRIP=strip
ac_cv_prog_cc_c89=
ac_cv_prog_cc_g=yes
ac_cv_prog_make_make_set=yes
ac_cv_safe_to_define___extensions__=yes
ac_cv_search_dlsym=-ldl
ac_cv_search_opendir='none required'
ac_cv_search_strerror='none required'
ac_cv_sizeof_int=4
ac_cv_sizeof_long=8
ac_cv_sizeof_long_long=8
ac_cv_sizeof_off_t=8
ac_cv_sizeof_void_p=8
ac_cv_sys_file_offset_bits=no
ac_cv_sys_largefile_CC=no
ac_cv_target=i386-pc-elf
ac_cv_type_int_fast32_t=yes
ac_cv_type_int_least32_t=yes
ac_cv_type_long_double=yes
ac_cv_type_long_long=yes
ac_cv_type_u_int64_t=no
ac_cv_type_uint64_t=yes
ac_cv_type_uintmax_t=yes
ac_cv_type_uintptr_t=yes
acx_cv_header_stdint=stdint.h
acx_cv_header_stdint_kind='(already complete)'
am_cv_CC_dependencies_compiler_type=gcc3
am_cv_make_support_nested_variables=yes
am_cv_prog_cc_c_o=yes
bfd_cv_hidden=yes
bfd_cv_ld_as_needed=yes
gcc_cv_header_string=yes
lt_cv_deplibs_check_method=pass_all
lt_cv_dlopen=dlopen
lt_cv_dlopen_libs=-ldl
lt_cv_dlopen_self=yes
lt_cv_dlopen_self_static=no
lt_cv_file_magic_cmd='$MAGIC_CMD'
lt_cv_file_magic_test_file=
lt_cv_ld_reload_flag=-r
lt_cv_nm_interface='BSD nm'
lt_cv_objdir=.libs
lt_cv_path_LD=ld
lt_cv_path_NM=nm
lt_cv_prog_compiler_c_o=yes
lt_cv_prog_compiler_pic_works=yes
lt_cv_prog_compiler_rtti_exceptions=no
lt_cv_prog_compiler_static_works=yes
lt_cv_prog_gnu_ld=yes
lt_cv_shlibpath_overrides_runpath=yes
lt_cv_sys_global_symbol_pipe='sed -n -e '\''s/^.*[	 ]\([ABCDGIRSTW][ABCDGIRSTW]*\)[	 ][	 ]*\([_A-Za-z][_A-Za-z0-9]*\)$/\1 \2 \2/p'\'''
lt_cv_sys_global_symbol_to_c_name_address='sed -n -e '\''s/^: \([^ ]*\) $/  {\"\1\", (void *) 0},/p'\'' -e '\''s/^[ABCDGIRSTW]* \([^ ]*\) \([^ ]*\)$/  {"\2", (void *) \&\2},/p'\'''
lt_cv_sys_global_symbol_to_c_name_address_lib_prefix='sed -n -e '\''s/^: \([^ ]*\) $/  {\"\1\", (void *) 0},/p'\'' -e '\''s/^[ABCDGIRSTW]* \([^ ]*\) \(lib[^ ]*\)$/  {"\2", (void *) \&\2},/p'\'' -e '\''s/^[ABCDGIRSTW]* \([^ ]*\) \([^ ]*\)$/  {"lib\2", (void *) \&\2},/p'\'''
lt_cv_sys_global_symbol_to_cdecl='sed -n -e '\''s/^T .* \(.*\)$/extern int \1();/p'\'' -e '\''s/^[ABCDGIRSTW]* .* \(.*\)$/extern char \1;/p'\'''
lt_cv_sys_max_cmd_len=1572864

## ----------------- ##
## Output variables. ##
## ----------------- ##

ACLOCAL='${SHELL} /home/terminator-128/Documents/os/Stanford_CS140/binutils-2.35/missing aclocal-1.15'
AMDEPBACKSLASH='\'
AMDEP_FALSE='#'
AMDEP_TRUE=''
AMTAR='$${TAR-tar}'
AM_BACKSLASH='\'
AM_DEFAULT_V='$(AM_DEFAULT_VERBOSITY)'
AM_DEFAULT_VERBOSITY='1'
AM_V='$(V)'
AR='ar'
AUTOCONF='${SHELL} /home/terminator-128/Documents/os/Stanford_CS140/binutils-2.35/missing autoconf'
AUTOHEADER='${SHELL} /home/terminator-128/Documents/os/Stanford_CS140/binutils-2.35/missing autoheader'
AUTOMAKE='${SHELL} /home/terminator-128/Documents/os/Stanford_CS140/binutils-2.35/missing automake-1.15'
AWK='mawk'
BFD_HOSTPTR_T='unsigned long'
BFD_HOST_64BIT_LONG='1'
BFD_HOST_64BIT_LONG_LONG='0'
BFD_HOST_64_BIT='long'
BFD_HOST_64_BIT_DEFINED='1'
BFD_HOST_U_64_BIT='unsigned long'
CATALOGS=' da.gmo es.gmo fi.gmo fr.gmo hr.gmo id.gmo ja.gmo pt.gmo ro.gmo ru.gmo rw.gmo sr.gmo sv.gmo tr.gmo uk.gmo vi.gmo zh_CN.gmo da.gmo es.gmo fi.gmo fr.gmo hr.gmo id.gmo ja.gmo pt.gmo ro.gmo ru.gmo rw.gmo sr.gmo sv.gmo tr.gmo uk.gmo vi.gmo zh_CN.gmo'
CATOBJEXT='.gmo'
CC='gcc'
CCDEPMODE='depmode=gcc3'
CC_FOR_BUILD='gcc'
CFLAGS='-g -O2'
COREFILE=''
COREFLAG=''
CPP='gcc -E'
CPPFLAGS=''
CYGPATH_W='echo'
DATADIRNAME='share'
DEBUGDIR='${exec_prefix}/lib/debug'
DEFS='-DHAVE_CONFIG_H'
DEPDIR='.deps'
DSYMUTIL=''
DUMPBIN=''
ECHO_C=''
ECHO_N='-n'
ECHO_T=''
EGREP='/usr/bin/grep -E'
EXEEXT=''
EXEEXT_FOR_BUILD='$(EXEEXT)'
FGREP='/usr/bin/grep -F'
GENCAT='gencat'
GENINSRC_NEVER_FALSE=''
GENINSRC_NEVER_TRUE='#'
GMSGFMT='/usr/bin/msgfmt'
GREP='/usr/bin/grep'
HDEFINES=''
INCINTL=''
INSTALL_DATA='/usr/bin/install -c -m 644'
INSTALL_LIBBFD_FALSE=''
INSTALL_LIBBFD_TRUE='#'
INSTALL_PROGRAM='/usr/bin/install -c'
INSTALL_SCRIPT='/usr/bin/install -c'
INSTALL_STRIP_PROGRAM='$(install_sh) -c -s'
INSTOBJEXT='.mo'
LD='ld -m elf_x86_64'
LDFLAGS=' '
LIBINTL=''
LIBINTL_DEP=''
LIBM='-lm'
LIBOBJS=''
LIBS='-ldl '
LIBTOOL='$(SHELL) $(top_builddir)/libtool'
LIPO=''
LN_S='ln -s'
LTLIBOBJS=''
MAINT='#'
MAINTAINER_MODE_FALSE=''
MAINTAINER_MODE_TRUE='#'
MAKEINFO='makeinfo --split-size=5000000'
MKDIR_P='/usr/bin/mkdir -p'
MKINSTALLDIRS='$(top_builddir)/./../mkinstalldirs'
MSGFMT='/usr/bin/msgfmt'
MSGMERGE='/usr/bin/msgmerge'
NM='nm'
NMEDIT=''
NO_WERROR=''
OBJDUMP='objdump'
OBJEXT='o'
OTOOL64=''
OTOOL=''
PACKAGE='bfd'
PACKAGE_BUGREPORT=''
PACKAGE_NAME='bfd'
PACKAGE_STRING='bfd 2.35'
PACKAGE_TARNAME='bfd'
PACKAGE_URL=''
PACKAGE_VERSION='2.35'
PATH_SEPARATOR=':'
PKGVERSION='(GNU Binutils) '
PLUGINS_FALSE='#'
PLUGINS_TRUE=''
POSUB='po'
RANLIB='ranlib'
REPORT_BUGS_TEXI='@uref{http://www.sourceware.org/bugzilla/}'
REPORT_BUGS_TO='<http://www.sourceware.org/bugzilla/>'
SED='/usr/bin/sed'
SET_MAKE=''
SHARED_LDFLAGS=''
SHARED_LIBADD=''
SHELL='/bin/bash'
STRIP='strip'
TDEFINES=' '
USE_NLS='yes'
VERSION='2.35'
WARN_CFLAGS='-W -Wall -Wstrict-prototypes -Wmissing-prototypes -Wshadow -Wstack-usage=262144'
WARN_CFLAGS_FOR_BUILD='-W -Wall -Wstrict-prototypes -Wmissing-prototypes -Wshadow -Wstack-usage=262144'
WARN_WRITE_STRINGS='-Wwrite-strings'
XGETTEXT='/usr/bin/xgettext'
ac_ct_CC=''
ac_ct_DUMPBIN=''
all_backends='$(BFD64_BACKENDS) $(BFD32_BACKENDS)'
am__EXEEXT_FALSE=''
am__EXEEXT_TRUE='#'
am__fastdepCC_FALSE='#'
am__fastdepCC_TRUE=''
am__include='include'
am__isrc=''
am__leading_dot='.'
am__nodep='_no'
am__quote=''
am__tar='$${TAR-tar} chof - "$$tardir"'
am__untar='$${TAR-tar} xf -'
bfd64_libs='$(BFD64_LIBS)'
bfd_backends=' elf32-i386.lo elfxx-x86.lo elf-ifunc.lo elf-vxworks.lo elf32.lo elf.lo elflink.lo elf-attrs.lo elf-strtab.lo elf-eh-frame.lo dwarf1.lo dwarf2.lo coff-i386.lo cofflink.lo coffgen.lo elf32-gen.lo plugin.lo'
bfd_default_target_size='32'
bfd_file_ptr='BFD_HOST_64_BIT'
bfd_machines=' cpu-i386.lo cpu-iamcu.lo'
bfd_ufile_ptr='BFD_HOST_U_64_BIT'
bfdincludedir='$(exec_prefix)/$(host_noncanonical)/$(target_noncanonical)/include'
bfdlibdir='$(exec_prefix)/$(host_noncanonical)/$(target_noncanonical)/lib'
bindir='${exec_prefix}/bin'
build='x86_64-pc-linux-gnu'
build_alias='x86_64-pc-linux-gnu'
build_cpu='x86_64'
build_os='linux-gnu'
build_vendor='pc'
datadir='${datarootdir}'
datarootdir='${prefix}/share'
docdir='${datarootdir}/doc/${PACKAGE_TARNAME}'
dvidir='${docdir}'
exec_prefix='${prefix}'
havevecs='-DHAVE_i386_elf32_vec -DHAVE_iamcu_elf32_vec -DHAVE_i386_coff_vec -DHAVE_elf32_le_vec -DHAVE_elf32_be_vec'
host='x86_64-pc-linux-gnu'
host_alias='x86_64-pc-linux-gnu'
host_cpu='x86_64'
host_noncanonical='x86_64-pc-linux-gnu'
host_os='linux-gnu'
host_vendor='pc'
htmldir='${docdir}'
includedir='${prefix}/include'
infodir='${datarootdir}/info'
install_sh='${SHELL} /home/terminator-128/Documents/os/Stanford_CS140/binutils-2.35/install-sh'
libdir='${exec_prefix}/lib'
libexecdir='${exec_prefix}/libexec'
localedir='${datarootdir}/locale'
localstatedir='${prefix}/var'
lt_cv_dlopen_libs='-ldl'
mandir='${datarootdir}/man'
mkdir_p='$(MKDIR_P)'
oldincludedir='/usr/include'
pdfdir='${docdir}'
prefix='/usr/local'
program_transform_name='s&^&i386-elf-&'
psdir='${docdir}'
sbindir='${exec_prefix}/sbin'
sharedstatedir='${prefix}/com'
supports_plugins='1'
sysconfdir='${prefix}/etc'
target='i386-pc-elf'
target_alias='i386-elf'
target_cpu='i386'
target_noncanonical='i386-elf'
target_os='elf'
target_vendor='pc'
tdefaults=' -DDEFAULT_VECTOR=i386_elf32_vec -DSELECT_VECS='\''&i386_elf32_vec,&iamcu_elf32_vec,&i386_coff_vec,&elf32_le_vec,&elf32_be_vec'\'' -DSELECT_ARCHITECTURES='\''&bfd_i386_arch,&bfd_iamcu_arch'\'''
wordsize='64'
zlibdir='-L$(top_builddir)/../zlib'
zlibinc='-I$(top_srcdir)/../zlib'

## ----------- ##
## confdefs.h. ##
## ----------- ##

/* confdefs.h */
#define PACKAGE_NAME "bfd"
#define PACKAGE_TARNAME "bfd"
#define PACKAGE_VERSION "2.35"
#define PACKAGE_STRING "bfd 2.35"
#define PACKAGE_BUGREPORT ""
#define PACKAGE_URL ""
#define PACKAGE "bfd"
#define VERSION "2.35"
#define STDC_HEADERS 1
#define HAVE_SYS_TYPES_H 1
#define HAVE_SYS_STAT_H 1
#define HAVE_STDLIB_H 1
#define HAVE_STRING_H 1
#define HAVE_MEMORY_H 1
#define HAVE_STRINGS_H 1
#define HAVE_INTTYPES_H 1
#define HAVE_STDINT_H 1
#define HAVE_UNISTD_H 1
#define __EXTENSIONS__ 1
#define _ALL_SOURCE 1
#define _GNU_SOURCE 1
#define _POSIX_PTHREAD_SEMANTICS 1
#define _TANDEM_SOURCE 1
#define HAVE_DLFCN_H 1
#define LT_OBJDIR ".libs/"
#define HAVE_DLFCN_H 1
#define USE_SECUREPLT 1
#define DEFAULT_LD_Z_SEPARATE_CODE 0
#define ENABLE_NLS 1
#define HAVE_LONG_DOUBLE 1
#define HAVE_LONG_LONG 1
#define SIZEOF_LONG_LONG 8
#define SIZEOF_VOID_P 8
#define SIZEOF_LONG 8
#define SIZEOF_INT 4
#define HAVE_ALLOCA_H 1
#define HAVE_STDDEF_H 1
#define HAVE_STRING_H 1
#define HAVE_STRINGS_H 1
#define HAVE_STDLIB_H 1
#define HAVE_TIME_H 1
#define HAVE_UNISTD_H 1
#define HAVE_WCHAR_H 1
#define HAVE_WCTYPE_H 1
#define HAVE_FCNTL_H 1
#define HAVE_SYS_FILE_H 1
#define HAVE_SYS_TIME_H 1
#define HAVE_SYS_STAT_H 1
#define HAVE_SYS_RESOURCE_H 1
#define TIME_WITH_SYS_TIME 1
#define HAVE_DIRENT_H 1
#define STRING_WITH_STRINGS 1
#define HAVE_FCNTL 1
#define HAVE_GETPAGESIZE 1
#define HAVE_SETITIMER 1
#define HAVE_SYSCONF 1
#define HAVE_FDOPEN 1
#define HAVE_GETUID 1
#define HAVE_GETGID 1
#define HAVE_FILENO 1
#define HAVE_STRTOULL 1
#define HAVE_GETRLIMIT 1
#define HAVE_DECL_BASENAME 1
#define HAVE_DECL_FTELLO 1
#define HAVE_DECL_FTELLO64 1
#define HAVE_DECL_FSEEKO 1
#define HAVE_DECL_FSEEKO64 1
#define HAVE_DECL_FFS 1
#define HAVE_DECL_FREE 1
#define HAVE_DECL_GETENV 1
#define HAVE_DECL_MALLOC 1
#define HAVE_DECL_REALLOC 1
#define HAVE_DECL_STPCPY 1
#define HAVE_DECL_STRSTR 1
#define HAVE_DECL_ASPRINTF 1
#define HAVE_DECL_VASPRINTF 1
#define HAVE_DECL_SNPRINTF 1
#define HAVE_DECL_VSNPRINTF 1
#define HAVE_DECL_STRNLEN 1
#define HAVE_HIDDEN 1
#define HAVE_FTELLO 1
#define HAVE_FTELLO64 1
#define HAVE_FSEEKO 1
#define HAVE_FSEEKO64 1
#define HAVE_FOPEN64 1
#define SIZEOF_OFF_T 8
#define HAVE_STDLIB_H 1
#define HAVE_UNISTD_H 1
#define HAVE_SYS_PARAM_H 1
#define HAVE_GETPAGESIZE 1
#define HAVE_MMAP 1
#define HAVE_MADVISE 1
#define HAVE_MPROTECT 1

configure: exit 0
