This file contains any messages produced by compilers while
running configure, to aid debugging if configure makes a mistake.

It was created by ld configure 2.35, which was
generated by GNU Autoconf 2.69.  Invocation command line was

  $ /home/terminator-128/Documents/os/Stanford_CS140/binutils-2.35/ld/configure --srcdir=.././ld --cache-file=./config.cache --with-gnu-as --with-gnu-ld --prefix=/usr/local --disable-werror --program-transform-name=s&^&i386-elf-& --disable-option-checking --build=x86_64-pc-linux-gnu --host=x86_64-pc-linux-gnu --target=i386-elf

## --------- ##
## Platform. ##
## --------- ##

hostname = ubuntu
uname -m = x86_64
uname -r = 5.4.0-47-generic
uname -s = Linux
uname -v = #51-Ubuntu SMP Fri Sep 4 19:50:52 UTC 2020

/usr/bin/uname -p = x86_64
/bin/uname -X     = unknown

/bin/arch              = x86_64
/usr/bin/arch -k       = unknown
/usr/convex/getsysinfo = unknown
/usr/bin/hostinfo      = unknown
/bin/machine           = unknown
/usr/bin/oslevel       = unknown
/bin/universe          = unknown

PATH: /usr/local/sbin
PATH: /usr/local/bin
PATH: /usr/sbin
PATH: /usr/bin
PATH: /sbin
PATH: /bin
PATH: /usr/games
PATH: /usr/local/games
PATH: /snap/bin


## ----------- ##
## Core tests. ##
## ----------- ##

configure:2587: loading cache ./config.cache
configure:2709: checking build system type
configure:2723: result: x86_64-pc-linux-gnu
configure:2743: checking host system type
configure:2756: result: x86_64-pc-linux-gnu
configure:2776: checking target system type
configure:2789: result: i386-pc-elf
configure:2827: checking for x86_64-pc-linux-gnu-gcc
configure:2854: result: gcc
configure:3123: checking for C compiler version
configure:3132: gcc --version >&5
gcc (Ubuntu 9.3.0-17ubuntu1~20.04) 9.3.0
Copyright (C) 2019 Free Software Foundation, Inc.
This is free software; see the source for copying conditions.  There is NO
warranty; not even for MERCHANTABILITY or FITNESS FOR A PARTICULAR PURPOSE.

configure:3143: $? = 0
configure:3132: gcc -v >&5
Using built-in specs.
COLLECT_GCC=gcc
COLLECT_LTO_WRAPPER=/usr/lib/gcc/x86_64-linux-gnu/9/lto-wrapper
OFFLOAD_TARGET_NAMES=nvptx-none:hsa
OFFLOAD_TARGET_DEFAULT=1
Target: x86_64-linux-gnu
Configured with: ../src/configure -v --with-pkgversion='Ubuntu 9.3.0-17ubuntu1~20.04' --with-bugurl=file:///usr/share/doc/gcc-9/README.Bugs --enable-languages=c,ada,c++,go,brig,d,fortran,objc,obj-c++,gm2 --prefix=/usr --with-gcc-major-version-only --program-suffix=-9 --program-prefix=x86_64-linux-gnu- --enable-shared --enable-linker-build-id --libexecdir=/usr/lib --without-included-gettext --enable-threads=posix --libdir=/usr/lib --enable-nls --enable-clocale=gnu --enable-libstdcxx-debug --enable-libstdcxx-time=yes --with-default-libstdcxx-abi=new --enable-gnu-unique-object --disable-vtable-verify --enable-plugin --enable-default-pie --with-system-zlib --with-target-system-zlib=auto --enable-objc-gc=auto --enable-multiarch --disable-werror --with-arch-32=i686 --with-abi=m64 --with-multilib-list=m32,m64,mx32 --enable-multilib --with-tune=generic --enable-offload-targets=nvptx-none=/build/gcc-9-HskZEa/gcc-9-9.3.0/debian/tmp-nvptx/usr,hsa --without-cuda-driver --enable-checking=release --build=x86_64-linux-gnu --host=x86_64-linux-gnu --target=x86_64-linux-gnu
Thread model: posix
gcc version 9.3.0 (Ubuntu 9.3.0-17ubuntu1~20.04) 
configure:3143: $? = 0
configure:3132: gcc -V >&5
gcc: error: unrecognized command line option '-V'
gcc: fatal error: no input files
compilation terminated.
configure:3143: $? = 1
configure:3132: gcc -qversion >&5
gcc: error: unrecognized command line option '-qversion'; did you mean '--version'?
gcc: fatal error: no input files
compilation terminated.
configure:3143: $? = 1
configure:3163: checking whether the C compiler works
configure:3185: gcc -g -O2    conftest.c  >&5
configure:3189: $? = 0
configure:3237: result: yes
configure:3240: checking for C compiler default output file name
configure:3242: result: a.out
configure:3248: checking for suffix of executables
configure:3255: gcc -o conftest -g -O2    conftest.c  >&5
configure:3259: $? = 0
configure:3281: result: 
configure:3303: checking whether we are cross compiling
configure:3311: gcc -o conftest -g -O2    conftest.c  >&5
configure:3315: $? = 0
configure:3322: ./conftest
configure:3326: $? = 0
configure:3314: result: no
configure:3319: checking for suffix of object files
configure:3366: result: o
configure:3370: checking whether we are using the GNU C compiler
configure:3398: result: yes
configure:3407: checking whether gcc accepts -g
configure:3468: result: yes
configure:3485: checking for gcc option to accept ISO C89
configure:3561: result: none needed
configure:3586: checking whether gcc understands -c and -o together
configure:3623: result: yes
configure:3641: checking for library containing strerror
configure:3689: result: none required
configure:3714: checking for a BSD-compatible install
configure:3782: result: /usr/bin/install -c
configure:3793: checking whether build environment is sane
configure:3848: result: yes
configure:3994: checking for a thread-safe mkdir -p
configure:4033: result: /usr/bin/mkdir -p
configure:4040: checking for gawk
configure:4067: result: mawk
configure:4078: checking whether make sets $(MAKE)
configure:4100: result: yes
configure:4130: checking for style of include used by make
configure:4158: result: GNU
configure:4192: checking whether make supports nested variables
configure:4209: result: yes
configure:4294: checking dependency style of gcc
configure:4405: result: gcc3
configure:4464: checking whether to enable maintainer-specific portions of Makefiles
configure:4473: result: no
configure:4495: checking for x86_64-pc-linux-gnu-gcc
configure:4522: result: gcc
configure:4791: checking for C compiler version
configure:4800: gcc --version >&5
gcc (Ubuntu 9.3.0-17ubuntu1~20.04) 9.3.0
Copyright (C) 2019 Free Software Foundation, Inc.
This is free software; see the source for copying conditions.  There is NO
warranty; not even for MERCHANTABILITY or FITNESS FOR A PARTICULAR PURPOSE.

configure:4811: $? = 0
configure:4800: gcc -v >&5
Using built-in specs.
COLLECT_GCC=gcc
COLLECT_LTO_WRAPPER=/usr/lib/gcc/x86_64-linux-gnu/9/lto-wrapper
OFFLOAD_TARGET_NAMES=nvptx-none:hsa
OFFLOAD_TARGET_DEFAULT=1
Target: x86_64-linux-gnu
Configured with: ../src/configure -v --with-pkgversion='Ubuntu 9.3.0-17ubuntu1~20.04' --with-bugurl=file:///usr/share/doc/gcc-9/README.Bugs --enable-languages=c,ada,c++,go,brig,d,fortran,objc,obj-c++,gm2 --prefix=/usr --with-gcc-major-version-only --program-suffix=-9 --program-prefix=x86_64-linux-gnu- --enable-shared --enable-linker-build-id --libexecdir=/usr/lib --without-included-gettext --enable-threads=posix --libdir=/usr/lib --enable-nls --enable-clocale=gnu --enable-libstdcxx-debug --enable-libstdcxx-time=yes --with-default-libstdcxx-abi=new --enable-gnu-unique-object --disable-vtable-verify --enable-plugin --enable-default-pie --with-system-zlib --with-target-system-zlib=auto --enable-objc-gc=auto --enable-multiarch --disable-werror --with-arch-32=i686 --with-abi=m64 --with-multilib-list=m32,m64,mx32 --enable-multilib --with-tune=generic --enable-offload-targets=nvptx-none=/build/gcc-9-HskZEa/gcc-9-9.3.0/debian/tmp-nvptx/usr,hsa --without-cuda-driver --enable-checking=release --build=x86_64-linux-gnu --host=x86_64-linux-gnu --target=x86_64-linux-gnu
Thread model: posix
gcc version 9.3.0 (Ubuntu 9.3.0-17ubuntu1~20.04) 
configure:4811: $? = 0
configure:4800: gcc -V >&5
gcc: error: unrecognized command line option '-V'
gcc: fatal error: no input files
compilation terminated.
configure:4811: $? = 1
configure:4800: gcc -qversion >&5
gcc: error: unrecognized command line option '-qversion'; did you mean '--version'?
gcc: fatal error: no input files
compilation terminated.
configure:4811: $? = 1
configure:4815: checking whether we are using the GNU C compiler
configure:4843: result: yes
configure:4852: checking whether gcc accepts -g
configure:4913: result: yes
configure:4930: checking for gcc option to accept ISO C89
configure:5006: result: none needed
configure:5031: checking whether gcc understands -c and -o together
configure:5068: result: yes
configure:5197: checking for C++ compiler version
configure:5206: g++ --version >&5
g++ (Ubuntu 9.3.0-17ubuntu1~20.04) 9.3.0
Copyright (C) 2019 Free Software Foundation, Inc.
This is free software; see the source for copying conditions.  There is NO
warranty; not even for MERCHANTABILITY or FITNESS FOR A PARTICULAR PURPOSE.

configure:5217: $? = 0
configure:5206: g++ -v >&5
Using built-in specs.
COLLECT_GCC=g++
COLLECT_LTO_WRAPPER=/usr/lib/gcc/x86_64-linux-gnu/9/lto-wrapper
OFFLOAD_TARGET_NAMES=nvptx-none:hsa
OFFLOAD_TARGET_DEFAULT=1
Target: x86_64-linux-gnu
Configured with: ../src/configure -v --with-pkgversion='Ubuntu 9.3.0-17ubuntu1~20.04' --with-bugurl=file:///usr/share/doc/gcc-9/README.Bugs --enable-languages=c,ada,c++,go,brig,d,fortran,objc,obj-c++,gm2 --prefix=/usr --with-gcc-major-version-only --program-suffix=-9 --program-prefix=x86_64-linux-gnu- --enable-shared --enable-linker-build-id --libexecdir=/usr/lib --without-included-gettext --enable-threads=posix --libdir=/usr/lib --enable-nls --enable-clocale=gnu --enable-libstdcxx-debug --enable-libstdcxx-time=yes --with-default-libstdcxx-abi=new --enable-gnu-unique-object --disable-vtable-verify --enable-plugin --enable-default-pie --with-system-zlib --with-target-system-zlib=auto --enable-objc-gc=auto --enable-multiarch --disable-werror --with-arch-32=i686 --with-abi=m64 --with-multilib-list=m32,m64,mx32 --enable-multilib --with-tune=generic --enable-offload-targets=nvptx-none=/build/gcc-9-HskZEa/gcc-9-9.3.0/debian/tmp-nvptx/usr,hsa --without-cuda-driver --enable-checking=release --build=x86_64-linux-gnu --host=x86_64-linux-gnu --target=x86_64-linux-gnu
Thread model: posix
gcc version 9.3.0 (Ubuntu 9.3.0-17ubuntu1~20.04) 
configure:5217: $? = 0
configure:5206: g++ -V >&5
g++: error: unrecognized command line option '-V'
g++: fatal error: no input files
compilation terminated.
configure:5217: $? = 1
configure:5206: g++ -qversion >&5
g++: error: unrecognized command line option '-qversion'; did you mean '--version'?
g++: fatal error: no input files
compilation terminated.
configure:5217: $? = 1
configure:5221: checking whether we are using the GNU C++ compiler
configure:5249: result: yes
configure:5258: checking whether g++ accepts -g
configure:5319: result: yes
configure:5344: checking dependency style of g++
configure:5455: result: gcc3
configure:5470: checking for grep that handles long lines and -e
configure:5528: result: /usr/bin/grep
configure:5538: checking how to run the C preprocessor
configure:5608: result: gcc -E
configure:5628: gcc -E  conftest.c
configure:5628: $? = 0
configure:5642: gcc -E  conftest.c
conftest.c:11:10: fatal error: ac_nonexistent.h: No such file or directory
   11 | #include <ac_nonexistent.h>
      |          ^~~~~~~~~~~~~~~~~~
compilation terminated.
configure:5642: $? = 1
configure: failed program was:
| /* confdefs.h */
| #define PACKAGE_NAME "ld"
| #define PACKAGE_TARNAME "ld"
| #define PACKAGE_VERSION "2.35"
| #define PACKAGE_STRING "ld 2.35"
| #define PACKAGE_BUGREPORT ""
| #define PACKAGE_URL ""
| #define PACKAGE "ld"
| #define VERSION "2.35"
| /* end confdefs.h.  */
| #include <ac_nonexistent.h>
configure:5671: checking for egrep
configure:5733: result: /usr/bin/grep -E
configure:5738: checking for ANSI C header files
configure:5842: result: yes
configure:5855: checking for sys/types.h
configure:5855: result: yes
configure:5855: checking for sys/stat.h
configure:5855: result: yes
configure:5855: checking for stdlib.h
configure:5855: result: yes
configure:5855: checking for string.h
configure:5855: result: yes
configure:5855: checking for memory.h
configure:5855: result: yes
configure:5855: checking for strings.h
configure:5855: result: yes
configure:5855: checking for inttypes.h
configure:5855: result: yes
configure:5855: checking for stdint.h
configure:5855: result: yes
configure:5855: checking for unistd.h
configure:5855: result: yes
configure:5868: checking for minix/config.h
configure:5868: result: no
configure:5889: checking whether it is safe to define __EXTENSIONS__
configure:5914: result: yes
configure:5978: checking how to print strings
configure:6005: result: printf
configure:6026: checking for a sed that does not truncate output
configure:6090: result: /usr/bin/sed
configure:6108: checking for fgrep
configure:6170: result: /usr/bin/grep -F
configure:6205: checking for ld used by gcc
configure:6272: result: ld
configure:6279: checking if the linker (ld) is GNU ld
configure:6294: result: yes
configure:6306: checking for BSD- or MS-compatible name lister (nm)
configure:6355: result: nm
configure:6485: checking the name lister (nm) interface
configure:6505: result: BSD nm
configure:6508: checking whether ln -s works
configure:6512: result: yes
configure:6520: checking the maximum length of command line arguments
configure:6645: result: 1572864
configure:6662: checking whether the shell understands some XSI constructs
configure:6671: result: yes
configure:6675: checking whether the shell understands "+="
configure:6679: result: yes
configure:6714: checking for ld option to reload object files
configure:6721: result: -r
configure:6750: checking for x86_64-pc-linux-gnu-objdump
configure:6777: result: objdump
configure:6849: checking how to recognize dependent libraries
configure:7050: result: pass_all
configure:7070: checking for x86_64-pc-linux-gnu-ar
configure:7097: result: ar
configure:7175: checking for x86_64-pc-linux-gnu-strip
configure:7205: result: no
configure:7215: checking for strip
configure:7242: result: strip
configure:7274: checking for x86_64-pc-linux-gnu-ranlib
configure:7301: result: ranlib
configure:7443: checking command to parse nm output from gcc object
configure:7666: result: ok
configure:7761: gcc -c -g -O2  conftest.c >&5
configure:7764: $? = 0
configure:8514: checking for dlfcn.h
configure:8514: result: yes
configure:8702: checking for objdir
configure:8717: result: .libs
configure:8988: checking if gcc supports -fno-rtti -fno-exceptions
configure:9023: result: no
configure:9043: checking for gcc option to produce PIC
configure:9329: result: -fPIC -DPIC
configure:9341: checking if gcc PIC flag -fPIC -DPIC works
configure:9376: result: yes
configure:9400: checking if gcc static flag -static works
configure:9428: result: yes
configure:9443: checking if gcc supports -c -o file.o
configure:9490: result: yes
configure:9498: checking if gcc supports -c -o file.o
configure:9545: result: yes
configure:9578: checking whether the gcc linker (ld -m elf_x86_64) supports shared libraries
configure:10649: result: yes
configure:10686: checking whether -lc should be explicitly linked in
configure:10729: result: no
configure:10894: checking dynamic linker characteristics
configure:11567: result: GNU/Linux ld.so
configure:11674: checking how to hardcode library paths into programs
configure:11699: result: immediate
configure:12239: checking whether stripping libraries is possible
configure:12244: result: yes
configure:12279: checking if libtool supports shared libraries
configure:12281: result: yes
configure:12284: checking whether to build shared libraries
configure:12305: result: yes
configure:12308: checking whether to build static libraries
configure:12312: result: yes
configure:12335: checking how to run the C++ preprocessor
configure:12401: result: g++ -E
configure:12421: g++ -E  conftest.cpp
configure:12421: $? = 0
configure:12435: g++ -E  conftest.cpp
conftest.cpp:28:10: fatal error: ac_nonexistent.h: No such file or directory
   28 | #include <ac_nonexistent.h>
      |          ^~~~~~~~~~~~~~~~~~
compilation terminated.
configure:12435: $? = 1
configure: failed program was:
| /* confdefs.h */
| #define PACKAGE_NAME "ld"
| #define PACKAGE_TARNAME "ld"
| #define PACKAGE_VERSION "2.35"
| #define PACKAGE_STRING "ld 2.35"
| #define PACKAGE_BUGREPORT ""
| #define PACKAGE_URL ""
| #define PACKAGE "ld"
| #define VERSION "2.35"
| #define STDC_HEADERS 1
| #define HAVE_SYS_TYPES_H 1
| #define HAVE_SYS_STAT_H 1
| #define HAVE_STDLIB_H 1
| #define HAVE_STRING_H 1
| #define HAVE_MEMORY_H 1
| #define HAVE_STRINGS_H 1
| #define HAVE_INTTYPES_H 1
| #define HAVE_STDINT_H 1
| #define HAVE_UNISTD_H 1
| #define __EXTENSIONS__ 1
| #define _ALL_SOURCE 1
| #define _GNU_SOURCE 1
| #define _POSIX_PTHREAD_SEMANTICS 1
| #define _TANDEM_SOURCE 1
| #define HAVE_DLFCN_H 1
| #define LT_OBJDIR ".libs/"
| /* end confdefs.h.  */
| #include <ac_nonexistent.h>
configure:12603: checking for ld used by g++
configure:12670: result: ld -m elf_x86_64
configure:12677: checking if the linker (ld -m elf_x86_64) is GNU ld
configure:12692: result: yes
configure:12747: checking whether the g++ linker (ld -m elf_x86_64) supports shared libraries
configure:13679: result: yes
configure:13707: g++ -c -g -O2  conftest.cpp >&5
configure:13710: $? = 0
configure:13892: checking for g++ option to produce PIC
configure:14215: result: -fPIC -DPIC
configure:14224: checking if g++ PIC flag -fPIC -DPIC works
configure:14259: result: yes
configure:14280: checking if g++ static flag -static works
configure:14308: result: yes
configure:14320: checking if g++ supports -c -o file.o
configure:14367: result: yes
configure:14372: checking if g++ supports -c -o file.o
configure:14419: result: yes
configure:14449: checking whether the g++ linker (ld -m elf_x86_64) supports shared libraries
configure:14477: result: yes
configure:14620: checking dynamic linker characteristics
configure:15227: result: GNU/Linux ld.so
configure:15280: checking how to hardcode library paths into programs
configure:15305: result: immediate
configure:15376: checking for dlfcn.h
configure:15376: result: yes
configure:15389: checking for windows.h
configure:15389: result: no
configure:15416: checking for library containing dlsym
configure:15464: result: -ldl
configure:15495: checking for special C compiler options needed for large files
configure:15540: result: no
configure:15546: checking for _FILE_OFFSET_BITS value needed for large files
configure:15603: result: no
configure:16078: checking for LC_MESSAGES
configure:16102: result: yes
configure:16140: checking whether NLS is requested
configure:16146: result: yes
configure:16152: checking for catalogs to be installed
configure:16184: result:  bg da de es fi fr ga id it ja pt_BR ru sr sv tr uk vi zh_CN zh_TW bg da de es fi fr ga id it ja pt_BR ru sr sv tr uk vi zh_CN zh_TW
configure:16211: checking whether NLS is requested
configure:16220: result: yes
configure:16258: checking for msgfmt
configure:16289: result: /usr/bin/msgfmt
configure:16298: checking for gmsgfmt
configure:16329: result: /usr/bin/msgfmt
configure:16369: checking for xgettext
configure:16400: result: /usr/bin/xgettext
configure:16440: checking for msgmerge
configure:16470: result: /usr/bin/msgmerge
configure:16512: checking for bison
configure:16539: result: bison -y
configure:16555: checking for flex
configure:16582: result: /home/terminator-128/Documents/os/binutils-2.35/missing flex
configure:16716: checking whether to enable maintainer-specific portions of Makefiles
configure:16725: result: no
configure:16746: checking how to compare bootstrapped objects
configure:16771: result: cmp --ignore-initial=16 $$f1 $$f2
configure:16785: checking for string.h
configure:16785: result: yes
configure:16785: checking for strings.h
configure:16785: result: yes
configure:16785: checking for stdlib.h
configure:16785: result: yes
configure:16785: checking for unistd.h
configure:16785: result: yes
configure:16785: checking for elf-hints.h
configure:16785: result: no
configure:16785: checking for limits.h
configure:16785: result: yes
configure:16785: checking for locale.h
configure:16785: result: yes
configure:16785: checking for sys/param.h
configure:16785: result: yes
configure:16798: checking for fcntl.h
configure:16798: result: yes
configure:16798: checking for sys/file.h
configure:16798: result: yes
configure:16798: checking for sys/time.h
configure:16798: result: yes
configure:16798: checking for sys/stat.h
configure:16798: result: yes
configure:16808: checking whether string.h and strings.h may both be included
configure:16832: result: yes
configure:16843: checking for glob
configure:16843: result: yes
configure:16843: checking for mkstemp
configure:16843: result: yes
configure:16843: checking for realpath
configure:16843: result: yes
configure:16843: checking for sbrk
configure:16843: result: yes
configure:16843: checking for setlocale
configure:16843: result: yes
configure:16843: checking for waitpid
configure:16843: result: yes
configure:16855: checking for open
configure:16855: result: yes
configure:16855: checking for lseek
configure:16855: result: yes
configure:16855: checking for close
configure:16855: result: yes
configure:16867: checking for dirent.h that defines DIR
configure:16894: result: yes
configure:16907: checking for library containing opendir
configure:16955: result: none required
configure:17029: checking for stdlib.h
configure:17029: result: yes
configure:17029: checking for unistd.h
configure:17029: result: yes
configure:17029: checking for sys/param.h
configure:17029: result: yes
configure:17049: checking for getpagesize
configure:17049: result: yes
configure:17058: checking for working mmap
configure:17215: result: yes
configure:17225: checking for library containing dlopen
configure:17273: result: none required
configure:17299: checking for a known getopt prototype in unistd.h
configure:17323: result: yes
configure:17339: checking whether strstr is declared
configure:17339: result: yes
configure:17349: checking whether free is declared
configure:17349: result: yes
configure:17359: checking whether sbrk is declared
configure:17359: result: yes
configure:17369: checking whether getenv is declared
configure:17369: result: yes
configure:17379: checking whether environ is declared
configure:17379: result: yes
configure:17417: checking whether ANSI C string concatenation works
configure:17441: result: yes
configure:17466: checking size of void *
configure:17485: result: 8
configure:17833: checking that generated files are newer than configure
configure:17839: result: done
configure:17882: creating ./config.status

## ---------------------- ##
## Running config.status. ##
## ---------------------- ##

This file was extended by ld config.status 2.35, which was
generated by GNU Autoconf 2.69.  Invocation command line was

  CONFIG_FILES    = 
  CONFIG_HEADERS  = 
  CONFIG_LINKS    = 
  CONFIG_COMMANDS = 
  $ ./config.status 

on ubuntu

config.status:1251: creating Makefile
config.status:1251: creating po/Makefile.in
config.status:1251: creating config.h
config.status:1432: config.h is unchanged
config.status:1480: executing depfiles commands
config.status:1480: executing libtool commands
config.status:1480: executing default-1 commands
config.status:1480: executing default commands

## ---------------- ##
## Cache variables. ##
## ---------------- ##

ac_cv_build=x86_64-pc-linux-gnu
ac_cv_c_compiler_gnu=yes
ac_cv_cxx_compiler_gnu=yes
ac_cv_env_CCC_set=
ac_cv_env_CCC_value=
ac_cv_env_CC_set=set
ac_cv_env_CC_value=gcc
ac_cv_env_CFLAGS_set=set
ac_cv_env_CFLAGS_value='-g -O2'
ac_cv_env_CPPFLAGS_set=
ac_cv_env_CPPFLAGS_value=
ac_cv_env_CPP_set=
ac_cv_env_CPP_value=
ac_cv_env_CXXCPP_set=
ac_cv_env_CXXCPP_value=
ac_cv_env_CXXFLAGS_set=set
ac_cv_env_CXXFLAGS_value='-g -O2'
ac_cv_env_CXX_set=set
ac_cv_env_CXX_value=g++
ac_cv_env_LDFLAGS_set=set
ac_cv_env_LDFLAGS_value=' '
ac_cv_env_LIBS_set=
ac_cv_env_LIBS_value=
ac_cv_env_YACC_set=set
ac_cv_env_YACC_value='bison -y'
ac_cv_env_YFLAGS_set=
ac_cv_env_YFLAGS_value=
ac_cv_env_build_alias_set=set
ac_cv_env_build_alias_value=x86_64-pc-linux-gnu
ac_cv_env_host_alias_set=set
ac_cv_env_host_alias_value=x86_64-pc-linux-gnu
ac_cv_env_target_alias_set=set
ac_cv_env_target_alias_value=i386-elf
ac_cv_func_close=yes
ac_cv_func_getpagesize=yes
ac_cv_func_glob=yes
ac_cv_func_lseek=yes
ac_cv_func_mkstemp=yes
ac_cv_func_mmap_fixed_mapped=yes
ac_cv_func_open=yes
ac_cv_func_realpath=yes
ac_cv_func_sbrk=yes
ac_cv_func_setlocale=yes
ac_cv_func_waitpid=yes
ac_cv_have_decl_environ=yes
ac_cv_have_decl_free=yes
ac_cv_have_decl_getenv=yes
ac_cv_have_decl_sbrk=yes
ac_cv_have_decl_strstr=yes
ac_cv_header_dirent_dirent_h=yes
ac_cv_header_dlfcn_h=yes
ac_cv_header_elf_hints_h=no
ac_cv_header_fcntl_h=yes
ac_cv_header_inttypes_h=yes
ac_cv_header_limits_h=yes
ac_cv_header_locale_h=yes
ac_cv_header_memory_h=yes
ac_cv_header_minix_config_h=no
ac_cv_header_stdc=yes
ac_cv_header_stdint_h=yes
ac_cv_header_stdlib_h=yes
ac_cv_header_string_h=yes
ac_cv_header_strings_h=yes
ac_cv_header_sys_file_h=yes
ac_cv_header_sys_param_h=yes
ac_cv_header_sys_stat_h=yes
ac_cv_header_sys_time_h=yes
ac_cv_header_sys_types_h=yes
ac_cv_header_unistd_h=yes
ac_cv_header_windows_h=no
ac_cv_host=x86_64-pc-linux-gnu
ac_cv_objext=o
ac_cv_path_EGREP='/usr/bin/grep -E'
ac_cv_path_FGREP='/usr/bin/grep -F'
ac_cv_path_GMSGFMT=/usr/bin/msgfmt
ac_cv_path_GREP=/usr/bin/grep
ac_cv_path_MSGFMT=/usr/bin/msgfmt
ac_cv_path_MSGMERGE=/usr/bin/msgmerge
ac_cv_path_SED=/usr/bin/sed
ac_cv_path_XGETTEXT=/usr/bin/xgettext
ac_cv_path_mkdir=/usr/bin/mkdir
ac_cv_prog_AR=ar
ac_cv_prog_AWK=mawk
ac_cv_prog_CC=gcc
ac_cv_prog_CPP='gcc -E'
ac_cv_prog_CXXCPP='g++ -E'
ac_cv_prog_LEX='/home/terminator-128/Documents/os/binutils-2.35/missing flex'
ac_cv_prog_OBJDUMP=objdump
ac_cv_prog_RANLIB=ranlib
ac_cv_prog_YACC='bison -y'
ac_cv_prog_ac_ct_STRIP=strip
ac_cv_prog_cc_c89=
ac_cv_prog_cc_g=yes
ac_cv_prog_cxx_g=yes
ac_cv_prog_make_make_set=yes
ac_cv_safe_to_define___extensions__=yes
ac_cv_search_dlopen='none required'
ac_cv_search_dlsym=-ldl
ac_cv_search_opendir='none required'
ac_cv_search_strerror='none required'
ac_cv_sizeof_void_p=8
ac_cv_sys_file_offset_bits=no
ac_cv_sys_largefile_CC=no
ac_cv_target=i386-pc-elf
am_cv_CC_dependencies_compiler_type=gcc3
am_cv_CXX_dependencies_compiler_type=gcc3
am_cv_make_support_nested_variables=yes
am_cv_prog_cc_c_o=yes
am_cv_val_LC_MESSAGES=yes
gcc_cv_header_string=yes
gcc_cv_prog_cmp_skip='cmp --ignore-initial=16 $$f1 $$f2'
ld_cv_decl_getopt_unistd_h=yes
ld_cv_string_concatenation=yes
lt_cv_archive_cmds_need_lc=no
lt_cv_deplibs_check_method=pass_all
lt_cv_file_magic_cmd='$MAGIC_CMD'
lt_cv_file_magic_test_file=
lt_cv_ld_reload_flag=-r
lt_cv_nm_interface='BSD nm'
lt_cv_objdir=.libs
lt_cv_path_LD=ld
lt_cv_path_LDCXX='ld -m elf_x86_64'
lt_cv_path_NM=nm
lt_cv_prog_compiler_c_o=yes
lt_cv_prog_compiler_c_o_CXX=yes
lt_cv_prog_compiler_pic_works=yes
lt_cv_prog_compiler_pic_works_CXX=yes
lt_cv_prog_compiler_rtti_exceptions=no
lt_cv_prog_compiler_static_works=yes
lt_cv_prog_compiler_static_works_CXX=yes
lt_cv_prog_gnu_ld=yes
lt_cv_prog_gnu_ldcxx=yes
lt_cv_shlibpath_overrides_runpath=yes
lt_cv_sys_global_symbol_pipe='sed -n -e '\''s/^.*[	 ]\([ABCDGIRSTW][ABCDGIRSTW]*\)[	 ][	 ]*\([_A-Za-z][_A-Za-z0-9]*\)$/\1 \2 \2/p'\'''
lt_cv_sys_global_symbol_to_c_name_address='sed -n -e '\''s/^: \([^ ]*\) $/  {\"\1\", (void *) 0},/p'\'' -e '\''s/^[ABCDGIRSTW]* \([^ ]*\) \([^ ]*\)$/  {"\2", (void *) \&\2},/p'\'''
lt_cv_sys_global_symbol_to_c_name_address_lib_prefix='sed -n -e '\''s/^: \([^ ]*\) $/  {\"\1\", (void *) 0},/p'\'' -e '\''s/^[ABCDGIRSTW]* \([^ ]*\) \(lib[^ ]*\)$/  {"\2", (void *) \&\2},/p'\'' -e '\''s/^[ABCDGIRSTW]* \([^ ]*\) \([^ ]*\)$/  {"lib\2", (void *) \&\2},/p'\'''
lt_cv_sys_global_symbol_to_cdecl='sed -n -e '\''s/^T .* \(.*\)$/extern int \1();/p'\'' -e '\''s/^[ABCDGIRSTW]* .* \(.*\)$/extern char \1;/p'\'''
lt_cv_sys_max_cmd_len=1572864

## ----------------- ##
## Output variables. ##
## ----------------- ##

ACLOCAL='${SHELL} /home/terminator-128/Documents/os/Stanford_CS140/binutils-2.35/missing aclocal-1.15'
AMDEPBACKSLASH='\'
AMDEP_FALSE='#'
AMDEP_TRUE=''
AMTAR='$${TAR-tar}'
AM_BACKSLASH='\'
AM_DEFAULT_V='$(AM_DEFAULT_VERBOSITY)'
AM_DEFAULT_VERBOSITY='1'
AM_V='$(V)'
AR='ar'
AUTOCONF='${SHELL} /home/terminator-128/Documents/os/Stanford_CS140/binutils-2.35/missing autoconf'
AUTOHEADER='${SHELL} /home/terminator-128/Documents/os/Stanford_CS140/binutils-2.35/missing autoheader'
AUTOMAKE='${SHELL} /home/terminator-128/Documents/os/Stanford_CS140/binutils-2.35/missing automake-1.15'
AWK='mawk'
CATALOGS=' bg.gmo da.gmo de.gmo es.gmo fi.gmo fr.gmo ga.gmo id.gmo it.gmo ja.gmo pt_BR.gmo ru.gmo sr.gmo sv.gmo tr.gmo uk.gmo vi.gmo zh_CN.gmo zh_TW.gmo bg.gmo da.gmo de.gmo es.gmo fi.gmo fr.gmo ga.gmo id.gmo it.gmo ja.gmo pt_BR.gmo ru.gmo sr.gmo sv.gmo tr.gmo uk.gmo vi.gmo zh_CN.gmo zh_TW.gmo'
CATOBJEXT='.gmo'
CC='gcc'
CCDEPMODE='depmode=gcc3'
CFLAGS='-g -O2'
CPP='gcc -E'
CPPFLAGS=''
CXX='g++'
CXXCPP='g++ -E'
CXXDEPMODE='depmode=gcc3'
CXXFLAGS='-g -O2'
CYGPATH_W='echo'
DATADIRNAME='share'
DEFS='-DHAVE_CONFIG_H'
DEPDIR='.deps'
DSYMUTIL=''
DUMPBIN=''
ECHO_C=''
ECHO_N='-n'
ECHO_T=''
EGREP='/usr/bin/grep -E'
EMUL='elf_i386'
EMULATION_LIBPATH='elf_i386'
EMULATION_OFILES=' eelf_i386.o eelf_iamcu.o'
EMUL_EXTRA_OFILES=' ldelf.o ldelfgen.o'
ENABLE_LIBCTF_FALSE='#'
ENABLE_LIBCTF_TRUE=''
EXEEXT=''
FGREP='/usr/bin/grep -F'
GENCAT='gencat'
GENINSRC_NEVER_FALSE=''
GENINSRC_NEVER_TRUE='#'
GMSGFMT='/usr/bin/msgfmt'
GREP='/usr/bin/grep'
HDEFINES=''
INCINTL=''
INSTALL_DATA='/usr/bin/install -c -m 644'
INSTALL_PROGRAM='/usr/bin/install -c'
INSTALL_SCRIPT='/usr/bin/install -c'
INSTALL_STRIP_PROGRAM='$(install_sh) -c -s'
INSTOBJEXT='.mo'
LD='ld -m elf_x86_64'
LDFLAGS=' '
LEX='/home/terminator-128/Documents/os/binutils-2.35/missing flex'
LEXLIB=''
LEX_OUTPUT_ROOT=''
LIBINTL=''
LIBINTL_DEP=''
LIBOBJS=''
LIBS='-ldl '
LIBTOOL='$(SHELL) $(top_builddir)/libtool'
LIB_PATH=''
LIPO=''
LN_S='ln -s'
LTLIBOBJS=''
MAINT='#'
MAINTAINER_MODE_FALSE=''
MAINTAINER_MODE_TRUE='#'
MAKEINFO='makeinfo --split-size=5000000'
MKDIR_P='/usr/bin/mkdir -p'
MKINSTALLDIRS='$(top_builddir)/./../mkinstalldirs'
MSGFMT='/usr/bin/msgfmt'
MSGMERGE='/usr/bin/msgmerge'
NATIVE_LIB_DIRS='/usr/local/lib /lib /usr/lib'
NM='nm'
NMEDIT=''
NO_WERROR=''
OBJDUMP='objdump'
OBJEXT='o'
OTOOL64=''
OTOOL=''
PACKAGE='ld'
PACKAGE_BUGREPORT=''
PACKAGE_NAME='ld'
PACKAGE_STRING='ld 2.35'
PACKAGE_TARNAME='ld'
PACKAGE_URL=''
PACKAGE_VERSION='2.35'
PATH_SEPARATOR=':'
POSUB='po'
RANLIB='ranlib'
SED='/usr/bin/sed'
SET_MAKE=''
SHELL='/bin/bash'
STRINGIFY='astring.sed'
STRIP='strip'
TARGET_SYSTEM_ROOT=''
TARGET_SYSTEM_ROOT_DEFINE='-DTARGET_SYSTEM_ROOT=\"\"'
TDIRS='
TESTBFDLIB='../bfd/.libs/libbfd.a'
TESTCTFLIB='../libctf/.libs/libctf.a'
USE_NLS='yes'
VERSION='2.35'
WARN_CFLAGS='-W -Wall -Wstrict-prototypes -Wmissing-prototypes -Wshadow -Wstack-usage=262144'
WARN_CFLAGS_FOR_BUILD='-W -Wall -Wstrict-prototypes -Wmissing-prototypes -Wshadow -Wstack-usage=262144'
WARN_WRITE_STRINGS='-Wwrite-strings'
XGETTEXT='/usr/bin/xgettext'
YACC='bison -y'
YFLAGS=''
ac_ct_CC=''
ac_ct_CXX=''
ac_ct_DUMPBIN=''
am__EXEEXT_FALSE=''
am__EXEEXT_TRUE='#'
am__fastdepCC_FALSE='#'
am__fastdepCC_TRUE=''
am__fastdepCXX_FALSE='#'
am__fastdepCXX_TRUE=''
am__include='include'
am__isrc=''
am__leading_dot='.'
am__nodep='_no'
am__quote=''
am__tar='$${TAR-tar} chof - "$$tardir"'
am__untar='$${TAR-tar} xf -'
bindir='${exec_prefix}/bin'
build='x86_64-pc-linux-gnu'
build_alias='x86_64-pc-linux-gnu'
build_cpu='x86_64'
build_os='linux-gnu'
build_vendor='pc'
datadir='${datarootdir}'
datarootdir='${prefix}/share'
do_compare='cmp --ignore-initial=16 $$f1 $$f2'
docdir='${datarootdir}/doc/${PACKAGE_TARNAME}'
dvidir='${docdir}'
elf_list_options='TRUE'
elf_plt_unwind_list_options='TRUE'
elf_shlib_list_options='TRUE'
enable_initfini_array='yes'
exec_prefix='${prefix}'
host='x86_64-pc-linux-gnu'
host_alias='x86_64-pc-linux-gnu'
host_cpu='x86_64'
host_os='linux-gnu'
host_vendor='pc'
htmldir='${docdir}'
includedir='${prefix}/include'
infodir='${datarootdir}/info'
install_as_default='yes'
install_sh='${SHELL} /home/terminator-128/Documents/os/Stanford_CS140/binutils-2.35/install-sh'
installed_linker='ld.bfd'
libdir='${exec_prefix}/lib'
libexecdir='${exec_prefix}/libexec'
localedir='${datarootdir}/locale'
localstatedir='${prefix}/var'
mandir='${datarootdir}/man'
mkdir_p='$(MKDIR_P)'
oldincludedir='/usr/include'
pdfdir='${docdir}'
prefix='/usr/local'
program_transform_name='s&^&i386-elf-&'
psdir='${docdir}'
sbindir='${exec_prefix}/sbin'
sharedstatedir='${prefix}/com'
sysconfdir='${prefix}/etc'
target='i386-pc-elf'
target_alias='i386-elf'
target_cpu='i386'
target_os='elf'
target_vendor='pc'
tdir_elf_i386=i386-elf
tdir_elf_iamcu=i386-elf'
use_sysroot='no'
zlibdir='-L$(top_builddir)/../zlib'
zlibinc='-I$(top_srcdir)/../zlib'

## ----------- ##
## confdefs.h. ##
## ----------- ##

/* confdefs.h */
#define PACKAGE_NAME "ld"
#define PACKAGE_TARNAME "ld"
#define PACKAGE_VERSION "2.35"
#define PACKAGE_STRING "ld 2.35"
#define PACKAGE_BUGREPORT ""
#define PACKAGE_URL ""
#define PACKAGE "ld"
#define VERSION "2.35"
#define STDC_HEADERS 1
#define HAVE_SYS_TYPES_H 1
#define HAVE_SYS_STAT_H 1
#define HAVE_STDLIB_H 1
#define HAVE_STRING_H 1
#define HAVE_MEMORY_H 1
#define HAVE_STRINGS_H 1
#define HAVE_INTTYPES_H 1
#define HAVE_STDINT_H 1
#define HAVE_UNISTD_H 1
#define __EXTENSIONS__ 1
#define _ALL_SOURCE 1
#define _GNU_SOURCE 1
#define _POSIX_PTHREAD_SEMANTICS 1
#define _TANDEM_SOURCE 1
#define HAVE_DLFCN_H 1
#define LT_OBJDIR ".libs/"
#define HAVE_DLFCN_H 1
#define GOT_HANDLING_DEFAULT GOT_HANDLING_TARGET_DEFAULT
#define ENABLE_LIBCTF 1
#define HAVE_LC_MESSAGES 1
#define ENABLE_NLS 1
#define HAVE_STRING_H 1
#define HAVE_STRINGS_H 1
#define HAVE_STDLIB_H 1
#define HAVE_UNISTD_H 1
#define HAVE_LIMITS_H 1
#define HAVE_LOCALE_H 1
#define HAVE_SYS_PARAM_H 1
#define HAVE_FCNTL_H 1
#define HAVE_SYS_FILE_H 1
#define HAVE_SYS_TIME_H 1
#define HAVE_SYS_STAT_H 1
#define STRING_WITH_STRINGS 1
#define HAVE_GLOB 1
#define HAVE_MKSTEMP 1
#define HAVE_REALPATH 1
#define HAVE_SBRK 1
#define HAVE_SETLOCALE 1
#define HAVE_WAITPID 1
#define HAVE_OPEN 1
#define HAVE_LSEEK 1
#define HAVE_CLOSE 1
#define HAVE_DIRENT_H 1
#define HAVE_STDLIB_H 1
#define HAVE_UNISTD_H 1
#define HAVE_SYS_PARAM_H 1
#define HAVE_GETPAGESIZE 1
#define HAVE_MMAP 1
#define HAVE_INITFINI_ARRAY 1
#define HAVE_DECL_GETOPT 1
#define HAVE_DECL_STRSTR 1
#define HAVE_DECL_FREE 1
#define HAVE_DECL_SBRK 1
#define HAVE_DECL_GETENV 1
#define HAVE_DECL_ENVIRON 1
#define SIZEOF_VOID_P 8
#define DEFAULT_NEW_DTAGS 0
#define DEFAULT_LD_Z_RELRO 0
#define DEFAULT_LD_TEXTREL_CHECK textrel_check_none
#define DEFAULT_LD_TEXTREL_CHECK_WARNING 0
#define DEFAULT_LD_Z_SEPARATE_CODE 0
#define DEFAULT_EMIT_SYSV_HASH 1
#define DEFAULT_EMIT_GNU_HASH 0

configure: exit 0
