This file contains any messages produced by compilers while
running configure, to aid debugging if configure makes a mistake.

It was created by libctf library configure 1.2.0-pre, which was
generated by GNU Autoconf 2.69.  Invocation command line was

  $ /home/terminator-128/Documents/os/Stanford_CS140/binutils-2.35/libctf/configure --srcdir=.././libctf --cache-file=./config.cache --with-gnu-as --with-gnu-ld --prefix=/usr/local --disable-werror --program-transform-name=s&^&i386-elf-& --disable-option-checking --build=x86_64-pc-linux-gnu --host=x86_64-pc-linux-gnu --target=i386-elf

## --------- ##
## Platform. ##
## --------- ##

hostname = ubuntu
uname -m = x86_64
uname -r = 5.4.0-47-generic
uname -s = Linux
uname -v = #51-Ubuntu SMP Fri Sep 4 19:50:52 UTC 2020

/usr/bin/uname -p = x86_64
/bin/uname -X     = unknown

/bin/arch              = x86_64
/usr/bin/arch -k       = unknown
/usr/convex/getsysinfo = unknown
/usr/bin/hostinfo      = unknown
/bin/machine           = unknown
/usr/bin/oslevel       = unknown
/bin/universe          = unknown

PATH: /usr/local/sbin
PATH: /usr/local/bin
PATH: /usr/sbin
PATH: /usr/bin
PATH: /sbin
PATH: /bin
PATH: /usr/games
PATH: /usr/local/games
PATH: /snap/bin


## ----------- ##
## Core tests. ##
## ----------- ##

configure:2203: loading cache ./config.cache
configure:2334: checking for x86_64-pc-linux-gnu-gcc
configure:2361: result: gcc
configure:2630: checking for C compiler version
configure:2639: gcc --version >&5
gcc (Ubuntu 9.3.0-17ubuntu1~20.04) 9.3.0
Copyright (C) 2019 Free Software Foundation, Inc.
This is free software; see the source for copying conditions.  There is NO
warranty; not even for MERCHANTABILITY or FITNESS FOR A PARTICULAR PURPOSE.

configure:2650: $? = 0
configure:2639: gcc -v >&5
Using built-in specs.
COLLECT_GCC=gcc
COLLECT_LTO_WRAPPER=/usr/lib/gcc/x86_64-linux-gnu/9/lto-wrapper
OFFLOAD_TARGET_NAMES=nvptx-none:hsa
OFFLOAD_TARGET_DEFAULT=1
Target: x86_64-linux-gnu
Configured with: ../src/configure -v --with-pkgversion='Ubuntu 9.3.0-17ubuntu1~20.04' --with-bugurl=file:///usr/share/doc/gcc-9/README.Bugs --enable-languages=c,ada,c++,go,brig,d,fortran,objc,obj-c++,gm2 --prefix=/usr --with-gcc-major-version-only --program-suffix=-9 --program-prefix=x86_64-linux-gnu- --enable-shared --enable-linker-build-id --libexecdir=/usr/lib --without-included-gettext --enable-threads=posix --libdir=/usr/lib --enable-nls --enable-clocale=gnu --enable-libstdcxx-debug --enable-libstdcxx-time=yes --with-default-libstdcxx-abi=new --enable-gnu-unique-object --disable-vtable-verify --enable-plugin --enable-default-pie --with-system-zlib --with-target-system-zlib=auto --enable-objc-gc=auto --enable-multiarch --disable-werror --with-arch-32=i686 --with-abi=m64 --with-multilib-list=m32,m64,mx32 --enable-multilib --with-tune=generic --enable-offload-targets=nvptx-none=/build/gcc-9-HskZEa/gcc-9-9.3.0/debian/tmp-nvptx/usr,hsa --without-cuda-driver --enable-checking=release --build=x86_64-linux-gnu --host=x86_64-linux-gnu --target=x86_64-linux-gnu
Thread model: posix
gcc version 9.3.0 (Ubuntu 9.3.0-17ubuntu1~20.04) 
configure:2650: $? = 0
configure:2639: gcc -V >&5
gcc: error: unrecognized command line option '-V'
gcc: fatal error: no input files
compilation terminated.
configure:2650: $? = 1
configure:2639: gcc -qversion >&5
gcc: error: unrecognized command line option '-qversion'; did you mean '--version'?
gcc: fatal error: no input files
compilation terminated.
configure:2650: $? = 1
configure:2670: checking whether the C compiler works
configure:2692: gcc -g -O2    conftest.c  >&5
configure:2696: $? = 0
configure:2744: result: yes
configure:2747: checking for C compiler default output file name
configure:2749: result: a.out
configure:2755: checking for suffix of executables
configure:2762: gcc -o conftest -g -O2    conftest.c  >&5
configure:2766: $? = 0
configure:2788: result: 
configure:2810: checking whether we are cross compiling
configure:2818: gcc -o conftest -g -O2    conftest.c  >&5
configure:2822: $? = 0
configure:2829: ./conftest
configure:2833: $? = 0
configure:2821: result: no
configure:2826: checking for suffix of object files
configure:2873: result: o
configure:2877: checking whether we are using the GNU C compiler
configure:2905: result: yes
configure:2914: checking whether gcc accepts -g
configure:2975: result: yes
configure:2992: checking for gcc option to accept ISO C89
configure:3068: result: none needed
configure:3093: checking whether gcc understands -c and -o together
configure:3130: result: yes
configure:3153: checking how to run the C preprocessor
configure:3223: result: gcc -E
configure:3243: gcc -E  conftest.c
configure:3243: $? = 0
configure:3257: gcc -E  conftest.c
conftest.c:9:10: fatal error: ac_nonexistent.h: No such file or directory
    9 | #include <ac_nonexistent.h>
      |          ^~~~~~~~~~~~~~~~~~
compilation terminated.
configure:3257: $? = 1
configure: failed program was:
| /* confdefs.h */
| #define PACKAGE_NAME "libctf library"
| #define PACKAGE_TARNAME "libctf-library"
| #define PACKAGE_VERSION "1.2.0-pre"
| #define PACKAGE_STRING "libctf library 1.2.0-pre"
| #define PACKAGE_BUGREPORT ""
| #define PACKAGE_URL ""
| /* end confdefs.h.  */
| #include <ac_nonexistent.h>
configure:3286: checking for grep that handles long lines and -e
configure:3344: result: /usr/bin/grep
configure:3349: checking for egrep
configure:3411: result: /usr/bin/grep -E
configure:3416: checking for ANSI C header files
configure:3520: result: yes
configure:3533: checking for sys/types.h
configure:3533: result: yes
configure:3533: checking for sys/stat.h
configure:3533: result: yes
configure:3533: checking for stdlib.h
configure:3533: result: yes
configure:3533: checking for string.h
configure:3533: result: yes
configure:3533: checking for memory.h
configure:3533: result: yes
configure:3533: checking for strings.h
configure:3533: result: yes
configure:3533: checking for inttypes.h
configure:3533: result: yes
configure:3533: checking for stdint.h
configure:3533: result: yes
configure:3533: checking for unistd.h
configure:3533: result: yes
configure:3546: checking for minix/config.h
configure:3546: result: no
configure:3567: checking whether it is safe to define __EXTENSIONS__
configure:3592: result: yes
configure:3622: checking for a BSD-compatible install
configure:3690: result: /usr/bin/install -c
configure:3701: checking whether build environment is sane
configure:3756: result: yes
configure:3902: checking for a thread-safe mkdir -p
configure:3941: result: /usr/bin/mkdir -p
configure:3948: checking for gawk
configure:3975: result: mawk
configure:3986: checking whether make sets $(MAKE)
configure:4008: result: yes
configure:4038: checking for style of include used by make
configure:4066: result: GNU
configure:4100: checking whether make supports nested variables
configure:4117: result: yes
configure:4202: checking dependency style of gcc
configure:4313: result: gcc3
configure:4373: checking whether make sets $(MAKE)
configure:4395: result: yes
configure:4412: checking for x86_64-pc-linux-gnu-gcc
configure:4439: result: gcc
configure:4708: checking for C compiler version
configure:4717: gcc --version >&5
gcc (Ubuntu 9.3.0-17ubuntu1~20.04) 9.3.0
Copyright (C) 2019 Free Software Foundation, Inc.
This is free software; see the source for copying conditions.  There is NO
warranty; not even for MERCHANTABILITY or FITNESS FOR A PARTICULAR PURPOSE.

configure:4728: $? = 0
configure:4717: gcc -v >&5
Using built-in specs.
COLLECT_GCC=gcc
COLLECT_LTO_WRAPPER=/usr/lib/gcc/x86_64-linux-gnu/9/lto-wrapper
OFFLOAD_TARGET_NAMES=nvptx-none:hsa
OFFLOAD_TARGET_DEFAULT=1
Target: x86_64-linux-gnu
Configured with: ../src/configure -v --with-pkgversion='Ubuntu 9.3.0-17ubuntu1~20.04' --with-bugurl=file:///usr/share/doc/gcc-9/README.Bugs --enable-languages=c,ada,c++,go,brig,d,fortran,objc,obj-c++,gm2 --prefix=/usr --with-gcc-major-version-only --program-suffix=-9 --program-prefix=x86_64-linux-gnu- --enable-shared --enable-linker-build-id --libexecdir=/usr/lib --without-included-gettext --enable-threads=posix --libdir=/usr/lib --enable-nls --enable-clocale=gnu --enable-libstdcxx-debug --enable-libstdcxx-time=yes --with-default-libstdcxx-abi=new --enable-gnu-unique-object --disable-vtable-verify --enable-plugin --enable-default-pie --with-system-zlib --with-target-system-zlib=auto --enable-objc-gc=auto --enable-multiarch --disable-werror --with-arch-32=i686 --with-abi=m64 --with-multilib-list=m32,m64,mx32 --enable-multilib --with-tune=generic --enable-offload-targets=nvptx-none=/build/gcc-9-HskZEa/gcc-9-9.3.0/debian/tmp-nvptx/usr,hsa --without-cuda-driver --enable-checking=release --build=x86_64-linux-gnu --host=x86_64-linux-gnu --target=x86_64-linux-gnu
Thread model: posix
gcc version 9.3.0 (Ubuntu 9.3.0-17ubuntu1~20.04) 
configure:4728: $? = 0
configure:4717: gcc -V >&5
gcc: error: unrecognized command line option '-V'
gcc: fatal error: no input files
compilation terminated.
configure:4728: $? = 1
configure:4717: gcc -qversion >&5
gcc: error: unrecognized command line option '-qversion'; did you mean '--version'?
gcc: fatal error: no input files
compilation terminated.
configure:4728: $? = 1
configure:4732: checking whether we are using the GNU C compiler
configure:4760: result: yes
configure:4769: checking whether gcc accepts -g
configure:4830: result: yes
configure:4847: checking for gcc option to accept ISO C89
configure:4923: result: none needed
configure:4948: checking whether gcc understands -c and -o together
configure:4985: result: yes
configure:5005: checking for x86_64-pc-linux-gnu-ranlib
configure:5032: result: ranlib
configure:5099: checking for x86_64-pc-linux-gnu-ar
configure:5126: result: ar
configure:5196: checking the archiver (ar) interface
configure:5245: result: ar
configure:5278: checking whether NLS is requested
configure:5284: result: yes
configure:5290: checking for catalogs to be installed
configure:5322: result: 
configure:5397: checking build system type
configure:5411: result: x86_64-pc-linux-gnu
configure:5431: checking host system type
configure:5444: result: x86_64-pc-linux-gnu
configure:5485: checking how to print strings
configure:5512: result: printf
configure:5533: checking for a sed that does not truncate output
configure:5597: result: /usr/bin/sed
configure:5615: checking for fgrep
configure:5677: result: /usr/bin/grep -F
configure:5712: checking for ld used by gcc
configure:5779: result: ld
configure:5786: checking if the linker (ld) is GNU ld
configure:5801: result: yes
configure:5813: checking for BSD- or MS-compatible name lister (nm)
configure:5862: result: nm
configure:5992: checking the name lister (nm) interface
configure:6012: result: BSD nm
configure:6015: checking whether ln -s works
configure:6019: result: yes
configure:6027: checking the maximum length of command line arguments
configure:6152: result: 1572864
configure:6169: checking whether the shell understands some XSI constructs
configure:6178: result: yes
configure:6182: checking whether the shell understands "+="
configure:6186: result: yes
configure:6221: checking for ld option to reload object files
configure:6228: result: -r
configure:6257: checking for x86_64-pc-linux-gnu-objdump
configure:6284: result: objdump
configure:6356: checking how to recognize dependent libraries
configure:6557: result: pass_all
configure:6577: checking for x86_64-pc-linux-gnu-ar
configure:6604: result: ar
configure:6682: checking for x86_64-pc-linux-gnu-strip
configure:6712: result: no
configure:6722: checking for strip
configure:6749: result: strip
configure:6781: checking for x86_64-pc-linux-gnu-ranlib
configure:6808: result: ranlib
configure:6950: checking command to parse nm output from gcc object
configure:7173: result: ok
configure:7268: gcc -c -g -O2  conftest.c >&5
configure:7271: $? = 0
configure:8021: checking for dlfcn.h
configure:8021: result: yes
configure:8178: checking for objdir
configure:8193: result: .libs
configure:8464: checking if gcc supports -fno-rtti -fno-exceptions
configure:8499: result: no
configure:8519: checking for gcc option to produce PIC
configure:8805: result: -fPIC -DPIC
configure:8817: checking if gcc PIC flag -fPIC -DPIC works
configure:8852: result: yes
configure:8876: checking if gcc static flag -static works
configure:8904: result: yes
configure:8919: checking if gcc supports -c -o file.o
configure:8966: result: yes
configure:8974: checking if gcc supports -c -o file.o
configure:9021: result: yes
configure:9054: checking whether the gcc linker (ld -m elf_x86_64) supports shared libraries
configure:10125: result: yes
configure:10370: checking dynamic linker characteristics
configure:11043: result: GNU/Linux ld.so
configure:11150: checking how to hardcode library paths into programs
configure:11175: result: immediate
configure:11715: checking whether stripping libraries is possible
configure:11720: result: yes
configure:11755: checking if libtool supports shared libraries
configure:11757: result: yes
configure:11760: checking whether to build shared libraries
configure:11781: result: no
configure:11784: checking whether to build static libraries
configure:11788: result: yes
configure:11830: checking for special C compiler options needed for large files
configure:11875: result: no
configure:11881: checking for _FILE_OFFSET_BITS value needed for large files
configure:11938: result: no
configure:12029: checking for aclocal
configure:12056: result: ${SHELL} /home/terminator-128/Documents/os/binutils-2.35/missing aclocal-1.15
configure:12072: checking for autoconf
configure:12099: result: ${SHELL} /home/terminator-128/Documents/os/binutils-2.35/missing autoconf
configure:12115: checking for autoheader
configure:12142: result: ${SHELL} /home/terminator-128/Documents/os/binutils-2.35/missing autoheader
configure:12176: checking whether gcc supports -W
configure:12202: result: yes
configure:12176: checking whether gcc supports -Wall
configure:12202: result: yes
configure:12176: checking whether gcc supports -Wnarrowing
configure:12202: result: yes
configure:12176: checking whether gcc supports -Wwrite-strings
configure:12202: result: yes
configure:12176: checking whether gcc supports -Wmissing-format-attribute
configure:12202: result: yes
configure:12234: checking whether gcc supports -Wstrict-prototypes
configure:12260: result: yes
configure:12234: checking whether gcc supports -Wmissing-prototypes
configure:12260: result: yes
configure:12234: checking whether gcc supports -Wold-style-definition
configure:12260: result: yes
configure:12284: checking whether gcc supports -pedantic -Wlong-long
configure:12310: result: yes
configure:12354: checking whether to enable maintainer-specific portions of Makefiles
configure:12363: result: no
configure:12391: checking whether to install libbfd
configure:12404: result: no
configure:12449: checking whether gcc supports -Wall
configure:12475: result: yes
configure:12496: checking for stdlib.h
configure:12496: result: yes
configure:12496: checking for unistd.h
configure:12496: result: yes
configure:12496: checking for sys/param.h
configure:12496: result: yes
configure:12516: checking for getpagesize
configure:12516: result: yes
configure:12525: checking for working mmap
configure:12682: result: yes
configure:12692: checking for library containing dlopen
configure:12740: result: -ldl
configure:12778: checking for ELF support in BFD
configure:12805: result: yes
configure:12817: checking whether byte ordering is bigendian
configure:13023: result: no
configure:13044: checking for byteswap.h
configure:13044: result: yes
configure:13044: checking for endian.h
configure:13044: result: yes
configure:13056: checking for pread
configure:13056: result: yes
configure:13066: checking whether asprintf is declared
configure:13066: result: yes
configure:13077: checking whether bswap_16 is declared
configure:13077: result: yes
configure:13088: checking whether bswap_32 is declared
configure:13088: result: yes
configure:13099: checking whether bswap_64 is declared
configure:13099: result: yes
configure:13118: checking for qsort_r
configure:13118: result: yes
configure:13131: checking for qsort_r signature
configure:13191: result: GNU
configure:13214: checking for O_CLOEXEC
configure:13242: result: yes
configure:13412: checking that generated files are newer than configure
configure:13418: result: done
configure:13454: creating ./config.status

## ---------------------- ##
## Running config.status. ##
## ---------------------- ##

This file was extended by libctf library config.status 1.2.0-pre, which was
generated by GNU Autoconf 2.69.  Invocation command line was

  CONFIG_FILES    = 
  CONFIG_HEADERS  = 
  CONFIG_LINKS    = 
  CONFIG_COMMANDS = 
  $ ./config.status 

on ubuntu

config.status:1121: creating Makefile
config.status:1121: creating config.h
config.status:1302: config.h is unchanged
config.status:1350: executing depfiles commands
config.status:1350: executing libtool commands

## ---------------- ##
## Cache variables. ##
## ---------------- ##

ac_cv_build=x86_64-pc-linux-gnu
ac_cv_c_bigendian=no
ac_cv_c_compiler_gnu=yes
ac_cv_env_CC_set=set
ac_cv_env_CC_value=gcc
ac_cv_env_CFLAGS_set=set
ac_cv_env_CFLAGS_value='-g -O2'
ac_cv_env_CPPFLAGS_set=
ac_cv_env_CPPFLAGS_value=
ac_cv_env_CPP_set=
ac_cv_env_CPP_value=
ac_cv_env_LDFLAGS_set=set
ac_cv_env_LDFLAGS_value=' '
ac_cv_env_LIBS_set=
ac_cv_env_LIBS_value=
ac_cv_env_build_alias_set=set
ac_cv_env_build_alias_value=x86_64-pc-linux-gnu
ac_cv_env_host_alias_set=set
ac_cv_env_host_alias_value=x86_64-pc-linux-gnu
ac_cv_env_target_alias_set=set
ac_cv_env_target_alias_value=i386-elf
ac_cv_func_getpagesize=yes
ac_cv_func_mmap_fixed_mapped=yes
ac_cv_func_pread=yes
ac_cv_func_qsort_r=yes
ac_cv_have_decl_asprintf=yes
ac_cv_have_decl_bswap_16=yes
ac_cv_have_decl_bswap_32=yes
ac_cv_have_decl_bswap_64=yes
ac_cv_header_byteswap_h=yes
ac_cv_header_dlfcn_h=yes
ac_cv_header_endian_h=yes
ac_cv_header_inttypes_h=yes
ac_cv_header_memory_h=yes
ac_cv_header_minix_config_h=no
ac_cv_header_stdc=yes
ac_cv_header_stdint_h=yes
ac_cv_header_stdlib_h=yes
ac_cv_header_string_h=yes
ac_cv_header_strings_h=yes
ac_cv_header_sys_param_h=yes
ac_cv_header_sys_stat_h=yes
ac_cv_header_sys_types_h=yes
ac_cv_header_unistd_h=yes
ac_cv_host=x86_64-pc-linux-gnu
ac_cv_libctf_bfd_elf=yes
ac_cv_libctf_macro_O_CLOEXEC=yes
ac_cv_libctf_qsort_r_signature=GNU
ac_cv_objext=o
ac_cv_path_EGREP='/usr/bin/grep -E'
ac_cv_path_FGREP='/usr/bin/grep -F'
ac_cv_path_GREP=/usr/bin/grep
ac_cv_path_SED=/usr/bin/sed
ac_cv_path_mkdir=/usr/bin/mkdir
ac_cv_prog_ACLOCAL='${SHELL} /home/terminator-128/Documents/os/binutils-2.35/missing aclocal-1.15'
ac_cv_prog_AR=ar
ac_cv_prog_AUTOCONF='${SHELL} /home/terminator-128/Documents/os/binutils-2.35/missing autoconf'
ac_cv_prog_AUTOHEADER='${SHELL} /home/terminator-128/Documents/os/binutils-2.35/missing autoheader'
ac_cv_prog_AWK=mawk
ac_cv_prog_CC=gcc
ac_cv_prog_CPP='gcc -E'
ac_cv_prog_OBJDUMP=objdump
ac_cv_prog_RANLIB=ranlib
ac_cv_prog_ac_ct_STRIP=strip
ac_cv_prog_cc_c89=
ac_cv_prog_cc_g=yes
ac_cv_prog_make_make_set=yes
ac_cv_safe_to_define___extensions__=yes
ac_cv_search_dlopen=-ldl
ac_cv_sys_file_offset_bits=no
ac_cv_sys_largefile_CC=no
acx_cv_prog_cc_pedantic__Wlong_long=yes
acx_cv_prog_cc_warning__W=yes
acx_cv_prog_cc_warning__Wall=yes
acx_cv_prog_cc_warning__Wmissing_format_attribute=yes
acx_cv_prog_cc_warning__Wmissing_prototypes=yes
acx_cv_prog_cc_warning__Wnarrowing=yes
acx_cv_prog_cc_warning__Wold_style_definition=yes
acx_cv_prog_cc_warning__Wstrict_prototypes=yes
acx_cv_prog_cc_warning__Wwrite_strings=yes
am_cv_CC_dependencies_compiler_type=gcc3
am_cv_ar_interface=ar
am_cv_make_support_nested_variables=yes
am_cv_prog_cc_c_o=yes
lt_cv_deplibs_check_method=pass_all
lt_cv_file_magic_cmd='$MAGIC_CMD'
lt_cv_file_magic_test_file=
lt_cv_ld_reload_flag=-r
lt_cv_nm_interface='BSD nm'
lt_cv_objdir=.libs
lt_cv_path_LD=ld
lt_cv_path_NM=nm
lt_cv_prog_compiler_c_o=yes
lt_cv_prog_compiler_pic_works=yes
lt_cv_prog_compiler_rtti_exceptions=no
lt_cv_prog_compiler_static_works=yes
lt_cv_prog_gnu_ld=yes
lt_cv_shlibpath_overrides_runpath=yes
lt_cv_sys_global_symbol_pipe='sed -n -e '\''s/^.*[	 ]\([ABCDGIRSTW][ABCDGIRSTW]*\)[	 ][	 ]*\([_A-Za-z][_A-Za-z0-9]*\)$/\1 \2 \2/p'\'''
lt_cv_sys_global_symbol_to_c_name_address='sed -n -e '\''s/^: \([^ ]*\) $/  {\"\1\", (void *) 0},/p'\'' -e '\''s/^[ABCDGIRSTW]* \([^ ]*\) \([^ ]*\)$/  {"\2", (void *) \&\2},/p'\'''
lt_cv_sys_global_symbol_to_c_name_address_lib_prefix='sed -n -e '\''s/^: \([^ ]*\) $/  {\"\1\", (void *) 0},/p'\'' -e '\''s/^[ABCDGIRSTW]* \([^ ]*\) \(lib[^ ]*\)$/  {"\2", (void *) \&\2},/p'\'' -e '\''s/^[ABCDGIRSTW]* \([^ ]*\) \([^ ]*\)$/  {"lib\2", (void *) \&\2},/p'\'''
lt_cv_sys_global_symbol_to_cdecl='sed -n -e '\''s/^T .* \(.*\)$/extern int \1();/p'\'' -e '\''s/^[ABCDGIRSTW]* .* \(.*\)$/extern char \1;/p'\'''
lt_cv_sys_max_cmd_len=1572864

## ----------------- ##
## Output variables. ##
## ----------------- ##

ACLOCAL='${SHELL} /home/terminator-128/Documents/os/binutils-2.35/missing aclocal-1.15'
AMDEPBACKSLASH='\'
AMDEP_FALSE='#'
AMDEP_TRUE=''
AMTAR='$${TAR-tar}'
AM_BACKSLASH='\'
AM_DEFAULT_V='$(AM_DEFAULT_VERBOSITY)'
AM_DEFAULT_VERBOSITY='1'
AM_V='$(V)'
AR='ar'
AUTOCONF='${SHELL} /home/terminator-128/Documents/os/binutils-2.35/missing autoconf'
AUTOHEADER='${SHELL} /home/terminator-128/Documents/os/binutils-2.35/missing autoheader'
AUTOMAKE='${SHELL} /home/terminator-128/Documents/os/Stanford_CS140/binutils-2.35/missing automake-1.15'
AWK='mawk'
BFD_DEPENDENCIES=''
BFD_LIBADD=''
CATALOGS=''
CATOBJEXT='.gmo'
CC='gcc'
CCDEPMODE='depmode=gcc3'
CFLAGS='-g -O2'
CPP='gcc -E'
CPPFLAGS=''
CYGPATH_W='echo'
DATADIRNAME='share'
DEFS='-DHAVE_CONFIG_H'
DEPDIR='.deps'
DSYMUTIL=''
DUMPBIN=''
ECHO_C=''
ECHO_N='-n'
ECHO_T=''
EGREP='/usr/bin/grep -E'
EXEEXT=''
FGREP='/usr/bin/grep -F'
GENCAT='gencat'
GMSGFMT='/usr/bin/msgfmt'
GREP='/usr/bin/grep'
INCINTL=''
INSTALL_DATA='/usr/bin/install -c -m 644'
INSTALL_LIBBFD_FALSE=''
INSTALL_LIBBFD_TRUE='#'
INSTALL_PROGRAM='/usr/bin/install -c'
INSTALL_SCRIPT='/usr/bin/install -c'
INSTALL_STRIP_PROGRAM='$(install_sh) -c -s'
INSTOBJEXT='.mo'
LD='ld -m elf_x86_64'
LDFLAGS=' '
LIBINTL=''
LIBINTL_DEP=''
LIBOBJS=''
LIBS='-ldl '
LIBTOOL='$(SHELL) $(top_builddir)/libtool'
LIPO=''
LN_S='ln -s'
LTLIBOBJS=''
MAINT='#'
MAINTAINER_MODE_FALSE=''
MAINTAINER_MODE_TRUE='#'
MAKEINFO='makeinfo --split-size=5000000'
MKDIR_P='/usr/bin/mkdir -p'
NEED_CTF_QSORT_R_FALSE=''
NEED_CTF_QSORT_R_TRUE='#'
NM='nm'
NMEDIT=''
OBJDUMP='objdump'
OBJEXT='o'
OTOOL64=''
OTOOL=''
PACKAGE='libctf-library'
PACKAGE_BUGREPORT=''
PACKAGE_NAME='libctf library'
PACKAGE_STRING='libctf library 1.2.0-pre'
PACKAGE_TARNAME='libctf-library'
PACKAGE_URL=''
PACKAGE_VERSION='1.2.0-pre'
PATH_SEPARATOR=':'
POSUB='po'
RANLIB='ranlib'
SED='/usr/bin/sed'
SET_MAKE=''
SHARED_LDFLAGS=''
SHARED_LIBADD=''
SHELL='/bin/bash'
STRIP='strip'
USE_NLS='yes'
VERSION='1.2.0-pre'
VERSION_FLAGS='-Wl,--version-script='\''./libctf.ver'\'''
WARN_PEDANTIC='-pedantic -Wno-long-long'
WERROR=''
XGETTEXT='/usr/bin/xgettext'
ac_ct_AR=''
ac_ct_CC=''
ac_ct_DUMPBIN=''
ac_libctf_warn_cflags='-Wall'
am__EXEEXT_FALSE=''
am__EXEEXT_TRUE='#'
am__fastdepCC_FALSE='#'
am__fastdepCC_TRUE=''
am__include='include'
am__isrc=''
am__leading_dot='.'
am__nodep='_no'
am__quote=''
am__tar='$${TAR-tar} chof - "$$tardir"'
am__untar='$${TAR-tar} xf -'
bfdincludedir='$(exec_prefix)/$(host_noncanonical)/$(target_noncanonical)/include'
bfdlibdir='$(exec_prefix)/$(host_noncanonical)/$(target_noncanonical)/lib'
bindir='${exec_prefix}/bin'
build='x86_64-pc-linux-gnu'
build_alias='x86_64-pc-linux-gnu'
build_cpu='x86_64'
build_os='linux-gnu'
build_vendor='pc'
c_warn='-Wstrict-prototypes -Wmissing-prototypes -Wold-style-definition'
datadir='${datarootdir}'
datarootdir='${prefix}/share'
docdir='${datarootdir}/doc/${PACKAGE_TARNAME}'
dvidir='${docdir}'
exec_prefix='${prefix}'
host='x86_64-pc-linux-gnu'
host_alias='x86_64-pc-linux-gnu'
host_cpu='x86_64'
host_noncanonical='x86_64-pc-linux-gnu'
host_os='linux-gnu'
host_vendor='pc'
htmldir='${docdir}'
includedir='${prefix}/include'
infodir='${datarootdir}/info'
install_sh='${SHELL} /home/terminator-128/Documents/os/Stanford_CS140/binutils-2.35/install-sh'
libdir='${exec_prefix}/lib'
libexecdir='${exec_prefix}/libexec'
localedir='${datarootdir}/locale'
localstatedir='${prefix}/var'
mandir='${datarootdir}/man'
mkdir_p='$(MKDIR_P)'
oldincludedir='/usr/include'
pdfdir='${docdir}'
prefix='/usr/local'
program_transform_name='s&^&i386-elf-&'
psdir='${docdir}'
sbindir='${exec_prefix}/sbin'
sharedstatedir='${prefix}/com'
sysconfdir='${prefix}/etc'
target_alias='i386-elf'
target_noncanonical='i386-elf'
warn='-W -Wall -Wno-narrowing -Wwrite-strings -Wmissing-format-attribute'
zlibdir='-L$(top_builddir)/../zlib'
zlibinc='-I$(top_srcdir)/../zlib'

## ----------- ##
## confdefs.h. ##
## ----------- ##

/* confdefs.h */
#define PACKAGE_NAME "libctf library"
#define PACKAGE_TARNAME "libctf-library"
#define PACKAGE_VERSION "1.2.0-pre"
#define PACKAGE_STRING "libctf library 1.2.0-pre"
#define PACKAGE_BUGREPORT ""
#define PACKAGE_URL ""
#define STDC_HEADERS 1
#define HAVE_SYS_TYPES_H 1
#define HAVE_SYS_STAT_H 1
#define HAVE_STDLIB_H 1
#define HAVE_STRING_H 1
#define HAVE_MEMORY_H 1
#define HAVE_STRINGS_H 1
#define HAVE_INTTYPES_H 1
#define HAVE_STDINT_H 1
#define HAVE_UNISTD_H 1
#define __EXTENSIONS__ 1
#define _ALL_SOURCE 1
#define _GNU_SOURCE 1
#define _POSIX_PTHREAD_SEMANTICS 1
#define _TANDEM_SOURCE 1
#define PACKAGE "libctf-library"
#define VERSION "1.2.0-pre"
#define ENABLE_NLS 1
#define HAVE_DLFCN_H 1
#define LT_OBJDIR ".libs/"
#define HAVE_STDLIB_H 1
#define HAVE_UNISTD_H 1
#define HAVE_SYS_PARAM_H 1
#define HAVE_GETPAGESIZE 1
#define HAVE_MMAP 1
#define HAVE_BFD_ELF 1
#define HAVE_BYTESWAP_H 1
#define HAVE_ENDIAN_H 1
#define HAVE_PREAD 1
#define HAVE_DECL_ASPRINTF 1
#define HAVE_DECL_BSWAP_16 1
#define HAVE_DECL_BSWAP_32 1
#define HAVE_DECL_BSWAP_64 1
#define HAVE_QSORT_R 1
#define HAVE_QSORT_R_ARG_LAST 1
#define HAVE_O_CLOEXEC 1

configure: exit 0
