This file contains any messages produced by compilers while
running configure, to aid debugging if configure makes a mistake.

It was created by opcodes configure 2.35, which was
generated by GNU Autoconf 2.69.  Invocation command line was

  $ /home/terminator-128/Documents/os/Stanford_CS140/binutils-2.35/opcodes/configure --srcdir=.././opcodes --cache-file=./config.cache --with-gnu-as --with-gnu-ld --prefix=/usr/local --disable-werror --program-transform-name=s&^&i386-elf-& --disable-option-checking --build=x86_64-pc-linux-gnu --host=x86_64-pc-linux-gnu --target=i386-elf

## --------- ##
## Platform. ##
## --------- ##

hostname = ubuntu
uname -m = x86_64
uname -r = 5.4.0-47-generic
uname -s = Linux
uname -v = #51-Ubuntu SMP Fri Sep 4 19:50:52 UTC 2020

/usr/bin/uname -p = x86_64
/bin/uname -X     = unknown

/bin/arch              = x86_64
/usr/bin/arch -k       = unknown
/usr/convex/getsysinfo = unknown
/usr/bin/hostinfo      = unknown
/bin/machine           = unknown
/usr/bin/oslevel       = unknown
/bin/universe          = unknown

PATH: /usr/local/sbin
PATH: /usr/local/bin
PATH: /usr/sbin
PATH: /usr/bin
PATH: /sbin
PATH: /bin
PATH: /usr/games
PATH: /usr/local/games
PATH: /snap/bin


## ----------- ##
## Core tests. ##
## ----------- ##

configure:2216: loading cache ./config.cache
configure:2335: checking build system type
configure:2349: result: x86_64-pc-linux-gnu
configure:2369: checking host system type
configure:2382: result: x86_64-pc-linux-gnu
configure:2402: checking target system type
configure:2415: result: i386-pc-elf
configure:2452: checking for x86_64-pc-linux-gnu-gcc
configure:2479: result: gcc
configure:2748: checking for C compiler version
configure:2757: gcc --version >&5
gcc (Ubuntu 9.3.0-17ubuntu1~20.04) 9.3.0
Copyright (C) 2019 Free Software Foundation, Inc.
This is free software; see the source for copying conditions.  There is NO
warranty; not even for MERCHANTABILITY or FITNESS FOR A PARTICULAR PURPOSE.

configure:2768: $? = 0
configure:2757: gcc -v >&5
Using built-in specs.
COLLECT_GCC=gcc
COLLECT_LTO_WRAPPER=/usr/lib/gcc/x86_64-linux-gnu/9/lto-wrapper
OFFLOAD_TARGET_NAMES=nvptx-none:hsa
OFFLOAD_TARGET_DEFAULT=1
Target: x86_64-linux-gnu
Configured with: ../src/configure -v --with-pkgversion='Ubuntu 9.3.0-17ubuntu1~20.04' --with-bugurl=file:///usr/share/doc/gcc-9/README.Bugs --enable-languages=c,ada,c++,go,brig,d,fortran,objc,obj-c++,gm2 --prefix=/usr --with-gcc-major-version-only --program-suffix=-9 --program-prefix=x86_64-linux-gnu- --enable-shared --enable-linker-build-id --libexecdir=/usr/lib --without-included-gettext --enable-threads=posix --libdir=/usr/lib --enable-nls --enable-clocale=gnu --enable-libstdcxx-debug --enable-libstdcxx-time=yes --with-default-libstdcxx-abi=new --enable-gnu-unique-object --disable-vtable-verify --enable-plugin --enable-default-pie --with-system-zlib --with-target-system-zlib=auto --enable-objc-gc=auto --enable-multiarch --disable-werror --with-arch-32=i686 --with-abi=m64 --with-multilib-list=m32,m64,mx32 --enable-multilib --with-tune=generic --enable-offload-targets=nvptx-none=/build/gcc-9-HskZEa/gcc-9-9.3.0/debian/tmp-nvptx/usr,hsa --without-cuda-driver --enable-checking=release --build=x86_64-linux-gnu --host=x86_64-linux-gnu --target=x86_64-linux-gnu
Thread model: posix
gcc version 9.3.0 (Ubuntu 9.3.0-17ubuntu1~20.04) 
configure:2768: $? = 0
configure:2757: gcc -V >&5
gcc: error: unrecognized command line option '-V'
gcc: fatal error: no input files
compilation terminated.
configure:2768: $? = 1
configure:2757: gcc -qversion >&5
gcc: error: unrecognized command line option '-qversion'; did you mean '--version'?
gcc: fatal error: no input files
compilation terminated.
configure:2768: $? = 1
configure:2788: checking whether the C compiler works
configure:2810: gcc -g -O2    conftest.c  >&5
configure:2814: $? = 0
configure:2862: result: yes
configure:2865: checking for C compiler default output file name
configure:2867: result: a.out
configure:2873: checking for suffix of executables
configure:2880: gcc -o conftest -g -O2    conftest.c  >&5
configure:2884: $? = 0
configure:2906: result: 
configure:2928: checking whether we are cross compiling
configure:2936: gcc -o conftest -g -O2    conftest.c  >&5
configure:2940: $? = 0
configure:2947: ./conftest
configure:2951: $? = 0
configure:2939: result: no
configure:2944: checking for suffix of object files
configure:2991: result: o
configure:2995: checking whether we are using the GNU C compiler
configure:3023: result: yes
configure:3032: checking whether gcc accepts -g
configure:3093: result: yes
configure:3110: checking for gcc option to accept ISO C89
configure:3186: result: none needed
configure:3211: checking whether gcc understands -c and -o together
configure:3248: result: yes
configure:3266: checking for library containing strerror
configure:3314: result: none required
configure:3339: checking for a BSD-compatible install
configure:3407: result: /usr/bin/install -c
configure:3418: checking whether build environment is sane
configure:3473: result: yes
configure:3619: checking for a thread-safe mkdir -p
configure:3658: result: /usr/bin/mkdir -p
configure:3665: checking for gawk
configure:3692: result: mawk
configure:3703: checking whether make sets $(MAKE)
configure:3725: result: yes
configure:3755: checking for style of include used by make
configure:3783: result: GNU
configure:3817: checking whether make supports nested variables
configure:3834: result: yes
configure:3919: checking dependency style of gcc
configure:4030: result: gcc3
configure:4097: checking for x86_64-pc-linux-gnu-gcc
configure:4124: result: gcc
configure:4393: checking for C compiler version
configure:4402: gcc --version >&5
gcc (Ubuntu 9.3.0-17ubuntu1~20.04) 9.3.0
Copyright (C) 2019 Free Software Foundation, Inc.
This is free software; see the source for copying conditions.  There is NO
warranty; not even for MERCHANTABILITY or FITNESS FOR A PARTICULAR PURPOSE.

configure:4413: $? = 0
configure:4402: gcc -v >&5
Using built-in specs.
COLLECT_GCC=gcc
COLLECT_LTO_WRAPPER=/usr/lib/gcc/x86_64-linux-gnu/9/lto-wrapper
OFFLOAD_TARGET_NAMES=nvptx-none:hsa
OFFLOAD_TARGET_DEFAULT=1
Target: x86_64-linux-gnu
Configured with: ../src/configure -v --with-pkgversion='Ubuntu 9.3.0-17ubuntu1~20.04' --with-bugurl=file:///usr/share/doc/gcc-9/README.Bugs --enable-languages=c,ada,c++,go,brig,d,fortran,objc,obj-c++,gm2 --prefix=/usr --with-gcc-major-version-only --program-suffix=-9 --program-prefix=x86_64-linux-gnu- --enable-shared --enable-linker-build-id --libexecdir=/usr/lib --without-included-gettext --enable-threads=posix --libdir=/usr/lib --enable-nls --enable-clocale=gnu --enable-libstdcxx-debug --enable-libstdcxx-time=yes --with-default-libstdcxx-abi=new --enable-gnu-unique-object --disable-vtable-verify --enable-plugin --enable-default-pie --with-system-zlib --with-target-system-zlib=auto --enable-objc-gc=auto --enable-multiarch --disable-werror --with-arch-32=i686 --with-abi=m64 --with-multilib-list=m32,m64,mx32 --enable-multilib --with-tune=generic --enable-offload-targets=nvptx-none=/build/gcc-9-HskZEa/gcc-9-9.3.0/debian/tmp-nvptx/usr,hsa --without-cuda-driver --enable-checking=release --build=x86_64-linux-gnu --host=x86_64-linux-gnu --target=x86_64-linux-gnu
Thread model: posix
gcc version 9.3.0 (Ubuntu 9.3.0-17ubuntu1~20.04) 
configure:4413: $? = 0
configure:4402: gcc -V >&5
gcc: error: unrecognized command line option '-V'
gcc: fatal error: no input files
compilation terminated.
configure:4413: $? = 1
configure:4402: gcc -qversion >&5
gcc: error: unrecognized command line option '-qversion'; did you mean '--version'?
gcc: fatal error: no input files
compilation terminated.
configure:4413: $? = 1
configure:4417: checking whether we are using the GNU C compiler
configure:4445: result: yes
configure:4454: checking whether gcc accepts -g
configure:4515: result: yes
configure:4532: checking for gcc option to accept ISO C89
configure:4608: result: none needed
configure:4633: checking whether gcc understands -c and -o together
configure:4670: result: yes
configure:4692: checking how to run the C preprocessor
configure:4762: result: gcc -E
configure:4782: gcc -E  conftest.c
configure:4782: $? = 0
configure:4796: gcc -E  conftest.c
conftest.c:11:10: fatal error: ac_nonexistent.h: No such file or directory
   11 | #include <ac_nonexistent.h>
      |          ^~~~~~~~~~~~~~~~~~
compilation terminated.
configure:4796: $? = 1
configure: failed program was:
| /* confdefs.h */
| #define PACKAGE_NAME "opcodes"
| #define PACKAGE_TARNAME "opcodes"
| #define PACKAGE_VERSION "2.35"
| #define PACKAGE_STRING "opcodes 2.35"
| #define PACKAGE_BUGREPORT ""
| #define PACKAGE_URL ""
| #define PACKAGE "opcodes"
| #define VERSION "2.35"
| /* end confdefs.h.  */
| #include <ac_nonexistent.h>
configure:4825: checking for grep that handles long lines and -e
configure:4883: result: /usr/bin/grep
configure:4888: checking for egrep
configure:4950: result: /usr/bin/grep -E
configure:4955: checking for ANSI C header files
configure:5059: result: yes
configure:5072: checking for sys/types.h
configure:5072: result: yes
configure:5072: checking for sys/stat.h
configure:5072: result: yes
configure:5072: checking for stdlib.h
configure:5072: result: yes
configure:5072: checking for string.h
configure:5072: result: yes
configure:5072: checking for memory.h
configure:5072: result: yes
configure:5072: checking for strings.h
configure:5072: result: yes
configure:5072: checking for inttypes.h
configure:5072: result: yes
configure:5072: checking for stdint.h
configure:5072: result: yes
configure:5072: checking for unistd.h
configure:5072: result: yes
configure:5085: checking for minix/config.h
configure:5085: result: no
configure:5106: checking whether it is safe to define __EXTENSIONS__
configure:5131: result: yes
configure:5151: checking for x86_64-pc-linux-gnu-ar
configure:5178: result: ar
configure:5243: checking for x86_64-pc-linux-gnu-ranlib
configure:5270: result: ranlib
configure:5411: checking how to print strings
configure:5438: result: printf
configure:5459: checking for a sed that does not truncate output
configure:5523: result: /usr/bin/sed
configure:5541: checking for fgrep
configure:5603: result: /usr/bin/grep -F
configure:5638: checking for ld used by gcc
configure:5705: result: ld
configure:5712: checking if the linker (ld) is GNU ld
configure:5727: result: yes
configure:5739: checking for BSD- or MS-compatible name lister (nm)
configure:5788: result: nm
configure:5918: checking the name lister (nm) interface
configure:5938: result: BSD nm
configure:5941: checking whether ln -s works
configure:5945: result: yes
configure:5953: checking the maximum length of command line arguments
configure:6078: result: 1572864
configure:6095: checking whether the shell understands some XSI constructs
configure:6104: result: yes
configure:6108: checking whether the shell understands "+="
configure:6112: result: yes
configure:6147: checking for ld option to reload object files
configure:6154: result: -r
configure:6183: checking for x86_64-pc-linux-gnu-objdump
configure:6210: result: objdump
configure:6282: checking how to recognize dependent libraries
configure:6483: result: pass_all
configure:6503: checking for x86_64-pc-linux-gnu-ar
configure:6530: result: ar
configure:6608: checking for x86_64-pc-linux-gnu-strip
configure:6638: result: no
configure:6648: checking for strip
configure:6675: result: strip
configure:6707: checking for x86_64-pc-linux-gnu-ranlib
configure:6734: result: ranlib
configure:6876: checking command to parse nm output from gcc object
configure:7099: result: ok
configure:7194: gcc -c -g -O2  conftest.c >&5
configure:7197: $? = 0
configure:7947: checking for dlfcn.h
configure:7947: result: yes
configure:8104: checking for objdir
configure:8119: result: .libs
configure:8390: checking if gcc supports -fno-rtti -fno-exceptions
configure:8425: result: no
configure:8445: checking for gcc option to produce PIC
configure:8731: result: -fPIC -DPIC
configure:8743: checking if gcc PIC flag -fPIC -DPIC works
configure:8778: result: yes
configure:8802: checking if gcc static flag -static works
configure:8830: result: yes
configure:8845: checking if gcc supports -c -o file.o
configure:8892: result: yes
configure:8900: checking if gcc supports -c -o file.o
configure:8947: result: yes
configure:8980: checking whether the gcc linker (ld -m elf_x86_64) supports shared libraries
configure:10051: result: yes
configure:10296: checking dynamic linker characteristics
configure:10969: result: GNU/Linux ld.so
configure:11076: checking how to hardcode library paths into programs
configure:11101: result: immediate
configure:11641: checking whether stripping libraries is possible
configure:11646: result: yes
configure:11681: checking if libtool supports shared libraries
configure:11683: result: yes
configure:11686: checking whether to build shared libraries
configure:11707: result: no
configure:11710: checking whether to build static libraries
configure:11714: result: yes
configure:11924: checking whether to enable maintainer-specific portions of Makefiles
configure:11933: result: no
configure:11961: checking whether to install libbfd
configure:11974: result: no
configure:12020: checking whether NLS is requested
configure:12026: result: yes
configure:12032: checking for catalogs to be installed
configure:12064: result:  da de es fi fr ga id it nl pt_BR ro sr sv tr uk vi zh_CN da de es fi fr ga id it nl pt_BR ro sr sv tr uk vi zh_CN
configure:12091: checking whether NLS is requested
configure:12100: result: yes
configure:12138: checking for msgfmt
configure:12169: result: /usr/bin/msgfmt
configure:12178: checking for gmsgfmt
configure:12209: result: /usr/bin/msgfmt
configure:12249: checking for xgettext
configure:12280: result: /usr/bin/xgettext
configure:12320: checking for msgmerge
configure:12350: result: /usr/bin/msgmerge
configure:12432: checking for string.h
configure:12432: result: yes
configure:12432: checking for strings.h
configure:12432: result: yes
configure:12432: checking for stdlib.h
configure:12432: result: yes
configure:12432: checking for limits.h
configure:12432: result: yes
configure:12442: checking whether string.h and strings.h may both be included
configure:12466: result: yes
configure:12475: checking whether basename is declared
configure:12475: result: yes
configure:12485: checking whether stpcpy is declared
configure:12485: result: yes
configure:12499: checking for sigsetjmp
configure:12517: gcc -c -g -O2  conftest.c >&5
configure:12517: $? = 0
configure:12524: result: 
configure:12568: checking linker --as-needed support
configure:12579: result: yes
configure:12670: checking for cos in -lm
configure:12704: result: yes
configure:13059: checking that generated files are newer than configure
configure:13065: result: done
configure:13100: creating ./config.status

## ---------------------- ##
## Running config.status. ##
## ---------------------- ##

This file was extended by opcodes config.status 2.35, which was
generated by GNU Autoconf 2.69.  Invocation command line was

  CONFIG_FILES    = 
  CONFIG_HEADERS  = 
  CONFIG_LINKS    = 
  CONFIG_COMMANDS = 
  $ ./config.status 

on ubuntu

config.status:1133: creating Makefile
config.status:1133: creating po/Makefile.in
config.status:1133: creating config.h
config.status:1314: config.h is unchanged
config.status:1362: executing depfiles commands
config.status:1362: executing libtool commands
config.status:1362: executing default-1 commands

## ---------------- ##
## Cache variables. ##
## ---------------- ##

ac_cv_build=x86_64-pc-linux-gnu
ac_cv_c_compiler_gnu=yes
ac_cv_env_CC_set=set
ac_cv_env_CC_value=gcc
ac_cv_env_CFLAGS_set=set
ac_cv_env_CFLAGS_value='-g -O2'
ac_cv_env_CPPFLAGS_set=
ac_cv_env_CPPFLAGS_value=
ac_cv_env_CPP_set=
ac_cv_env_CPP_value=
ac_cv_env_LDFLAGS_set=set
ac_cv_env_LDFLAGS_value=' '
ac_cv_env_LIBS_set=
ac_cv_env_LIBS_value=
ac_cv_env_build_alias_set=set
ac_cv_env_build_alias_value=x86_64-pc-linux-gnu
ac_cv_env_host_alias_set=set
ac_cv_env_host_alias_value=x86_64-pc-linux-gnu
ac_cv_env_target_alias_set=set
ac_cv_env_target_alias_value=i386-elf
ac_cv_have_decl_basename=yes
ac_cv_have_decl_stpcpy=yes
ac_cv_header_dlfcn_h=yes
ac_cv_header_inttypes_h=yes
ac_cv_header_limits_h=yes
ac_cv_header_memory_h=yes
ac_cv_header_minix_config_h=no
ac_cv_header_stdc=yes
ac_cv_header_stdint_h=yes
ac_cv_header_stdlib_h=yes
ac_cv_header_string_h=yes
ac_cv_header_strings_h=yes
ac_cv_header_sys_stat_h=yes
ac_cv_header_sys_types_h=yes
ac_cv_header_unistd_h=yes
ac_cv_host=x86_64-pc-linux-gnu
ac_cv_lib_m_cos=yes
ac_cv_objext=o
ac_cv_path_EGREP='/usr/bin/grep -E'
ac_cv_path_FGREP='/usr/bin/grep -F'
ac_cv_path_GMSGFMT=/usr/bin/msgfmt
ac_cv_path_GREP=/usr/bin/grep
ac_cv_path_MSGFMT=/usr/bin/msgfmt
ac_cv_path_MSGMERGE=/usr/bin/msgmerge
ac_cv_path_SED=/usr/bin/sed
ac_cv_path_XGETTEXT=/usr/bin/xgettext
ac_cv_path_mkdir=/usr/bin/mkdir
ac_cv_prog_AR=ar
ac_cv_prog_AWK=mawk
ac_cv_prog_CC=gcc
ac_cv_prog_CPP='gcc -E'
ac_cv_prog_OBJDUMP=objdump
ac_cv_prog_RANLIB=ranlib
ac_cv_prog_ac_ct_STRIP=strip
ac_cv_prog_cc_c89=
ac_cv_prog_cc_g=yes
ac_cv_prog_make_make_set=yes
ac_cv_safe_to_define___extensions__=yes
ac_cv_search_strerror='none required'
ac_cv_target=i386-pc-elf
am_cv_CC_dependencies_compiler_type=gcc3
am_cv_make_support_nested_variables=yes
am_cv_prog_cc_c_o=yes
bfd_cv_func_sigsetjmp=yes
bfd_cv_ld_as_needed=yes
gcc_cv_header_string=yes
lt_cv_deplibs_check_method=pass_all
lt_cv_file_magic_cmd='$MAGIC_CMD'
lt_cv_file_magic_test_file=
lt_cv_ld_reload_flag=-r
lt_cv_nm_interface='BSD nm'
lt_cv_objdir=.libs
lt_cv_path_LD=ld
lt_cv_path_NM=nm
lt_cv_prog_compiler_c_o=yes
lt_cv_prog_compiler_pic_works=yes
lt_cv_prog_compiler_rtti_exceptions=no
lt_cv_prog_compiler_static_works=yes
lt_cv_prog_gnu_ld=yes
lt_cv_shlibpath_overrides_runpath=yes
lt_cv_sys_global_symbol_pipe='sed -n -e '\''s/^.*[	 ]\([ABCDGIRSTW][ABCDGIRSTW]*\)[	 ][	 ]*\([_A-Za-z][_A-Za-z0-9]*\)$/\1 \2 \2/p'\'''
lt_cv_sys_global_symbol_to_c_name_address='sed -n -e '\''s/^: \([^ ]*\) $/  {\"\1\", (void *) 0},/p'\'' -e '\''s/^[ABCDGIRSTW]* \([^ ]*\) \([^ ]*\)$/  {"\2", (void *) \&\2},/p'\'''
lt_cv_sys_global_symbol_to_c_name_address_lib_prefix='sed -n -e '\''s/^: \([^ ]*\) $/  {\"\1\", (void *) 0},/p'\'' -e '\''s/^[ABCDGIRSTW]* \([^ ]*\) \(lib[^ ]*\)$/  {"\2", (void *) \&\2},/p'\'' -e '\''s/^[ABCDGIRSTW]* \([^ ]*\) \([^ ]*\)$/  {"lib\2", (void *) \&\2},/p'\'''
lt_cv_sys_global_symbol_to_cdecl='sed -n -e '\''s/^T .* \(.*\)$/extern int \1();/p'\'' -e '\''s/^[ABCDGIRSTW]* .* \(.*\)$/extern char \1;/p'\'''
lt_cv_sys_max_cmd_len=1572864

## ----------------- ##
## Output variables. ##
## ----------------- ##

ACLOCAL='${SHELL} /home/terminator-128/Documents/os/Stanford_CS140/binutils-2.35/missing aclocal-1.15'
AMDEPBACKSLASH='\'
AMDEP_FALSE='#'
AMDEP_TRUE=''
AMTAR='$${TAR-tar}'
AM_BACKSLASH='\'
AM_DEFAULT_V='$(AM_DEFAULT_VERBOSITY)'
AM_DEFAULT_VERBOSITY='1'
AM_V='$(V)'
AR='ar'
AUTOCONF='${SHELL} /home/terminator-128/Documents/os/Stanford_CS140/binutils-2.35/missing autoconf'
AUTOHEADER='${SHELL} /home/terminator-128/Documents/os/Stanford_CS140/binutils-2.35/missing autoheader'
AUTOMAKE='${SHELL} /home/terminator-128/Documents/os/Stanford_CS140/binutils-2.35/missing automake-1.15'
AWK='mawk'
BFD_MACHINES=' i386-dis.lo i386-opc.lo'
BUILD_LIBS='../libiberty/libiberty.a '
BUILD_LIB_DEPS='../libiberty/libiberty.a '
CATALOGS=' da.gmo de.gmo es.gmo fi.gmo fr.gmo ga.gmo id.gmo it.gmo nl.gmo pt_BR.gmo ro.gmo sr.gmo sv.gmo tr.gmo uk.gmo vi.gmo zh_CN.gmo da.gmo de.gmo es.gmo fi.gmo fr.gmo ga.gmo id.gmo it.gmo nl.gmo pt_BR.gmo ro.gmo sr.gmo sv.gmo tr.gmo uk.gmo vi.gmo zh_CN.gmo'
CATOBJEXT='.gmo'
CC='gcc'
CCDEPMODE='depmode=gcc3'
CC_FOR_BUILD='gcc'
CFLAGS='-g -O2'
CGEN_MAINT_FALSE=''
CGEN_MAINT_TRUE='#'
CPP='gcc -E'
CPPFLAGS=''
CYGPATH_W='echo'
DATADIRNAME='share'
DEFS='-DHAVE_CONFIG_H'
DEPDIR='.deps'
DSYMUTIL=''
DUMPBIN=''
ECHO_C=''
ECHO_N='-n'
ECHO_T=''
EGREP='/usr/bin/grep -E'
EXEEXT=''
EXEEXT_FOR_BUILD='$(EXEEXT)'
FGREP='/usr/bin/grep -F'
GENCAT='gencat'
GMSGFMT='/usr/bin/msgfmt'
GREP='/usr/bin/grep'
HDEFINES=''
INCINTL=''
INSTALL_DATA='/usr/bin/install -c -m 644'
INSTALL_LIBBFD_FALSE=''
INSTALL_LIBBFD_TRUE='#'
INSTALL_PROGRAM='/usr/bin/install -c'
INSTALL_SCRIPT='/usr/bin/install -c'
INSTALL_STRIP_PROGRAM='$(install_sh) -c -s'
INSTOBJEXT='.mo'
LD='ld -m elf_x86_64'
LDFLAGS=' '
LIBINTL=''
LIBINTL_DEP=''
LIBM='-lm'
LIBOBJS=''
LIBS=''
LIBTOOL='$(SHELL) $(top_builddir)/libtool'
LIPO=''
LN_S='ln -s'
LTLIBOBJS=''
MAINT='#'
MAINTAINER_MODE_FALSE=''
MAINTAINER_MODE_TRUE='#'
MAKEINFO='makeinfo --split-size=5000000'
MKDIR_P='/usr/bin/mkdir -p'
MKINSTALLDIRS='$(top_builddir)/./../mkinstalldirs'
MSGFMT='/usr/bin/msgfmt'
MSGMERGE='/usr/bin/msgmerge'
NM='nm'
NMEDIT=''
NO_WERROR=''
OBJDUMP='objdump'
OBJEXT='o'
OTOOL64=''
OTOOL=''
PACKAGE='opcodes'
PACKAGE_BUGREPORT=''
PACKAGE_NAME='opcodes'
PACKAGE_STRING='opcodes 2.35'
PACKAGE_TARNAME='opcodes'
PACKAGE_URL=''
PACKAGE_VERSION='2.35'
PATH_SEPARATOR=':'
POSUB='po'
RANLIB='ranlib'
SED='/usr/bin/sed'
SET_MAKE=''
SHARED_DEPENDENCIES=''
SHARED_LDFLAGS=''
SHARED_LIBADD=''
SHELL='/bin/bash'
STRIP='strip'
USE_NLS='yes'
VERSION='2.35'
WARN_CFLAGS='-W -Wall -Wstrict-prototypes -Wmissing-prototypes -Wshadow -Wstack-usage=262144'
WARN_CFLAGS_FOR_BUILD='-W -Wall -Wstrict-prototypes -Wmissing-prototypes -Wshadow -Wstack-usage=262144'
WARN_WRITE_STRINGS='-Wwrite-strings'
XGETTEXT='/usr/bin/xgettext'
ac_ct_CC=''
ac_ct_DUMPBIN=''
am__EXEEXT_FALSE=''
am__EXEEXT_TRUE='#'
am__fastdepCC_FALSE='#'
am__fastdepCC_TRUE=''
am__include='include'
am__isrc=''
am__leading_dot='.'
am__nodep='_no'
am__quote=''
am__tar='$${TAR-tar} chof - "$$tardir"'
am__untar='$${TAR-tar} xf -'
archdefs=' -DARCH_i386 -DARCH_iamcu'
bfdincludedir='$(exec_prefix)/$(host_noncanonical)/$(target_noncanonical)/include'
bfdlibdir='$(exec_prefix)/$(host_noncanonical)/$(target_noncanonical)/lib'
bindir='${exec_prefix}/bin'
build='x86_64-pc-linux-gnu'
build_alias='x86_64-pc-linux-gnu'
build_cpu='x86_64'
build_os='linux-gnu'
build_vendor='pc'
cgendir='$(srcdir)/../cgen'
datadir='${datarootdir}'
datarootdir='${prefix}/share'
docdir='${datarootdir}/doc/${PACKAGE_TARNAME}'
dvidir='${docdir}'
exec_prefix='${prefix}'
host='x86_64-pc-linux-gnu'
host_alias='x86_64-pc-linux-gnu'
host_cpu='x86_64'
host_noncanonical='x86_64-pc-linux-gnu'
host_os='linux-gnu'
host_vendor='pc'
htmldir='${docdir}'
includedir='${prefix}/include'
infodir='${datarootdir}/info'
install_sh='${SHELL} /home/terminator-128/Documents/os/Stanford_CS140/binutils-2.35/install-sh'
libdir='${exec_prefix}/lib'
libexecdir='${exec_prefix}/libexec'
localedir='${datarootdir}/locale'
localstatedir='${prefix}/var'
mandir='${datarootdir}/man'
mkdir_p='$(MKDIR_P)'
oldincludedir='/usr/include'
pdfdir='${docdir}'
prefix='/usr/local'
program_transform_name='s&^&i386-elf-&'
psdir='${docdir}'
sbindir='${exec_prefix}/sbin'
sharedstatedir='${prefix}/com'
sysconfdir='${prefix}/etc'
target='i386-pc-elf'
target_alias='i386-elf'
target_cpu='i386'
target_noncanonical='i386-elf'
target_os='elf'
target_vendor='pc'

## ----------- ##
## confdefs.h. ##
## ----------- ##

/* confdefs.h */
#define PACKAGE_NAME "opcodes"
#define PACKAGE_TARNAME "opcodes"
#define PACKAGE_VERSION "2.35"
#define PACKAGE_STRING "opcodes 2.35"
#define PACKAGE_BUGREPORT ""
#define PACKAGE_URL ""
#define PACKAGE "opcodes"
#define VERSION "2.35"
#define STDC_HEADERS 1
#define HAVE_SYS_TYPES_H 1
#define HAVE_SYS_STAT_H 1
#define HAVE_STDLIB_H 1
#define HAVE_STRING_H 1
#define HAVE_MEMORY_H 1
#define HAVE_STRINGS_H 1
#define HAVE_INTTYPES_H 1
#define HAVE_STDINT_H 1
#define HAVE_UNISTD_H 1
#define __EXTENSIONS__ 1
#define _ALL_SOURCE 1
#define _GNU_SOURCE 1
#define _POSIX_PTHREAD_SEMANTICS 1
#define _TANDEM_SOURCE 1
#define HAVE_DLFCN_H 1
#define LT_OBJDIR ".libs/"
#define ENABLE_NLS 1
#define HAVE_STRING_H 1
#define HAVE_STRINGS_H 1
#define HAVE_STDLIB_H 1
#define HAVE_LIMITS_H 1
#define STRING_WITH_STRINGS 1
#define HAVE_DECL_BASENAME 1
#define HAVE_DECL_STPCPY 1
#define HAVE_SIGSETJMP 1

configure: exit 0
