This file contains any messages produced by compilers while
running configure, to aid debugging if configure makes a mistake.

It was created by configure, which was
generated by GNU Autoconf 2.69.  Invocation command line was

  $ /home/terminator-128/Documents/os/Stanford_CS140/binutils-2.35/libiberty/configure --srcdir=.././libiberty --cache-file=./config.cache --with-gnu-as --with-gnu-ld --prefix=/usr/local --disable-werror --program-transform-name=s&^&i386-elf-& --disable-option-checking --build=x86_64-pc-linux-gnu --host=x86_64-pc-linux-gnu --target=i386-elf

## --------- ##
## Platform. ##
## --------- ##

hostname = ubuntu
uname -m = x86_64
uname -r = 5.4.0-47-generic
uname -s = Linux
uname -v = #51-Ubuntu SMP Fri Sep 4 19:50:52 UTC 2020

/usr/bin/uname -p = x86_64
/bin/uname -X     = unknown

/bin/arch              = x86_64
/usr/bin/arch -k       = unknown
/usr/convex/getsysinfo = unknown
/usr/bin/hostinfo      = unknown
/bin/machine           = unknown
/usr/bin/oslevel       = unknown
/bin/universe          = unknown

PATH: /usr/local/sbin
PATH: /usr/local/bin
PATH: /usr/sbin
PATH: /usr/bin
PATH: /sbin
PATH: /bin
PATH: /usr/games
PATH: /usr/local/games
PATH: /snap/bin


## ----------- ##
## Core tests. ##
## ----------- ##

configure:2371: loading cache ./config.cache
configure:2539: checking whether to enable maintainer-specific portions of Makefiles
configure:2549: result: no
configure:2564: checking for makeinfo
configure:2591: result: /home/terminator-128/Documents/os/binutils-2.35/missing makeinfo --split-size=5000000
configure:2608: WARNING:
*** Makeinfo is missing. Info documentation will not be built.
configure:2631: checking for perl
configure:2658: result: perl
configure:2677: checking build system type
configure:2691: result: x86_64-pc-linux-gnu
configure:2711: checking host system type
configure:2724: result: x86_64-pc-linux-gnu
configure:2749: checking for x86_64-pc-linux-gnu-ar
configure:2776: result: ar
configure:2841: checking for x86_64-pc-linux-gnu-ranlib
configure:2868: result: ranlib
configure:2953: checking whether to install libiberty headers and static library
configure:2976: result: no
configure:2978: target_header_dir = 
configure:2990: checking for x86_64-pc-linux-gnu-gcc
configure:3017: result: gcc
configure:3286: checking for C compiler version
configure:3295: gcc --version >&5
gcc (Ubuntu 9.3.0-17ubuntu1~20.04) 9.3.0
Copyright (C) 2019 Free Software Foundation, Inc.
This is free software; see the source for copying conditions.  There is NO
warranty; not even for MERCHANTABILITY or FITNESS FOR A PARTICULAR PURPOSE.

configure:3306: $? = 0
configure:3295: gcc -v >&5
Using built-in specs.
COLLECT_GCC=gcc
COLLECT_LTO_WRAPPER=/usr/lib/gcc/x86_64-linux-gnu/9/lto-wrapper
OFFLOAD_TARGET_NAMES=nvptx-none:hsa
OFFLOAD_TARGET_DEFAULT=1
Target: x86_64-linux-gnu
Configured with: ../src/configure -v --with-pkgversion='Ubuntu 9.3.0-17ubuntu1~20.04' --with-bugurl=file:///usr/share/doc/gcc-9/README.Bugs --enable-languages=c,ada,c++,go,brig,d,fortran,objc,obj-c++,gm2 --prefix=/usr --with-gcc-major-version-only --program-suffix=-9 --program-prefix=x86_64-linux-gnu- --enable-shared --enable-linker-build-id --libexecdir=/usr/lib --without-included-gettext --enable-threads=posix --libdir=/usr/lib --enable-nls --enable-clocale=gnu --enable-libstdcxx-debug --enable-libstdcxx-time=yes --with-default-libstdcxx-abi=new --enable-gnu-unique-object --disable-vtable-verify --enable-plugin --enable-default-pie --with-system-zlib --with-target-system-zlib=auto --enable-objc-gc=auto --enable-multiarch --disable-werror --with-arch-32=i686 --with-abi=m64 --with-multilib-list=m32,m64,mx32 --enable-multilib --with-tune=generic --enable-offload-targets=nvptx-none=/build/gcc-9-HskZEa/gcc-9-9.3.0/debian/tmp-nvptx/usr,hsa --without-cuda-driver --enable-checking=release --build=x86_64-linux-gnu --host=x86_64-linux-gnu --target=x86_64-linux-gnu
Thread model: posix
gcc version 9.3.0 (Ubuntu 9.3.0-17ubuntu1~20.04) 
configure:3306: $? = 0
configure:3295: gcc -V >&5
gcc: error: unrecognized command line option '-V'
gcc: fatal error: no input files
compilation terminated.
configure:3306: $? = 1
configure:3295: gcc -qversion >&5
gcc: error: unrecognized command line option '-qversion'; did you mean '--version'?
gcc: fatal error: no input files
compilation terminated.
configure:3306: $? = 1
configure:3322: gcc -o conftest -g -O2    conftest.c  >&5
configure:3325: $? = 0
configure:3354: checking whether the C compiler works
configure:3376: gcc -g -O2    conftest.c  >&5
configure:3380: $? = 0
configure:3428: result: yes
configure:3431: checking for C compiler default output file name
configure:3433: result: a.out
configure:3439: checking for suffix of executables
configure:3446: gcc -o conftest -g -O2    conftest.c  >&5
configure:3450: $? = 0
configure:3472: result: 
configure:3494: checking whether we are cross compiling
configure:3502: gcc -o conftest -g -O2    conftest.c  >&5
configure:3506: $? = 0
configure:3513: ./conftest
configure:3517: $? = 0
configure:3532: result: no
configure:3505: checking for suffix of object files
configure:3552: result: o
configure:3556: checking whether we are using the GNU C compiler
configure:3584: result: yes
configure:3593: checking whether gcc accepts -g
configure:3654: result: yes
configure:3671: checking for gcc option to accept ISO C89
configure:3747: result: none needed
configure:3773: checking how to run the C preprocessor
configure:3843: result: gcc -E
configure:3863: gcc -E  conftest.c
configure:3863: $? = 0
configure:3877: gcc -E  conftest.c
conftest.c:9:10: fatal error: ac_nonexistent.h: No such file or directory
    9 | #include <ac_nonexistent.h>
      |          ^~~~~~~~~~~~~~~~~~
compilation terminated.
configure:3877: $? = 1
configure: failed program was:
| /* confdefs.h */
| #define PACKAGE_NAME ""
| #define PACKAGE_TARNAME ""
| #define PACKAGE_VERSION ""
| #define PACKAGE_STRING ""
| #define PACKAGE_BUGREPORT ""
| #define PACKAGE_URL ""
| /* end confdefs.h.  */
| #include <ac_nonexistent.h>
configure:3906: checking for grep that handles long lines and -e
configure:3964: result: /usr/bin/grep
configure:3969: checking for egrep
configure:4031: result: /usr/bin/grep -E
configure:4036: checking for ANSI C header files
configure:4140: result: yes
configure:4153: checking for sys/types.h
configure:4153: result: yes
configure:4153: checking for sys/stat.h
configure:4153: result: yes
configure:4153: checking for stdlib.h
configure:4153: result: yes
configure:4153: checking for string.h
configure:4153: result: yes
configure:4153: checking for memory.h
configure:4153: result: yes
configure:4153: checking for strings.h
configure:4153: result: yes
configure:4153: checking for inttypes.h
configure:4153: result: yes
configure:4153: checking for stdint.h
configure:4153: result: yes
configure:4153: checking for unistd.h
configure:4153: result: yes
configure:4166: checking for minix/config.h
configure:4166: result: no
configure:4187: checking whether it is safe to define __EXTENSIONS__
configure:4212: result: yes
configure:4234: checking for special C compiler options needed for large files
configure:4279: result: no
configure:4285: checking for _FILE_OFFSET_BITS value needed for large files
configure:4342: result: no
configure:4449: checking whether gcc supports -W
configure:4475: result: yes
configure:4449: checking whether gcc supports -Wall
configure:4475: result: yes
configure:4449: checking whether gcc supports -Wwrite-strings
configure:4475: result: yes
configure:4449: checking whether gcc supports -Wc++-compat
configure:4475: result: yes
configure:4449: checking whether gcc supports -Wstrict-prototypes
configure:4475: result: yes
configure:4449: checking whether gcc supports -Wshadow=local
configure:4475: result: yes
configure:4498: checking whether gcc supports -pedantic 
configure:4524: result: yes
configure:4540: checking whether gcc and cc understand -c and -o together
configure:4640: result: yes
configure:4659: checking for an ANSI C-conforming const
configure:4732: result: yes
configure:4740: checking for inline
configure:4764: result: inline
configure:4782: checking whether byte ordering is bigendian
configure:4988: result: no
configure:5027: checking for a BSD-compatible install
configure:5095: result: /usr/bin/install -c
configure:5246: checking for CET support
configure:5275: gcc -c -g -O2 -fcf-protection  conftest.c >&5
configure:5275: $? = 0
configure:5331: gcc -o conftest -g -O2 -fcf-protection=none    -Wl,-z,ibt,-z,shstk conftest.c  >&5
configure:5331: $? = 0
configure:5378: gcc -o conftest -g -O2 -fcf-protection=none    -Wl,-z,ibt,-z,shstk conftest.c  >&5
configure:5378: $? = 0
configure:5378: ./conftest
configure:5378: $? = 0
configure:5398: result: yes
configure:5436: checking for sys/file.h
configure:5436: result: yes
configure:5436: checking for sys/param.h
configure:5436: result: yes
configure:5436: checking for limits.h
configure:5436: result: yes
configure:5436: checking for stdlib.h
configure:5436: result: yes
configure:5436: checking for malloc.h
configure:5436: result: yes
configure:5436: checking for string.h
configure:5436: result: yes
configure:5436: checking for unistd.h
configure:5436: result: yes
configure:5436: checking for strings.h
configure:5436: result: yes
configure:5436: checking for sys/time.h
configure:5436: result: yes
configure:5436: checking for time.h
configure:5436: result: yes
configure:5436: checking for sys/resource.h
configure:5436: result: yes
configure:5436: checking for sys/stat.h
configure:5436: result: yes
configure:5436: checking for sys/mman.h
configure:5436: result: yes
configure:5436: checking for fcntl.h
configure:5436: result: yes
configure:5436: checking for alloca.h
configure:5436: result: yes
configure:5436: checking for sys/pstat.h
configure:5436: result: no
configure:5436: checking for sys/sysmp.h
configure:5436: result: no
configure:5436: checking for sys/sysinfo.h
configure:5436: result: yes
configure:5436: checking for machine/hal_sysinfo.h
configure:5436: result: no
configure:5436: checking for sys/table.h
configure:5436: result: no
configure:5436: checking for sys/sysctl.h
configure:5436: result: no
configure:5436: checking for sys/systemcfg.h
configure:5436: result: no
configure:5436: checking for stdint.h
configure:5436: result: yes
configure:5436: checking for stdio_ext.h
configure:5436: result: yes
configure:5436: checking for process.h
configure:5436: result: no
configure:5436: checking for sys/prctl.h
configure:5436: result: yes
configure:5445: checking for sys/wait.h that is POSIX.1 compatible
configure:5478: result: yes
configure:5486: checking whether time.h and sys/time.h may both be included
configure:5513: result: yes
configure:5522: checking whether errno must be declared
configure:5545: result: no
configure:5559: checking size of int
configure:5578: result: 4
configure:5592: checking size of long
configure:5611: result: 8
configure:5625: checking size of size_t
configure:5644: result: 8
configure:5656: checking for long long
configure:5656: result: yes
configure:5664: checking size of long long
configure:5683: result: 8
configure:5697: checking for a 64-bit type
configure:5765: result: uint64_t
configure:5776: checking for intptr_t
configure:5776: result: yes
configure:5812: checking for uintptr_t
configure:5812: result: yes
configure:5848: checking for ssize_t
configure:5848: result: yes
configure:5867: checking for pid_t
configure:5867: result: yes
configure:6549: checking for library containing strerror
configure:6600: result: none required
configure:6611: checking for asprintf
configure:6611: result: yes
configure:6611: checking for atexit
configure:6611: result: yes
configure:6611: checking for basename
configure:6611: result: yes
configure:6611: checking for bcmp
configure:6611: result: yes
configure:6611: checking for bcopy
configure:6611: result: yes
configure:6611: checking for bsearch
configure:6611: result: yes
configure:6611: checking for bzero
configure:6611: result: yes
configure:6611: checking for calloc
configure:6611: result: yes
configure:6611: checking for clock
configure:6611: result: yes
configure:6611: checking for ffs
configure:6611: result: yes
configure:6611: checking for getcwd
configure:6611: result: yes
configure:6611: checking for getpagesize
configure:6611: result: yes
configure:6611: checking for gettimeofday
configure:6611: result: yes
configure:6611: checking for index
configure:6611: result: yes
configure:6611: checking for insque
configure:6611: result: yes
configure:6611: checking for memchr
configure:6611: result: yes
configure:6611: checking for memcmp
configure:6611: result: yes
configure:6611: checking for memcpy
configure:6611: result: yes
configure:6611: checking for memmem
configure:6611: result: yes
configure:6611: checking for memmove
configure:6611: result: yes
configure:6611: checking for mempcpy
configure:6611: result: yes
configure:6611: checking for memset
configure:6611: result: yes
configure:6611: checking for mkstemps
configure:6611: result: yes
configure:6611: checking for putenv
configure:6611: result: yes
configure:6611: checking for random
configure:6611: result: yes
configure:6611: checking for rename
configure:6611: result: yes
configure:6611: checking for rindex
configure:6611: result: yes
configure:6611: checking for setenv
configure:6611: result: yes
configure:6611: checking for snprintf
configure:6611: result: yes
configure:6611: checking for sigsetmask
configure:6611: result: yes
configure:6611: checking for stpcpy
configure:6611: result: yes
configure:6611: checking for stpncpy
configure:6611: result: yes
configure:6611: checking for strcasecmp
configure:6611: result: yes
configure:6611: checking for strchr
configure:6611: result: yes
configure:6611: checking for strdup
configure:6611: result: yes
configure:6611: checking for strncasecmp
configure:6611: result: yes
configure:6611: checking for strndup
configure:6611: result: yes
configure:6611: checking for strnlen
configure:6611: result: yes
configure:6611: checking for strrchr
configure:6611: result: yes
configure:6611: checking for strstr
configure:6611: result: yes
configure:6611: checking for strtod
configure:6611: result: yes
configure:6611: checking for strtol
configure:6611: result: yes
configure:6611: checking for strtoul
configure:6611: result: yes
configure:6611: checking for strtoll
configure:6611: result: yes
configure:6611: checking for strtoull
configure:6611: result: yes
configure:6611: checking for strverscmp
configure:6611: result: yes
configure:6611: checking for tmpnam
configure:6611: result: yes
configure:6611: checking for vasprintf
configure:6611: result: yes
configure:6611: checking for vfprintf
configure:6611: result: yes
configure:6611: checking for vprintf
configure:6611: result: yes
configure:6611: checking for vsnprintf
configure:6611: result: yes
configure:6611: checking for vsprintf
configure:6611: result: yes
configure:6611: checking for waitpid
configure:6611: result: yes
configure:6611: checking for setproctitle
configure:6611: result: no
configure:6627: checking whether alloca needs Cray hooks
configure:6650: result: no
configure:6667: checking stack direction for C alloca
configure:6704: result: -1
configure:6714: checking for vfork.h
configure:6714: result: no
configure:6726: checking for fork
configure:6726: result: yes
configure:6726: checking for vfork
configure:6726: result: yes
configure:6736: checking for working fork
configure:6768: result: yes
configure:6789: checking for working vfork
configure:6899: result: yes
configure:6953: checking for _doprnt
configure:6953: result: no
configure:6965: checking for sys_errlist
configure:6994: result: yes
configure:6965: checking for sys_nerr
configure:6994: result: yes
configure:6965: checking for sys_siglist
configure:6994: result: yes
configure:7009: checking for external symbol _system_configuration
configure:7022: gcc -c -g -O2  conftest.c >&5
conftest.c:115:10: fatal error: sys/systemcfg.h: No such file or directory
  115 | #include <sys/systemcfg.h>
      |          ^~~~~~~~~~~~~~~~~
compilation terminated.
configure:7022: $? = 1
configure: failed program was:
| /* confdefs.h */
| #define PACKAGE_NAME ""
| #define PACKAGE_TARNAME ""
| #define PACKAGE_VERSION ""
| #define PACKAGE_STRING ""
| #define PACKAGE_BUGREPORT ""
| #define PACKAGE_URL ""
| #define STDC_HEADERS 1
| #define HAVE_SYS_TYPES_H 1
| #define HAVE_SYS_STAT_H 1
| #define HAVE_STDLIB_H 1
| #define HAVE_STRING_H 1
| #define HAVE_MEMORY_H 1
| #define HAVE_STRINGS_H 1
| #define HAVE_INTTYPES_H 1
| #define HAVE_STDINT_H 1
| #define HAVE_UNISTD_H 1
| #define __EXTENSIONS__ 1
| #define _ALL_SOURCE 1
| #define _GNU_SOURCE 1
| #define _POSIX_PTHREAD_SEMANTICS 1
| #define _TANDEM_SOURCE 1
| #define HAVE_SYS_FILE_H 1
| #define HAVE_SYS_PARAM_H 1
| #define HAVE_LIMITS_H 1
| #define HAVE_STDLIB_H 1
| #define HAVE_MALLOC_H 1
| #define HAVE_STRING_H 1
| #define HAVE_UNISTD_H 1
| #define HAVE_STRINGS_H 1
| #define HAVE_SYS_TIME_H 1
| #define HAVE_TIME_H 1
| #define HAVE_SYS_RESOURCE_H 1
| #define HAVE_SYS_STAT_H 1
| #define HAVE_SYS_MMAN_H 1
| #define HAVE_FCNTL_H 1
| #define HAVE_ALLOCA_H 1
| #define HAVE_SYS_SYSINFO_H 1
| #define HAVE_STDINT_H 1
| #define HAVE_STDIO_EXT_H 1
| #define HAVE_SYS_PRCTL_H 1
| #define HAVE_SYS_WAIT_H 1
| #define TIME_WITH_SYS_TIME 1
| #define SIZEOF_INT 4
| #define SIZEOF_LONG 8
| #define SIZEOF_SIZE_T 8
| #define HAVE_LONG_LONG 1
| #define SIZEOF_LONG_LONG 8
| #define UNSIGNED_64BIT_TYPE uint64_t
| #define HAVE_INTPTR_T 1
| #define HAVE_UINTPTR_T 1
| #define HAVE_UINTPTR_T 1
| #define HAVE_ASPRINTF 1
| #define HAVE_ATEXIT 1
| #define HAVE_BASENAME 1
| #define HAVE_BCMP 1
| #define HAVE_BCOPY 1
| #define HAVE_BSEARCH 1
| #define HAVE_BZERO 1
| #define HAVE_CALLOC 1
| #define HAVE_CLOCK 1
| #define HAVE_FFS 1
| #define HAVE_GETCWD 1
| #define HAVE_GETPAGESIZE 1
| #define HAVE_GETTIMEOFDAY 1
| #define HAVE_INDEX 1
| #define HAVE_INSQUE 1
| #define HAVE_MEMCHR 1
| #define HAVE_MEMCMP 1
| #define HAVE_MEMCPY 1
| #define HAVE_MEMMEM 1
| #define HAVE_MEMMOVE 1
| #define HAVE_MEMPCPY 1
| #define HAVE_MEMSET 1
| #define HAVE_MKSTEMPS 1
| #define HAVE_PUTENV 1
| #define HAVE_RANDOM 1
| #define HAVE_RENAME 1
| #define HAVE_RINDEX 1
| #define HAVE_SETENV 1
| #define HAVE_SNPRINTF 1
| #define HAVE_SIGSETMASK 1
| #define HAVE_STPCPY 1
| #define HAVE_STPNCPY 1
| #define HAVE_STRCASECMP 1
| #define HAVE_STRCHR 1
| #define HAVE_STRDUP 1
| #define HAVE_STRNCASECMP 1
| #define HAVE_STRNDUP 1
| #define HAVE_STRNLEN 1
| #define HAVE_STRRCHR 1
| #define HAVE_STRSTR 1
| #define HAVE_STRTOD 1
| #define HAVE_STRTOL 1
| #define HAVE_STRTOUL 1
| #define HAVE_STRTOLL 1
| #define HAVE_STRTOULL 1
| #define HAVE_STRVERSCMP 1
| #define HAVE_TMPNAM 1
| #define HAVE_VASPRINTF 1
| #define HAVE_VFPRINTF 1
| #define HAVE_VPRINTF 1
| #define HAVE_VSNPRINTF 1
| #define HAVE_VSPRINTF 1
| #define HAVE_WAITPID 1
| #define STACK_DIRECTION -1
| #define HAVE_FORK 1
| #define HAVE_VFORK 1
| #define HAVE_WORKING_VFORK 1
| #define HAVE_WORKING_FORK 1
| #define HAVE_SYS_ERRLIST 1
| #define HAVE_SYS_NERR 1
| #define HAVE_SYS_SIGLIST 1
| /* end confdefs.h.  */
| #include <sys/systemcfg.h>
| int
| main ()
| {
| double x = _system_configuration.physmem;
|   ;
|   return 0;
| }
configure:7029: result: no
configure:7037: checking for __fsetlocking
configure:7037: result: yes
configure:7037: checking for canonicalize_file_name
configure:7037: result: yes
configure:7037: checking for dup3
configure:7037: result: yes
configure:7037: checking for getrlimit
configure:7037: result: yes
configure:7037: checking for getrusage
configure:7037: result: yes
configure:7037: checking for getsysinfo
configure:7037: result: no
configure:7037: checking for gettimeofday
configure:7037: result: yes
configure:7037: checking for on_exit
configure:7037: result: yes
configure:7037: checking for pipe2
configure:7037: result: yes
configure:7037: checking for psignal
configure:7037: result: yes
configure:7037: checking for pstat_getdynamic
configure:7037: result: no
configure:7037: checking for pstat_getstatic
configure:7037: result: no
configure:7037: checking for realpath
configure:7037: result: yes
configure:7037: checking for setrlimit
configure:7037: result: yes
configure:7037: checking for sbrk
configure:7037: result: yes
configure:7037: checking for spawnve
configure:7037: result: no
configure:7037: checking for spawnvpe
configure:7037: result: no
configure:7037: checking for strerror
configure:7037: result: yes
configure:7037: checking for strsignal
configure:7037: result: yes
configure:7037: checking for sysconf
configure:7037: result: yes
configure:7037: checking for sysctl
configure:7037: result: yes
configure:7037: checking for sysmp
configure:7037: result: no
configure:7037: checking for table
configure:7037: result: no
configure:7037: checking for times
configure:7037: result: yes
configure:7037: checking for wait3
configure:7037: result: yes
configure:7037: checking for wait4
configure:7037: result: yes
configure:7047: checking whether basename is declared
configure:7047: result: yes
configure:7057: checking whether ffs is declared
configure:7057: result: yes
configure:7067: checking whether asprintf is declared
configure:7067: result: yes
configure:7077: checking whether vasprintf is declared
configure:7077: result: yes
configure:7087: checking whether snprintf is declared
configure:7087: result: yes
configure:7097: checking whether vsnprintf is declared
configure:7097: result: yes
configure:7108: checking whether calloc is declared
configure:7108: result: yes
configure:7118: checking whether getenv is declared
configure:7118: result: yes
configure:7128: checking whether getopt is declared
configure:7128: result: yes
configure:7138: checking whether malloc is declared
configure:7138: result: yes
configure:7148: checking whether realloc is declared
configure:7148: result: yes
configure:7158: checking whether sbrk is declared
configure:7158: result: yes
configure:7169: checking whether strtol is declared
configure:7169: result: yes
configure:7179: checking whether strtoul is declared
configure:7179: result: yes
configure:7189: checking whether strtoll is declared
configure:7189: result: yes
configure:7199: checking whether strtoull is declared
configure:7199: result: yes
configure:7210: checking whether strverscmp is declared
configure:7210: result: yes
configure:7221: checking whether strnlen is declared
configure:7221: result: yes
configure:7232: checking whether canonicalize_file_name must be declared
configure:7271: result: no
configure:7296: checking for stdlib.h
configure:7296: result: yes
configure:7296: checking for unistd.h
configure:7296: result: yes
configure:7296: checking for sys/param.h
configure:7296: result: yes
configure:7320: checking for getpagesize
configure:7320: result: yes
configure:7329: checking for working mmap
configure:7486: result: yes
configure:7497: checking for working strncmp
configure:7580: result: yes
configure:7727: creating ./config.status

## ---------------------- ##
## Running config.status. ##
## ---------------------- ##

This file was extended by config.status, which was
generated by GNU Autoconf 2.69.  Invocation command line was

  CONFIG_FILES    = 
  CONFIG_HEADERS  = 
  CONFIG_LINKS    = 
  CONFIG_COMMANDS = 
  $ ./config.status 

on ubuntu

config.status:1009: creating Makefile
config.status:1009: creating testsuite/Makefile
config.status:1009: creating config.h
config.status:1189: config.h is unchanged
config.status:1203: executing default commands

## ---------------- ##
## Cache variables. ##
## ---------------- ##

ac_cv_build=x86_64-pc-linux-gnu
ac_cv_c_bigendian=no
ac_cv_c_compiler_gnu=yes
ac_cv_c_const=yes
ac_cv_c_inline=inline
ac_cv_c_stack_direction=-1
ac_cv_env_CC_set=set
ac_cv_env_CC_value=gcc
ac_cv_env_CFLAGS_set=set
ac_cv_env_CFLAGS_value='-g -O2'
ac_cv_env_CPPFLAGS_set=
ac_cv_env_CPPFLAGS_value=
ac_cv_env_CPP_set=
ac_cv_env_CPP_value=
ac_cv_env_LDFLAGS_set=set
ac_cv_env_LDFLAGS_value=' '
ac_cv_env_LIBS_set=
ac_cv_env_LIBS_value=
ac_cv_env_build_alias_set=set
ac_cv_env_build_alias_value=x86_64-pc-linux-gnu
ac_cv_env_host_alias_set=set
ac_cv_env_host_alias_value=x86_64-pc-linux-gnu
ac_cv_env_target_alias_set=set
ac_cv_env_target_alias_value=i386-elf
ac_cv_func___fsetlocking=yes
ac_cv_func__doprnt=no
ac_cv_func_asprintf=yes
ac_cv_func_atexit=yes
ac_cv_func_basename=yes
ac_cv_func_bcmp=yes
ac_cv_func_bcopy=yes
ac_cv_func_bsearch=yes
ac_cv_func_bzero=yes
ac_cv_func_calloc=yes
ac_cv_func_canonicalize_file_name=yes
ac_cv_func_clock=yes
ac_cv_func_dup3=yes
ac_cv_func_ffs=yes
ac_cv_func_fork=yes
ac_cv_func_fork_works=yes
ac_cv_func_getcwd=yes
ac_cv_func_getpagesize=yes
ac_cv_func_getrlimit=yes
ac_cv_func_getrusage=yes
ac_cv_func_getsysinfo=no
ac_cv_func_gettimeofday=yes
ac_cv_func_index=yes
ac_cv_func_insque=yes
ac_cv_func_memchr=yes
ac_cv_func_memcmp=yes
ac_cv_func_memcpy=yes
ac_cv_func_memmem=yes
ac_cv_func_memmove=yes
ac_cv_func_mempcpy=yes
ac_cv_func_memset=yes
ac_cv_func_mkstemps=yes
ac_cv_func_mmap_fixed_mapped=yes
ac_cv_func_on_exit=yes
ac_cv_func_pipe2=yes
ac_cv_func_psignal=yes
ac_cv_func_pstat_getdynamic=no
ac_cv_func_pstat_getstatic=no
ac_cv_func_putenv=yes
ac_cv_func_random=yes
ac_cv_func_realpath=yes
ac_cv_func_rename=yes
ac_cv_func_rindex=yes
ac_cv_func_sbrk=yes
ac_cv_func_setenv=yes
ac_cv_func_setproctitle=no
ac_cv_func_setrlimit=yes
ac_cv_func_sigsetmask=yes
ac_cv_func_snprintf=yes
ac_cv_func_spawnve=no
ac_cv_func_spawnvpe=no
ac_cv_func_stpcpy=yes
ac_cv_func_stpncpy=yes
ac_cv_func_strcasecmp=yes
ac_cv_func_strchr=yes
ac_cv_func_strdup=yes
ac_cv_func_strerror=yes
ac_cv_func_strncasecmp=yes
ac_cv_func_strncmp_works=yes
ac_cv_func_strndup=yes
ac_cv_func_strnlen=yes
ac_cv_func_strrchr=yes
ac_cv_func_strsignal=yes
ac_cv_func_strstr=yes
ac_cv_func_strtod=yes
ac_cv_func_strtol=yes
ac_cv_func_strtoll=yes
ac_cv_func_strtoul=yes
ac_cv_func_strtoull=yes
ac_cv_func_strverscmp=yes
ac_cv_func_sysconf=yes
ac_cv_func_sysctl=yes
ac_cv_func_sysmp=no
ac_cv_func_table=no
ac_cv_func_times=yes
ac_cv_func_tmpnam=yes
ac_cv_func_vasprintf=yes
ac_cv_func_vfork=yes
ac_cv_func_vfork_works=yes
ac_cv_func_vfprintf=yes
ac_cv_func_vprintf=yes
ac_cv_func_vsnprintf=yes
ac_cv_func_vsprintf=yes
ac_cv_func_wait3=yes
ac_cv_func_wait4=yes
ac_cv_func_waitpid=yes
ac_cv_have_decl_asprintf=yes
ac_cv_have_decl_basename_char_p_=yes
ac_cv_have_decl_calloc=yes
ac_cv_have_decl_ffs=yes
ac_cv_have_decl_getenv=yes
ac_cv_have_decl_getopt=yes
ac_cv_have_decl_malloc=yes
ac_cv_have_decl_realloc=yes
ac_cv_have_decl_sbrk=yes
ac_cv_have_decl_snprintf=yes
ac_cv_have_decl_strnlen=yes
ac_cv_have_decl_strtol=yes
ac_cv_have_decl_strtoll=yes
ac_cv_have_decl_strtoul=yes
ac_cv_have_decl_strtoull=yes
ac_cv_have_decl_strverscmp=yes
ac_cv_have_decl_vasprintf=yes
ac_cv_have_decl_vsnprintf=yes
ac_cv_header_alloca_h=yes
ac_cv_header_fcntl_h=yes
ac_cv_header_inttypes_h=yes
ac_cv_header_limits_h=yes
ac_cv_header_machine_hal_sysinfo_h=no
ac_cv_header_malloc_h=yes
ac_cv_header_memory_h=yes
ac_cv_header_minix_config_h=no
ac_cv_header_process_h=no
ac_cv_header_stdc=yes
ac_cv_header_stdint_h=yes
ac_cv_header_stdio_ext_h=yes
ac_cv_header_stdlib_h=yes
ac_cv_header_string_h=yes
ac_cv_header_strings_h=yes
ac_cv_header_sys_file_h=yes
ac_cv_header_sys_mman_h=yes
ac_cv_header_sys_param_h=yes
ac_cv_header_sys_prctl_h=yes
ac_cv_header_sys_pstat_h=no
ac_cv_header_sys_resource_h=yes
ac_cv_header_sys_stat_h=yes
ac_cv_header_sys_sysctl_h=no
ac_cv_header_sys_sysinfo_h=yes
ac_cv_header_sys_sysmp_h=no
ac_cv_header_sys_systemcfg_h=no
ac_cv_header_sys_table_h=no
ac_cv_header_sys_time_h=yes
ac_cv_header_sys_types_h=yes
ac_cv_header_sys_wait_h=yes
ac_cv_header_time=yes
ac_cv_header_time_h=yes
ac_cv_header_unistd_h=yes
ac_cv_header_vfork_h=no
ac_cv_host=x86_64-pc-linux-gnu
ac_cv_objext=o
ac_cv_os_cray=no
ac_cv_path_EGREP='/usr/bin/grep -E'
ac_cv_path_GREP=/usr/bin/grep
ac_cv_prog_AR=ar
ac_cv_prog_CC=gcc
ac_cv_prog_CPP='gcc -E'
ac_cv_prog_MAKEINFO='/home/terminator-128/Documents/os/binutils-2.35/missing makeinfo --split-size=5000000'
ac_cv_prog_PERL=perl
ac_cv_prog_RANLIB=ranlib
ac_cv_prog_cc_c89=
ac_cv_prog_cc_g=yes
ac_cv_prog_cc_gcc_c_o=yes
ac_cv_safe_to_define___extensions__=yes
ac_cv_search_strerror='none required'
ac_cv_sizeof_int=4
ac_cv_sizeof_long=8
ac_cv_sizeof_long_long=8
ac_cv_sizeof_size_t=8
ac_cv_sys_file_offset_bits=no
ac_cv_sys_largefile_CC=no
ac_cv_type_intptr_t=yes
ac_cv_type_long_long=yes
ac_cv_type_pid_t=yes
ac_cv_type_ssize_t=yes
ac_cv_type_uintptr_t=yes
acx_cv_prog_cc_pedantic_=yes
acx_cv_prog_cc_warning__W=yes
acx_cv_prog_cc_warning__Wall=yes
acx_cv_prog_cc_warning__Wcpp_compat=yes
acx_cv_prog_cc_warning__Wshadow_local=yes
acx_cv_prog_cc_warning__Wstrict_prototypes=yes
acx_cv_prog_cc_warning__Wwrite_strings=yes
liberty_cv_uint64=uint64_t
libiberty_cv_decl_needed_canonicalize_file_name=no
libiberty_cv_declare_errno=no
libiberty_cv_var_sys_errlist=yes
libiberty_cv_var_sys_nerr=yes
libiberty_cv_var_sys_siglist=yes

## ----------------- ##
## Output variables. ##
## ----------------- ##

AR='ar'
BUILD_INFO=''
CC='gcc'
CET_HOST_FLAGS='-fcf-protection'
CFLAGS='-g -O2'
CHECK='really-check'
CPP='gcc -E'
CPPFLAGS=''
DEFS='-DHAVE_CONFIG_H'
ECHO_C=''
ECHO_N='-n'
ECHO_T=''
EGREP='/usr/bin/grep -E'
EXEEXT=''
GREP='/usr/bin/grep'
HAVE_PERL=''
INSTALL_DATA='/usr/bin/install -c -m 644'
INSTALL_DEST='libdir'
INSTALL_PROGRAM='/usr/bin/install -c'
INSTALL_SCRIPT='/usr/bin/install -c'
LDFLAGS=' '
LIBOBJS=' ${LIBOBJDIR}./setproctitle$U.o'
LIBS=''
LTLIBOBJS=' ${LIBOBJDIR}./setproctitle$U.lo'
MAINT='#'
MAKEINFO='/home/terminator-128/Documents/os/binutils-2.35/missing makeinfo --split-size=5000000'
NOASANFLAG=''
NOTMAINT=''
NO_MINUS_C_MINUS_O=''
OBJEXT='o'
OUTPUT_OPTION='-o $@'
PACKAGE_BUGREPORT=''
PACKAGE_NAME=''
PACKAGE_STRING=''
PACKAGE_TARNAME=''
PACKAGE_URL=''
PACKAGE_VERSION=''
PATH_SEPARATOR=':'
PERL='perl'
PICFLAG=''
RANLIB='ranlib'
SHELL='/bin/bash'
ac_ct_CC=''
ac_libiberty_warn_cflags='-W -Wall -Wwrite-strings -Wc++-compat -Wstrict-prototypes -Wshadow=local -pedantic '
bindir='${exec_prefix}/bin'
build='x86_64-pc-linux-gnu'
build_alias='x86_64-pc-linux-gnu'
build_cpu='x86_64'
build_os='linux-gnu'
build_vendor='pc'
datadir='${datarootdir}'
datarootdir='${prefix}/share'
docdir='${datarootdir}/doc/${PACKAGE}'
dvidir='${docdir}'
exec_prefix='${prefix}'
host='x86_64-pc-linux-gnu'
host_alias='x86_64-pc-linux-gnu'
host_cpu='x86_64'
host_os='linux-gnu'
host_vendor='pc'
htmldir='${docdir}'
includedir='${prefix}/include'
infodir='${datarootdir}/info'
libdir='${exec_prefix}/lib'
libexecdir='${exec_prefix}/libexec'
libiberty_topdir='./..'
localedir='${datarootdir}/locale'
localstatedir='${prefix}/var'
mandir='${datarootdir}/man'
oldincludedir='/usr/include'
pdfdir='${docdir}'
pexecute='pex-unix'
prefix='/usr/local'
program_transform_name='s&^&i386-elf-&'
psdir='${docdir}'
sbindir='${exec_prefix}/sbin'
sharedstatedir='${prefix}/com'
sysconfdir='${prefix}/etc'
target_alias='i386-elf'
target_header_dir=''

## ------------------- ##
## File substitutions. ##
## ------------------- ##

host_makefile_frag='xhost-mkfrag'

## ----------- ##
## confdefs.h. ##
## ----------- ##

/* confdefs.h */
#define PACKAGE_NAME ""
#define PACKAGE_TARNAME ""
#define PACKAGE_VERSION ""
#define PACKAGE_STRING ""
#define PACKAGE_BUGREPORT ""
#define PACKAGE_URL ""
#define STDC_HEADERS 1
#define HAVE_SYS_TYPES_H 1
#define HAVE_SYS_STAT_H 1
#define HAVE_STDLIB_H 1
#define HAVE_STRING_H 1
#define HAVE_MEMORY_H 1
#define HAVE_STRINGS_H 1
#define HAVE_INTTYPES_H 1
#define HAVE_STDINT_H 1
#define HAVE_UNISTD_H 1
#define __EXTENSIONS__ 1
#define _ALL_SOURCE 1
#define _GNU_SOURCE 1
#define _POSIX_PTHREAD_SEMANTICS 1
#define _TANDEM_SOURCE 1
#define HAVE_SYS_FILE_H 1
#define HAVE_SYS_PARAM_H 1
#define HAVE_LIMITS_H 1
#define HAVE_STDLIB_H 1
#define HAVE_MALLOC_H 1
#define HAVE_STRING_H 1
#define HAVE_UNISTD_H 1
#define HAVE_STRINGS_H 1
#define HAVE_SYS_TIME_H 1
#define HAVE_TIME_H 1
#define HAVE_SYS_RESOURCE_H 1
#define HAVE_SYS_STAT_H 1
#define HAVE_SYS_MMAN_H 1
#define HAVE_FCNTL_H 1
#define HAVE_ALLOCA_H 1
#define HAVE_SYS_SYSINFO_H 1
#define HAVE_STDINT_H 1
#define HAVE_STDIO_EXT_H 1
#define HAVE_SYS_PRCTL_H 1
#define HAVE_SYS_WAIT_H 1
#define TIME_WITH_SYS_TIME 1
#define SIZEOF_INT 4
#define SIZEOF_LONG 8
#define SIZEOF_SIZE_T 8
#define HAVE_LONG_LONG 1
#define SIZEOF_LONG_LONG 8
#define UNSIGNED_64BIT_TYPE uint64_t
#define HAVE_INTPTR_T 1
#define HAVE_UINTPTR_T 1
#define HAVE_UINTPTR_T 1
#define HAVE_ASPRINTF 1
#define HAVE_ATEXIT 1
#define HAVE_BASENAME 1
#define HAVE_BCMP 1
#define HAVE_BCOPY 1
#define HAVE_BSEARCH 1
#define HAVE_BZERO 1
#define HAVE_CALLOC 1
#define HAVE_CLOCK 1
#define HAVE_FFS 1
#define HAVE_GETCWD 1
#define HAVE_GETPAGESIZE 1
#define HAVE_GETTIMEOFDAY 1
#define HAVE_INDEX 1
#define HAVE_INSQUE 1
#define HAVE_MEMCHR 1
#define HAVE_MEMCMP 1
#define HAVE_MEMCPY 1
#define HAVE_MEMMEM 1
#define HAVE_MEMMOVE 1
#define HAVE_MEMPCPY 1
#define HAVE_MEMSET 1
#define HAVE_MKSTEMPS 1
#define HAVE_PUTENV 1
#define HAVE_RANDOM 1
#define HAVE_RENAME 1
#define HAVE_RINDEX 1
#define HAVE_SETENV 1
#define HAVE_SNPRINTF 1
#define HAVE_SIGSETMASK 1
#define HAVE_STPCPY 1
#define HAVE_STPNCPY 1
#define HAVE_STRCASECMP 1
#define HAVE_STRCHR 1
#define HAVE_STRDUP 1
#define HAVE_STRNCASECMP 1
#define HAVE_STRNDUP 1
#define HAVE_STRNLEN 1
#define HAVE_STRRCHR 1
#define HAVE_STRSTR 1
#define HAVE_STRTOD 1
#define HAVE_STRTOL 1
#define HAVE_STRTOUL 1
#define HAVE_STRTOLL 1
#define HAVE_STRTOULL 1
#define HAVE_STRVERSCMP 1
#define HAVE_TMPNAM 1
#define HAVE_VASPRINTF 1
#define HAVE_VFPRINTF 1
#define HAVE_VPRINTF 1
#define HAVE_VSNPRINTF 1
#define HAVE_VSPRINTF 1
#define HAVE_WAITPID 1
#define STACK_DIRECTION -1
#define HAVE_FORK 1
#define HAVE_VFORK 1
#define HAVE_WORKING_VFORK 1
#define HAVE_WORKING_FORK 1
#define HAVE_SYS_ERRLIST 1
#define HAVE_SYS_NERR 1
#define HAVE_SYS_SIGLIST 1
#define HAVE___FSETLOCKING 1
#define HAVE_CANONICALIZE_FILE_NAME 1
#define HAVE_DUP3 1
#define HAVE_GETRLIMIT 1
#define HAVE_GETRUSAGE 1
#define HAVE_GETTIMEOFDAY 1
#define HAVE_ON_EXIT 1
#define HAVE_PIPE2 1
#define HAVE_PSIGNAL 1
#define HAVE_REALPATH 1
#define HAVE_SETRLIMIT 1
#define HAVE_SBRK 1
#define HAVE_STRERROR 1
#define HAVE_STRSIGNAL 1
#define HAVE_SYSCONF 1
#define HAVE_SYSCTL 1
#define HAVE_TIMES 1
#define HAVE_WAIT3 1
#define HAVE_WAIT4 1
#define HAVE_DECL_BASENAME 1
#define HAVE_DECL_FFS 1
#define HAVE_DECL_ASPRINTF 1
#define HAVE_DECL_VASPRINTF 1
#define HAVE_DECL_SNPRINTF 1
#define HAVE_DECL_VSNPRINTF 1
#define HAVE_DECL_CALLOC 1
#define HAVE_DECL_GETENV 1
#define HAVE_DECL_GETOPT 1
#define HAVE_DECL_MALLOC 1
#define HAVE_DECL_REALLOC 1
#define HAVE_DECL_SBRK 1
#define HAVE_DECL_STRTOL 1
#define HAVE_DECL_STRTOUL 1
#define HAVE_DECL_STRTOLL 1
#define HAVE_DECL_STRTOULL 1
#define HAVE_DECL_STRVERSCMP 1
#define HAVE_DECL_STRNLEN 1
#define HAVE_STDLIB_H 1
#define HAVE_UNISTD_H 1
#define HAVE_SYS_PARAM_H 1
#define HAVE_GETPAGESIZE 1
#define HAVE_MMAP 1

configure: exit 0
