This file contains any messages produced by compilers while
running configure, to aid debugging if configure makes a mistake.

It was created by gas configure 2.35, which was
generated by GNU Autoconf 2.69.  Invocation command line was

  $ /home/terminator-128/Documents/os/Stanford_CS140/binutils-2.35/gas/configure --srcdir=.././gas --cache-file=./config.cache --with-gnu-as --with-gnu-ld --prefix=/usr/local --disable-werror --program-transform-name=s&^&i386-elf-& --disable-option-checking --build=x86_64-pc-linux-gnu --host=x86_64-pc-linux-gnu --target=i386-elf

## --------- ##
## Platform. ##
## --------- ##

hostname = ubuntu
uname -m = x86_64
uname -r = 5.4.0-47-generic
uname -s = Linux
uname -v = #51-Ubuntu SMP Fri Sep 4 19:50:52 UTC 2020

/usr/bin/uname -p = x86_64
/bin/uname -X     = unknown

/bin/arch              = x86_64
/usr/bin/arch -k       = unknown
/usr/convex/getsysinfo = unknown
/usr/bin/hostinfo      = unknown
/bin/machine           = unknown
/usr/bin/oslevel       = unknown
/bin/universe          = unknown

PATH: /usr/local/sbin
PATH: /usr/local/bin
PATH: /usr/sbin
PATH: /usr/bin
PATH: /sbin
PATH: /bin
PATH: /usr/games
PATH: /usr/local/games
PATH: /snap/bin


## ----------- ##
## Core tests. ##
## ----------- ##

configure:2307: loading cache ./config.cache
configure:2426: checking build system type
configure:2440: result: x86_64-pc-linux-gnu
configure:2460: checking host system type
configure:2473: result: x86_64-pc-linux-gnu
configure:2493: checking target system type
configure:2506: result: i386-pc-elf
configure:2543: checking for x86_64-pc-linux-gnu-gcc
configure:2570: result: gcc
configure:2839: checking for C compiler version
configure:2848: gcc --version >&5
gcc (Ubuntu 9.3.0-17ubuntu1~20.04) 9.3.0
Copyright (C) 2019 Free Software Foundation, Inc.
This is free software; see the source for copying conditions.  There is NO
warranty; not even for MERCHANTABILITY or FITNESS FOR A PARTICULAR PURPOSE.

configure:2859: $? = 0
configure:2848: gcc -v >&5
Using built-in specs.
COLLECT_GCC=gcc
COLLECT_LTO_WRAPPER=/usr/lib/gcc/x86_64-linux-gnu/9/lto-wrapper
OFFLOAD_TARGET_NAMES=nvptx-none:hsa
OFFLOAD_TARGET_DEFAULT=1
Target: x86_64-linux-gnu
Configured with: ../src/configure -v --with-pkgversion='Ubuntu 9.3.0-17ubuntu1~20.04' --with-bugurl=file:///usr/share/doc/gcc-9/README.Bugs --enable-languages=c,ada,c++,go,brig,d,fortran,objc,obj-c++,gm2 --prefix=/usr --with-gcc-major-version-only --program-suffix=-9 --program-prefix=x86_64-linux-gnu- --enable-shared --enable-linker-build-id --libexecdir=/usr/lib --without-included-gettext --enable-threads=posix --libdir=/usr/lib --enable-nls --enable-clocale=gnu --enable-libstdcxx-debug --enable-libstdcxx-time=yes --with-default-libstdcxx-abi=new --enable-gnu-unique-object --disable-vtable-verify --enable-plugin --enable-default-pie --with-system-zlib --with-target-system-zlib=auto --enable-objc-gc=auto --enable-multiarch --disable-werror --with-arch-32=i686 --with-abi=m64 --with-multilib-list=m32,m64,mx32 --enable-multilib --with-tune=generic --enable-offload-targets=nvptx-none=/build/gcc-9-HskZEa/gcc-9-9.3.0/debian/tmp-nvptx/usr,hsa --without-cuda-driver --enable-checking=release --build=x86_64-linux-gnu --host=x86_64-linux-gnu --target=x86_64-linux-gnu
Thread model: posix
gcc version 9.3.0 (Ubuntu 9.3.0-17ubuntu1~20.04) 
configure:2859: $? = 0
configure:2848: gcc -V >&5
gcc: error: unrecognized command line option '-V'
gcc: fatal error: no input files
compilation terminated.
configure:2859: $? = 1
configure:2848: gcc -qversion >&5
gcc: error: unrecognized command line option '-qversion'; did you mean '--version'?
gcc: fatal error: no input files
compilation terminated.
configure:2859: $? = 1
configure:2879: checking whether the C compiler works
configure:2901: gcc -g -O2    conftest.c  >&5
configure:2905: $? = 0
configure:2953: result: yes
configure:2956: checking for C compiler default output file name
configure:2958: result: a.out
configure:2964: checking for suffix of executables
configure:2971: gcc -o conftest -g -O2    conftest.c  >&5
configure:2975: $? = 0
configure:2997: result: 
configure:3019: checking whether we are cross compiling
configure:3027: gcc -o conftest -g -O2    conftest.c  >&5
configure:3031: $? = 0
configure:3038: ./conftest
configure:3042: $? = 0
configure:3030: result: no
configure:3035: checking for suffix of object files
configure:3082: result: o
configure:3086: checking whether we are using the GNU C compiler
configure:3114: result: yes
configure:3123: checking whether gcc accepts -g
configure:3184: result: yes
configure:3201: checking for gcc option to accept ISO C89
configure:3277: result: none needed
configure:3302: checking whether gcc understands -c and -o together
configure:3339: result: yes
configure:3357: checking for library containing strerror
configure:3405: result: none required
configure:3430: checking for a BSD-compatible install
configure:3498: result: /usr/bin/install -c
configure:3509: checking whether build environment is sane
configure:3564: result: yes
configure:3710: checking for a thread-safe mkdir -p
configure:3749: result: /usr/bin/mkdir -p
configure:3756: checking for gawk
configure:3783: result: mawk
configure:3794: checking whether make sets $(MAKE)
configure:3816: result: yes
configure:3846: checking for style of include used by make
configure:3874: result: GNU
configure:3908: checking whether make supports nested variables
configure:3925: result: yes
configure:4010: checking dependency style of gcc
configure:4121: result: gcc3
configure:4188: checking for x86_64-pc-linux-gnu-gcc
configure:4215: result: gcc
configure:4484: checking for C compiler version
configure:4493: gcc --version >&5
gcc (Ubuntu 9.3.0-17ubuntu1~20.04) 9.3.0
Copyright (C) 2019 Free Software Foundation, Inc.
This is free software; see the source for copying conditions.  There is NO
warranty; not even for MERCHANTABILITY or FITNESS FOR A PARTICULAR PURPOSE.

configure:4504: $? = 0
configure:4493: gcc -v >&5
Using built-in specs.
COLLECT_GCC=gcc
COLLECT_LTO_WRAPPER=/usr/lib/gcc/x86_64-linux-gnu/9/lto-wrapper
OFFLOAD_TARGET_NAMES=nvptx-none:hsa
OFFLOAD_TARGET_DEFAULT=1
Target: x86_64-linux-gnu
Configured with: ../src/configure -v --with-pkgversion='Ubuntu 9.3.0-17ubuntu1~20.04' --with-bugurl=file:///usr/share/doc/gcc-9/README.Bugs --enable-languages=c,ada,c++,go,brig,d,fortran,objc,obj-c++,gm2 --prefix=/usr --with-gcc-major-version-only --program-suffix=-9 --program-prefix=x86_64-linux-gnu- --enable-shared --enable-linker-build-id --libexecdir=/usr/lib --without-included-gettext --enable-threads=posix --libdir=/usr/lib --enable-nls --enable-clocale=gnu --enable-libstdcxx-debug --enable-libstdcxx-time=yes --with-default-libstdcxx-abi=new --enable-gnu-unique-object --disable-vtable-verify --enable-plugin --enable-default-pie --with-system-zlib --with-target-system-zlib=auto --enable-objc-gc=auto --enable-multiarch --disable-werror --with-arch-32=i686 --with-abi=m64 --with-multilib-list=m32,m64,mx32 --enable-multilib --with-tune=generic --enable-offload-targets=nvptx-none=/build/gcc-9-HskZEa/gcc-9-9.3.0/debian/tmp-nvptx/usr,hsa --without-cuda-driver --enable-checking=release --build=x86_64-linux-gnu --host=x86_64-linux-gnu --target=x86_64-linux-gnu
Thread model: posix
gcc version 9.3.0 (Ubuntu 9.3.0-17ubuntu1~20.04) 
configure:4504: $? = 0
configure:4493: gcc -V >&5
gcc: error: unrecognized command line option '-V'
gcc: fatal error: no input files
compilation terminated.
configure:4504: $? = 1
configure:4493: gcc -qversion >&5
gcc: error: unrecognized command line option '-qversion'; did you mean '--version'?
gcc: fatal error: no input files
compilation terminated.
configure:4504: $? = 1
configure:4508: checking whether we are using the GNU C compiler
configure:4536: result: yes
configure:4545: checking whether gcc accepts -g
configure:4606: result: yes
configure:4623: checking for gcc option to accept ISO C89
configure:4699: result: none needed
configure:4724: checking whether gcc understands -c and -o together
configure:4761: result: yes
configure:4783: checking how to run the C preprocessor
configure:4853: result: gcc -E
configure:4873: gcc -E  conftest.c
configure:4873: $? = 0
configure:4887: gcc -E  conftest.c
conftest.c:11:10: fatal error: ac_nonexistent.h: No such file or directory
   11 | #include <ac_nonexistent.h>
      |          ^~~~~~~~~~~~~~~~~~
compilation terminated.
configure:4887: $? = 1
configure: failed program was:
| /* confdefs.h */
| #define PACKAGE_NAME "gas"
| #define PACKAGE_TARNAME "gas"
| #define PACKAGE_VERSION "2.35"
| #define PACKAGE_STRING "gas 2.35"
| #define PACKAGE_BUGREPORT ""
| #define PACKAGE_URL ""
| #define PACKAGE "gas"
| #define VERSION "2.35"
| /* end confdefs.h.  */
| #include <ac_nonexistent.h>
configure:4916: checking for grep that handles long lines and -e
configure:4974: result: /usr/bin/grep
configure:4979: checking for egrep
configure:5041: result: /usr/bin/grep -E
configure:5046: checking for ANSI C header files
configure:5150: result: yes
configure:5163: checking for sys/types.h
configure:5163: result: yes
configure:5163: checking for sys/stat.h
configure:5163: result: yes
configure:5163: checking for stdlib.h
configure:5163: result: yes
configure:5163: checking for string.h
configure:5163: result: yes
configure:5163: checking for memory.h
configure:5163: result: yes
configure:5163: checking for strings.h
configure:5163: result: yes
configure:5163: checking for inttypes.h
configure:5163: result: yes
configure:5163: checking for stdint.h
configure:5163: result: yes
configure:5163: checking for unistd.h
configure:5163: result: yes
configure:5176: checking for minix/config.h
configure:5176: result: no
configure:5197: checking whether it is safe to define __EXTENSIONS__
configure:5222: result: yes
configure:5285: checking how to print strings
configure:5312: result: printf
configure:5333: checking for a sed that does not truncate output
configure:5397: result: /usr/bin/sed
configure:5415: checking for fgrep
configure:5477: result: /usr/bin/grep -F
configure:5512: checking for ld used by gcc
configure:5579: result: ld
configure:5586: checking if the linker (ld) is GNU ld
configure:5601: result: yes
configure:5613: checking for BSD- or MS-compatible name lister (nm)
configure:5662: result: nm
configure:5792: checking the name lister (nm) interface
configure:5812: result: BSD nm
configure:5815: checking whether ln -s works
configure:5819: result: yes
configure:5827: checking the maximum length of command line arguments
configure:5952: result: 1572864
configure:5969: checking whether the shell understands some XSI constructs
configure:5978: result: yes
configure:5982: checking whether the shell understands "+="
configure:5986: result: yes
configure:6021: checking for ld option to reload object files
configure:6028: result: -r
configure:6057: checking for x86_64-pc-linux-gnu-objdump
configure:6084: result: objdump
configure:6156: checking how to recognize dependent libraries
configure:6357: result: pass_all
configure:6377: checking for x86_64-pc-linux-gnu-ar
configure:6404: result: ar
configure:6482: checking for x86_64-pc-linux-gnu-strip
configure:6512: result: no
configure:6522: checking for strip
configure:6549: result: strip
configure:6581: checking for x86_64-pc-linux-gnu-ranlib
configure:6608: result: ranlib
configure:6750: checking command to parse nm output from gcc object
configure:6973: result: ok
configure:7068: gcc -c -g -O2  conftest.c >&5
configure:7071: $? = 0
configure:7821: checking for dlfcn.h
configure:7821: result: yes
configure:8008: checking for objdir
configure:8023: result: .libs
configure:8294: checking if gcc supports -fno-rtti -fno-exceptions
configure:8329: result: no
configure:8349: checking for gcc option to produce PIC
configure:8635: result: -fPIC -DPIC
configure:8647: checking if gcc PIC flag -fPIC -DPIC works
configure:8682: result: yes
configure:8706: checking if gcc static flag -static works
configure:8734: result: yes
configure:8749: checking if gcc supports -c -o file.o
configure:8796: result: yes
configure:8804: checking if gcc supports -c -o file.o
configure:8851: result: yes
configure:8884: checking whether the gcc linker (ld -m elf_x86_64) supports shared libraries
configure:9955: result: yes
configure:9992: checking whether -lc should be explicitly linked in
configure:10035: result: no
configure:10200: checking dynamic linker characteristics
configure:10873: result: GNU/Linux ld.so
configure:10980: checking how to hardcode library paths into programs
configure:11005: result: immediate
configure:11545: checking whether stripping libraries is possible
configure:11550: result: yes
configure:11585: checking if libtool supports shared libraries
configure:11587: result: yes
configure:11590: checking whether to build shared libraries
configure:11611: result: yes
configure:11614: checking whether to build static libraries
configure:11618: result: yes
configure:11666: checking for dlfcn.h
configure:11666: result: yes
configure:11679: checking for windows.h
configure:11679: result: no
configure:11706: checking for library containing dlsym
configure:11754: result: -ldl
configure:11785: checking for special C compiler options needed for large files
configure:11830: result: no
configure:11836: checking for _FILE_OFFSET_BITS value needed for large files
configure:11893: result: no
configure:11979: checking how to compare bootstrapped objects
configure:12004: result: cmp --ignore-initial=16 $$f1 $$f2
configure:12309: checking whether byte ordering is bigendian
configure:12515: result: no
configure:13447: checking for bison
configure:13474: result: bison -y
configure:13490: checking for flex
configure:13517: result: /home/terminator-128/Documents/os/binutils-2.35/missing flex
configure:13664: checking whether NLS is requested
configure:13670: result: yes
configure:13676: checking for catalogs to be installed
configure:13708: result:  es fi fr id ja ru rw sv tr uk zh_CN es fi fr id ja ru rw sv tr uk zh_CN
configure:13735: checking whether NLS is requested
configure:13744: result: yes
configure:13782: checking for msgfmt
configure:13813: result: /usr/bin/msgfmt
configure:13822: checking for gmsgfmt
configure:13853: result: /usr/bin/msgfmt
configure:13893: checking for xgettext
configure:13924: result: /usr/bin/xgettext
configure:13964: checking for msgmerge
configure:13994: result: /usr/bin/msgmerge
configure:14031: checking whether to enable maintainer-specific portions of Makefiles
configure:14040: result: no
configure:14066: checking for string.h
configure:14066: result: yes
configure:14066: checking for stdlib.h
configure:14066: result: yes
configure:14066: checking for memory.h
configure:14066: result: yes
configure:14066: checking for strings.h
configure:14066: result: yes
configure:14066: checking for unistd.h
configure:14066: result: yes
configure:14066: checking for errno.h
configure:14066: result: yes
configure:14066: checking for sys/types.h
configure:14066: result: yes
configure:14066: checking for limits.h
configure:14066: result: yes
configure:14066: checking for locale.h
configure:14066: result: yes
configure:14066: checking for time.h
configure:14066: result: yes
configure:14066: checking for sys/stat.h
configure:14066: result: yes
configure:14076: checking whether string.h and strings.h may both be included
configure:14100: result: yes
configure:14111: checking whether compiling a cross-assembler
configure:14121: result: yes
configure:14124: checking for size_t
configure:14124: result: yes
configure:14137: checking for working alloca.h
configure:14162: result: yes
configure:14170: checking for alloca
configure:14215: result: yes
configure:14321: checking for inline
configure:14345: result: inline
configure:14368: checking for unlink
configure:14368: result: yes
configure:14380: checking for sbrk
configure:14380: result: yes
configure:14380: checking for setlocale
configure:14380: result: yes
configure:14391: checking for strsignal
configure:14391: result: yes
configure:14402: checking for LC_MESSAGES
configure:14426: result: yes
configure:14577: checking for working assert macro
configure:14610: result: yes
configure:14642: checking whether declaration is required for errno
configure:14674: result: no
configure:14683: checking for a known getopt prototype in unistd.h
configure:14707: result: yes
configure:14716: checking whether declaration is required for environ
configure:14744: result: no
configure:14753: checking whether declaration is required for ffs
configure:14781: result: no
configure:14790: checking whether declaration is required for free
configure:14818: result: no
configure:14827: checking whether declaration is required for malloc
configure:14855: result: no
configure:14864: checking whether declaration is required for sbrk
configure:14892: result: no
configure:14901: checking whether declaration is required for strstr
configure:14929: result: no
configure:14938: checking whether free is declared
configure:14938: result: yes
configure:14948: checking whether getenv is declared
configure:14948: result: yes
configure:14958: checking whether malloc is declared
configure:14958: result: yes
configure:14968: checking whether mempcpy is declared
configure:14968: result: yes
configure:14978: checking whether realloc is declared
configure:14978: result: yes
configure:14988: checking whether stpcpy is declared
configure:14988: result: yes
configure:14998: checking whether strstr is declared
configure:14998: result: yes
configure:15008: checking whether vsnprintf is declared
configure:15008: result: yes
configure:15018: checking whether asprintf is declared
configure:15018: result: yes
configure:15060: checking for struct tm.tm_gmtoff in time.h
configure:15092: result: yes
configure:15098: checking for struct stat.st_mtim.tv_sec in sys/stat.h
configure:15130: result: yes
configure:15133: checking for struct stat.st_mtim.tv_nsec in sys/stat.h
configure:15165: result: yes
configure:15284: checking that generated files are newer than configure
configure:15290: result: done
configure:15322: creating ./config.status

## ---------------------- ##
## Running config.status. ##
## ---------------------- ##

This file was extended by gas config.status 2.35, which was
generated by GNU Autoconf 2.69.  Invocation command line was

  CONFIG_FILES    = 
  CONFIG_HEADERS  = 
  CONFIG_LINKS    = 
  CONFIG_COMMANDS = 
  $ ./config.status 

on ubuntu

config.status:1182: creating .gdbinit
config.status:1182: creating Makefile
config.status:1182: creating doc/Makefile
config.status:1182: creating po/Makefile.in
config.status:1182: creating config.h
config.status:1363: config.h is unchanged
config.status:1411: executing depfiles commands
config.status:1411: executing libtool commands
config.status:1411: executing default-1 commands
config.status:1411: executing default commands

## ---------------- ##
## Cache variables. ##
## ---------------- ##

ac_cv_build=x86_64-pc-linux-gnu
ac_cv_c_bigendian=no
ac_cv_c_compiler_gnu=yes
ac_cv_c_inline=inline
ac_cv_env_CC_set=set
ac_cv_env_CC_value=gcc
ac_cv_env_CFLAGS_set=set
ac_cv_env_CFLAGS_value='-g -O2'
ac_cv_env_CPPFLAGS_set=
ac_cv_env_CPPFLAGS_value=
ac_cv_env_CPP_set=
ac_cv_env_CPP_value=
ac_cv_env_LDFLAGS_set=set
ac_cv_env_LDFLAGS_value=' '
ac_cv_env_LIBS_set=
ac_cv_env_LIBS_value=
ac_cv_env_YACC_set=set
ac_cv_env_YACC_value='bison -y'
ac_cv_env_YFLAGS_set=
ac_cv_env_YFLAGS_value=
ac_cv_env_build_alias_set=set
ac_cv_env_build_alias_value=x86_64-pc-linux-gnu
ac_cv_env_host_alias_set=set
ac_cv_env_host_alias_value=x86_64-pc-linux-gnu
ac_cv_env_target_alias_set=set
ac_cv_env_target_alias_value=i386-elf
ac_cv_func_alloca_works=yes
ac_cv_func_sbrk=yes
ac_cv_func_setlocale=yes
ac_cv_func_strsignal=yes
ac_cv_func_unlink=yes
ac_cv_have_decl_asprintf=yes
ac_cv_have_decl_free=yes
ac_cv_have_decl_getenv=yes
ac_cv_have_decl_malloc=yes
ac_cv_have_decl_mempcpy=yes
ac_cv_have_decl_realloc=yes
ac_cv_have_decl_stpcpy=yes
ac_cv_have_decl_strstr=yes
ac_cv_have_decl_vsnprintf=yes
ac_cv_header_dlfcn_h=yes
ac_cv_header_errno_h=yes
ac_cv_header_inttypes_h=yes
ac_cv_header_limits_h=yes
ac_cv_header_locale_h=yes
ac_cv_header_memory_h=yes
ac_cv_header_minix_config_h=no
ac_cv_header_stdc=yes
ac_cv_header_stdint_h=yes
ac_cv_header_stdlib_h=yes
ac_cv_header_string_h=yes
ac_cv_header_strings_h=yes
ac_cv_header_sys_stat_h=yes
ac_cv_header_sys_types_h=yes
ac_cv_header_time_h=yes
ac_cv_header_unistd_h=yes
ac_cv_header_windows_h=no
ac_cv_host=x86_64-pc-linux-gnu
ac_cv_objext=o
ac_cv_path_EGREP='/usr/bin/grep -E'
ac_cv_path_FGREP='/usr/bin/grep -F'
ac_cv_path_GMSGFMT=/usr/bin/msgfmt
ac_cv_path_GREP=/usr/bin/grep
ac_cv_path_MSGFMT=/usr/bin/msgfmt
ac_cv_path_MSGMERGE=/usr/bin/msgmerge
ac_cv_path_SED=/usr/bin/sed
ac_cv_path_XGETTEXT=/usr/bin/xgettext
ac_cv_path_mkdir=/usr/bin/mkdir
ac_cv_prog_AR=ar
ac_cv_prog_AWK=mawk
ac_cv_prog_CC=gcc
ac_cv_prog_CPP='gcc -E'
ac_cv_prog_LEX='/home/terminator-128/Documents/os/binutils-2.35/missing flex'
ac_cv_prog_OBJDUMP=objdump
ac_cv_prog_RANLIB=ranlib
ac_cv_prog_YACC='bison -y'
ac_cv_prog_ac_ct_STRIP=strip
ac_cv_prog_cc_c89=
ac_cv_prog_cc_g=yes
ac_cv_prog_make_make_set=yes
ac_cv_safe_to_define___extensions__=yes
ac_cv_search_dlsym=-ldl
ac_cv_search_strerror='none required'
ac_cv_sys_file_offset_bits=no
ac_cv_sys_largefile_CC=no
ac_cv_target=i386-pc-elf
ac_cv_type_size_t=yes
ac_cv_working_alloca_h=yes
am_cv_CC_dependencies_compiler_type=gcc3
am_cv_make_support_nested_variables=yes
am_cv_prog_cc_c_o=yes
am_cv_val_LC_MESSAGES=yes
gas_cv_assert_ok=yes
gas_cv_decl_getopt_unistd_h=yes
gas_cv_decl_needed_environ=no
gas_cv_decl_needed_errno=no
gas_cv_decl_needed_ffs=no
gas_cv_decl_needed_free=no
gas_cv_decl_needed_malloc=no
gas_cv_decl_needed_sbrk=no
gas_cv_decl_needed_strstr=no
gas_cv_have_sys_stat_type_member_st_mtim_tv_nsec=yes
gas_cv_have_sys_stat_type_member_st_mtim_tv_sec=yes
gas_cv_have_time_type_member_tm_gmtoff=yes
gcc_cv_header_string=yes
gcc_cv_prog_cmp_skip='cmp --ignore-initial=16 $$f1 $$f2'
lt_cv_archive_cmds_need_lc=no
lt_cv_deplibs_check_method=pass_all
lt_cv_file_magic_cmd='$MAGIC_CMD'
lt_cv_file_magic_test_file=
lt_cv_ld_reload_flag=-r
lt_cv_nm_interface='BSD nm'
lt_cv_objdir=.libs
lt_cv_path_LD=ld
lt_cv_path_NM=nm
lt_cv_prog_compiler_c_o=yes
lt_cv_prog_compiler_pic_works=yes
lt_cv_prog_compiler_rtti_exceptions=no
lt_cv_prog_compiler_static_works=yes
lt_cv_prog_gnu_ld=yes
lt_cv_shlibpath_overrides_runpath=yes
lt_cv_sys_global_symbol_pipe='sed -n -e '\''s/^.*[	 ]\([ABCDGIRSTW][ABCDGIRSTW]*\)[	 ][	 ]*\([_A-Za-z][_A-Za-z0-9]*\)$/\1 \2 \2/p'\'''
lt_cv_sys_global_symbol_to_c_name_address='sed -n -e '\''s/^: \([^ ]*\) $/  {\"\1\", (void *) 0},/p'\'' -e '\''s/^[ABCDGIRSTW]* \([^ ]*\) \([^ ]*\)$/  {"\2", (void *) \&\2},/p'\'''
lt_cv_sys_global_symbol_to_c_name_address_lib_prefix='sed -n -e '\''s/^: \([^ ]*\) $/  {\"\1\", (void *) 0},/p'\'' -e '\''s/^[ABCDGIRSTW]* \([^ ]*\) \(lib[^ ]*\)$/  {"\2", (void *) \&\2},/p'\'' -e '\''s/^[ABCDGIRSTW]* \([^ ]*\) \([^ ]*\)$/  {"lib\2", (void *) \&\2},/p'\'''
lt_cv_sys_global_symbol_to_cdecl='sed -n -e '\''s/^T .* \(.*\)$/extern int \1();/p'\'' -e '\''s/^[ABCDGIRSTW]* .* \(.*\)$/extern char \1;/p'\'''
lt_cv_sys_max_cmd_len=1572864

## ----------------- ##
## Output variables. ##
## ----------------- ##

ACLOCAL='${SHELL} /home/terminator-128/Documents/os/Stanford_CS140/binutils-2.35/missing aclocal-1.15'
ALLOCA=''
AMDEPBACKSLASH='\'
AMDEP_FALSE='#'
AMDEP_TRUE=''
AMTAR='$${TAR-tar}'
AM_BACKSLASH='\'
AM_DEFAULT_V='$(AM_DEFAULT_VERBOSITY)'
AM_DEFAULT_VERBOSITY='1'
AM_V='$(V)'
AR='ar'
AUTOCONF='${SHELL} /home/terminator-128/Documents/os/Stanford_CS140/binutils-2.35/missing autoconf'
AUTOHEADER='${SHELL} /home/terminator-128/Documents/os/Stanford_CS140/binutils-2.35/missing autoheader'
AUTOMAKE='${SHELL} /home/terminator-128/Documents/os/Stanford_CS140/binutils-2.35/missing automake-1.15'
AWK='mawk'
CATALOGS=' es.gmo fi.gmo fr.gmo id.gmo ja.gmo ru.gmo rw.gmo sv.gmo tr.gmo uk.gmo zh_CN.gmo es.gmo fi.gmo fr.gmo id.gmo ja.gmo ru.gmo rw.gmo sv.gmo tr.gmo uk.gmo zh_CN.gmo'
CATOBJEXT='.gmo'
CC='gcc'
CCDEPMODE='depmode=gcc3'
CFLAGS='-g -O2'
CPP='gcc -E'
CPPFLAGS=''
CYGPATH_W='echo'
DATADIRNAME='share'
DEFS='-DHAVE_CONFIG_H'
DEPDIR='.deps'
DSYMUTIL=''
DUMPBIN=''
ECHO_C=''
ECHO_N='-n'
ECHO_T=''
EGREP='/usr/bin/grep -E'
EXEEXT=''
FGREP='/usr/bin/grep -F'
GDBINIT='.gdbinit'
GENCAT='gencat'
GENINSRC_NEVER_FALSE=''
GENINSRC_NEVER_TRUE='#'
GMSGFMT='/usr/bin/msgfmt'
GREP='/usr/bin/grep'
INCINTL=''
INSTALL_DATA='/usr/bin/install -c -m 644'
INSTALL_PROGRAM='/usr/bin/install -c'
INSTALL_SCRIPT='/usr/bin/install -c'
INSTALL_STRIP_PROGRAM='$(install_sh) -c -s'
INSTOBJEXT='.mo'
LD='ld -m elf_x86_64'
LDFLAGS=' '
LEX='/home/terminator-128/Documents/os/binutils-2.35/missing flex'
LEXLIB=''
LEX_OUTPUT_ROOT=''
LIBINTL=''
LIBINTL_DEP=''
LIBM=''
LIBOBJS=''
LIBS='-ldl '
LIBTOOL='$(SHELL) $(top_builddir)/libtool'
LIPO=''
LN_S='ln -s'
LTLIBOBJS=''
MAINT='#'
MAINTAINER_MODE_FALSE=''
MAINTAINER_MODE_TRUE='#'
MAKEINFO='makeinfo --split-size=5000000'
MKDIR_P='/usr/bin/mkdir -p'
MKINSTALLDIRS='$(top_builddir)/../mkinstalldirs'
MSGFMT='/usr/bin/msgfmt'
MSGMERGE='/usr/bin/msgmerge'
NM='nm'
NMEDIT=''
NO_WERROR=''
OBJDUMP='objdump'
OBJEXT='o'
OPCODES_LIB='../opcodes/libopcodes.la'
OTOOL64=''
OTOOL=''
PACKAGE='gas'
PACKAGE_BUGREPORT=''
PACKAGE_NAME='gas'
PACKAGE_STRING='gas 2.35'
PACKAGE_TARNAME='gas'
PACKAGE_URL=''
PACKAGE_VERSION='2.35'
PATH_SEPARATOR=':'
POSUB='po'
RANLIB='ranlib'
SED='/usr/bin/sed'
SET_MAKE=''
SHELL='/bin/bash'
STRIP='strip'
USE_NLS='yes'
VERSION='2.35'
WARN_CFLAGS='-W -Wall -Wstrict-prototypes -Wmissing-prototypes -Wshadow -Wstack-usage=262144'
WARN_CFLAGS_FOR_BUILD='-W -Wall -Wstrict-prototypes -Wmissing-prototypes -Wshadow -Wstack-usage=262144'
WARN_WRITE_STRINGS='-Wwrite-strings'
XGETTEXT='/usr/bin/xgettext'
YACC='bison -y'
YFLAGS=''
ac_ct_CC=''
ac_ct_DUMPBIN=''
am__EXEEXT_FALSE=''
am__EXEEXT_TRUE='#'
am__fastdepCC_FALSE='#'
am__fastdepCC_TRUE=''
am__include='include'
am__isrc=''
am__leading_dot='.'
am__nodep='_no'
am__quote=''
am__tar='$${TAR-tar} chof - "$$tardir"'
am__untar='$${TAR-tar} xf -'
atof='ieee'
bindir='${exec_prefix}/bin'
build='x86_64-pc-linux-gnu'
build_alias='x86_64-pc-linux-gnu'
build_cpu='x86_64'
build_os='linux-gnu'
build_vendor='pc'
cgen_cpu_prefix=''
datadir='${datarootdir}'
datarootdir='${prefix}/share'
do_compare='cmp --ignore-initial=16 $$f1 $$f2'
docdir='${datarootdir}/doc/${PACKAGE_TARNAME}'
dvidir='${docdir}'
exec_prefix='${prefix}'
extra_objects=''
host='x86_64-pc-linux-gnu'
host_alias='x86_64-pc-linux-gnu'
host_cpu='x86_64'
host_os='linux-gnu'
host_vendor='pc'
htmldir='${docdir}'
includedir='${prefix}/include'
infodir='${datarootdir}/info'
install_sh='${SHELL} /home/terminator-128/Documents/os/Stanford_CS140/binutils-2.35/install-sh'
install_tooldir='install-exec-tooldir'
libdir='${exec_prefix}/lib'
libexecdir='${exec_prefix}/libexec'
localedir='${datarootdir}/locale'
localstatedir='${prefix}/var'
mandir='${datarootdir}/man'
mkdir_p='$(MKDIR_P)'
obj_format='elf'
oldincludedir='/usr/include'
pdfdir='${docdir}'
prefix='/usr/local'
program_transform_name='s&^&i386-elf-&'
psdir='${docdir}'
sbindir='${exec_prefix}/sbin'
sharedstatedir='${prefix}/com'
sysconfdir='${prefix}/etc'
target='i386-pc-elf'
target_alias='i386-elf'
target_cpu='i386'
target_cpu_type='i386'
target_os='elf'
target_vendor='pc'
te_file='generic'
zlibdir='-L$(top_builddir)/../zlib'
zlibinc='-I$(top_srcdir)/../zlib'

## ----------- ##
## confdefs.h. ##
## ----------- ##

/* confdefs.h */
#define PACKAGE_NAME "gas"
#define PACKAGE_TARNAME "gas"
#define PACKAGE_VERSION "2.35"
#define PACKAGE_STRING "gas 2.35"
#define PACKAGE_BUGREPORT ""
#define PACKAGE_URL ""
#define PACKAGE "gas"
#define VERSION "2.35"
#define STDC_HEADERS 1
#define HAVE_SYS_TYPES_H 1
#define HAVE_SYS_STAT_H 1
#define HAVE_STDLIB_H 1
#define HAVE_STRING_H 1
#define HAVE_MEMORY_H 1
#define HAVE_STRINGS_H 1
#define HAVE_INTTYPES_H 1
#define HAVE_STDINT_H 1
#define HAVE_UNISTD_H 1
#define __EXTENSIONS__ 1
#define _ALL_SOURCE 1
#define _GNU_SOURCE 1
#define _POSIX_PTHREAD_SEMANTICS 1
#define _TANDEM_SOURCE 1
#define HAVE_DLFCN_H 1
#define LT_OBJDIR ".libs/"
#define HAVE_DLFCN_H 1
#define DEFAULT_ARCH "i386"
#define DEFAULT_GENERATE_X86_RELAX_RELOCATIONS 1
#define DEFAULT_GENERATE_ELF_STT_COMMON 0
#define DEFAULT_GENERATE_BUILD_NOTES 0
#define DEFAULT_X86_USED_NOTE 0
#define DEFAULT_RISCV_ATTR 1
#define DEFAULT_MIPS_FIX_LOONGSON3_LLSC 0
#define EMULATIONS  &i386elf,
#define DEFAULT_EMULATION "i386elf"
#define TARGET_ALIAS "i386-elf"
#define TARGET_CANONICAL "i386-pc-elf"
#define TARGET_CPU "i386"
#define TARGET_VENDOR "pc"
#define TARGET_OS "elf"
#define ENABLE_NLS 1
#define HAVE_STRING_H 1
#define HAVE_STDLIB_H 1
#define HAVE_MEMORY_H 1
#define HAVE_STRINGS_H 1
#define HAVE_UNISTD_H 1
#define HAVE_ERRNO_H 1
#define HAVE_SYS_TYPES_H 1
#define HAVE_LIMITS_H 1
#define HAVE_LOCALE_H 1
#define HAVE_TIME_H 1
#define HAVE_SYS_STAT_H 1
#define STRING_WITH_STRINGS 1
#define CROSS_COMPILE 1
#define HAVE_ALLOCA_H 1
#define HAVE_ALLOCA 1
#define HAVE_UNLINK 1
#define HAVE_SBRK 1
#define HAVE_SETLOCALE 1
#define HAVE_STRSIGNAL 1
#define HAVE_LC_MESSAGES 1
#define HAVE_DECL_GETOPT 1
#define HAVE_DECL_FREE 1
#define HAVE_DECL_GETENV 1
#define HAVE_DECL_MALLOC 1
#define HAVE_DECL_MEMPCPY 1
#define HAVE_DECL_REALLOC 1
#define HAVE_DECL_STPCPY 1
#define HAVE_DECL_STRSTR 1
#define HAVE_DECL_VSNPRINTF 1
#define HAVE_DECL_ASPRINTF 1
#define HAVE_TM_GMTOFF 1
#define HAVE_ST_MTIM_TV_SEC 1
#define HAVE_ST_MTIM_TV_NSEC 1

configure: exit 0
