This file contains any messages produced by compilers while
running configure, to aid debugging if configure makes a mistake.

It was created by binutils configure 2.35, which was
generated by GNU Autoconf 2.69.  Invocation command line was

  $ /home/terminator-128/Documents/os/Stanford_CS140/binutils-2.35/binutils/configure --srcdir=.././binutils --cache-file=./config.cache --with-gnu-as --with-gnu-ld --prefix=/usr/local --disable-werror --program-transform-name=s&^&i386-elf-& --disable-option-checking --build=x86_64-pc-linux-gnu --host=x86_64-pc-linux-gnu --target=i386-elf

## --------- ##
## Platform. ##
## --------- ##

hostname = ubuntu
uname -m = x86_64
uname -r = 5.4.0-47-generic
uname -s = Linux
uname -v = #51-Ubuntu SMP Fri Sep 4 19:50:52 UTC 2020

/usr/bin/uname -p = x86_64
/bin/uname -X     = unknown

/bin/arch              = x86_64
/usr/bin/arch -k       = unknown
/usr/convex/getsysinfo = unknown
/usr/bin/hostinfo      = unknown
/bin/machine           = unknown
/usr/bin/oslevel       = unknown
/bin/universe          = unknown

PATH: /usr/local/sbin
PATH: /usr/local/bin
PATH: /usr/sbin
PATH: /usr/bin
PATH: /sbin
PATH: /bin
PATH: /usr/games
PATH: /usr/local/games
PATH: /snap/bin


## ----------- ##
## Core tests. ##
## ----------- ##

configure:2494: loading cache ./config.cache
configure:2616: checking build system type
configure:2630: result: x86_64-pc-linux-gnu
configure:2650: checking host system type
configure:2663: result: x86_64-pc-linux-gnu
configure:2683: checking target system type
configure:2696: result: i386-pc-elf
configure:2733: checking for x86_64-pc-linux-gnu-gcc
configure:2760: result: gcc
configure:3029: checking for C compiler version
configure:3038: gcc --version >&5
gcc (Ubuntu 9.3.0-17ubuntu1~20.04) 9.3.0
Copyright (C) 2019 Free Software Foundation, Inc.
This is free software; see the source for copying conditions.  There is NO
warranty; not even for MERCHANTABILITY or FITNESS FOR A PARTICULAR PURPOSE.

configure:3049: $? = 0
configure:3038: gcc -v >&5
Using built-in specs.
COLLECT_GCC=gcc
COLLECT_LTO_WRAPPER=/usr/lib/gcc/x86_64-linux-gnu/9/lto-wrapper
OFFLOAD_TARGET_NAMES=nvptx-none:hsa
OFFLOAD_TARGET_DEFAULT=1
Target: x86_64-linux-gnu
Configured with: ../src/configure -v --with-pkgversion='Ubuntu 9.3.0-17ubuntu1~20.04' --with-bugurl=file:///usr/share/doc/gcc-9/README.Bugs --enable-languages=c,ada,c++,go,brig,d,fortran,objc,obj-c++,gm2 --prefix=/usr --with-gcc-major-version-only --program-suffix=-9 --program-prefix=x86_64-linux-gnu- --enable-shared --enable-linker-build-id --libexecdir=/usr/lib --without-included-gettext --enable-threads=posix --libdir=/usr/lib --enable-nls --enable-clocale=gnu --enable-libstdcxx-debug --enable-libstdcxx-time=yes --with-default-libstdcxx-abi=new --enable-gnu-unique-object --disable-vtable-verify --enable-plugin --enable-default-pie --with-system-zlib --with-target-system-zlib=auto --enable-objc-gc=auto --enable-multiarch --disable-werror --with-arch-32=i686 --with-abi=m64 --with-multilib-list=m32,m64,mx32 --enable-multilib --with-tune=generic --enable-offload-targets=nvptx-none=/build/gcc-9-HskZEa/gcc-9-9.3.0/debian/tmp-nvptx/usr,hsa --without-cuda-driver --enable-checking=release --build=x86_64-linux-gnu --host=x86_64-linux-gnu --target=x86_64-linux-gnu
Thread model: posix
gcc version 9.3.0 (Ubuntu 9.3.0-17ubuntu1~20.04) 
configure:3049: $? = 0
configure:3038: gcc -V >&5
gcc: error: unrecognized command line option '-V'
gcc: fatal error: no input files
compilation terminated.
configure:3049: $? = 1
configure:3038: gcc -qversion >&5
gcc: error: unrecognized command line option '-qversion'; did you mean '--version'?
gcc: fatal error: no input files
compilation terminated.
configure:3049: $? = 1
configure:3069: checking whether the C compiler works
configure:3091: gcc -g -O2    conftest.c  >&5
configure:3095: $? = 0
configure:3143: result: yes
configure:3146: checking for C compiler default output file name
configure:3148: result: a.out
configure:3154: checking for suffix of executables
configure:3161: gcc -o conftest -g -O2    conftest.c  >&5
configure:3165: $? = 0
configure:3187: result: 
configure:3209: checking whether we are cross compiling
configure:3217: gcc -o conftest -g -O2    conftest.c  >&5
configure:3221: $? = 0
configure:3228: ./conftest
configure:3232: $? = 0
configure:3220: result: no
configure:3225: checking for suffix of object files
configure:3272: result: o
configure:3276: checking whether we are using the GNU C compiler
configure:3304: result: yes
configure:3313: checking whether gcc accepts -g
configure:3374: result: yes
configure:3391: checking for gcc option to accept ISO C89
configure:3467: result: none needed
configure:3492: checking whether gcc understands -c and -o together
configure:3529: result: yes
configure:3547: checking for library containing strerror
configure:3595: result: none required
configure:3620: checking for a BSD-compatible install
configure:3688: result: /usr/bin/install -c
configure:3699: checking whether build environment is sane
configure:3754: result: yes
configure:3900: checking for a thread-safe mkdir -p
configure:3939: result: /usr/bin/mkdir -p
configure:3946: checking for gawk
configure:3973: result: mawk
configure:3984: checking whether make sets $(MAKE)
configure:4006: result: yes
configure:4036: checking for style of include used by make
configure:4064: result: GNU
configure:4098: checking whether make supports nested variables
configure:4115: result: yes
configure:4200: checking dependency style of gcc
configure:4311: result: gcc3
configure:4378: checking for x86_64-pc-linux-gnu-gcc
configure:4405: result: gcc
configure:4674: checking for C compiler version
configure:4683: gcc --version >&5
gcc (Ubuntu 9.3.0-17ubuntu1~20.04) 9.3.0
Copyright (C) 2019 Free Software Foundation, Inc.
This is free software; see the source for copying conditions.  There is NO
warranty; not even for MERCHANTABILITY or FITNESS FOR A PARTICULAR PURPOSE.

configure:4694: $? = 0
configure:4683: gcc -v >&5
Using built-in specs.
COLLECT_GCC=gcc
COLLECT_LTO_WRAPPER=/usr/lib/gcc/x86_64-linux-gnu/9/lto-wrapper
OFFLOAD_TARGET_NAMES=nvptx-none:hsa
OFFLOAD_TARGET_DEFAULT=1
Target: x86_64-linux-gnu
Configured with: ../src/configure -v --with-pkgversion='Ubuntu 9.3.0-17ubuntu1~20.04' --with-bugurl=file:///usr/share/doc/gcc-9/README.Bugs --enable-languages=c,ada,c++,go,brig,d,fortran,objc,obj-c++,gm2 --prefix=/usr --with-gcc-major-version-only --program-suffix=-9 --program-prefix=x86_64-linux-gnu- --enable-shared --enable-linker-build-id --libexecdir=/usr/lib --without-included-gettext --enable-threads=posix --libdir=/usr/lib --enable-nls --enable-clocale=gnu --enable-libstdcxx-debug --enable-libstdcxx-time=yes --with-default-libstdcxx-abi=new --enable-gnu-unique-object --disable-vtable-verify --enable-plugin --enable-default-pie --with-system-zlib --with-target-system-zlib=auto --enable-objc-gc=auto --enable-multiarch --disable-werror --with-arch-32=i686 --with-abi=m64 --with-multilib-list=m32,m64,mx32 --enable-multilib --with-tune=generic --enable-offload-targets=nvptx-none=/build/gcc-9-HskZEa/gcc-9-9.3.0/debian/tmp-nvptx/usr,hsa --without-cuda-driver --enable-checking=release --build=x86_64-linux-gnu --host=x86_64-linux-gnu --target=x86_64-linux-gnu
Thread model: posix
gcc version 9.3.0 (Ubuntu 9.3.0-17ubuntu1~20.04) 
configure:4694: $? = 0
configure:4683: gcc -V >&5
gcc: error: unrecognized command line option '-V'
gcc: fatal error: no input files
compilation terminated.
configure:4694: $? = 1
configure:4683: gcc -qversion >&5
gcc: error: unrecognized command line option '-qversion'; did you mean '--version'?
gcc: fatal error: no input files
compilation terminated.
configure:4694: $? = 1
configure:4698: checking whether we are using the GNU C compiler
configure:4726: result: yes
configure:4735: checking whether gcc accepts -g
configure:4796: result: yes
configure:4813: checking for gcc option to accept ISO C89
configure:4889: result: none needed
configure:4914: checking whether gcc understands -c and -o together
configure:4951: result: yes
configure:4973: checking how to run the C preprocessor
configure:5043: result: gcc -E
configure:5063: gcc -E  conftest.c
configure:5063: $? = 0
configure:5077: gcc -E  conftest.c
conftest.c:11:10: fatal error: ac_nonexistent.h: No such file or directory
   11 | #include <ac_nonexistent.h>
      |          ^~~~~~~~~~~~~~~~~~
compilation terminated.
configure:5077: $? = 1
configure: failed program was:
| /* confdefs.h */
| #define PACKAGE_NAME "binutils"
| #define PACKAGE_TARNAME "binutils"
| #define PACKAGE_VERSION "2.35"
| #define PACKAGE_STRING "binutils 2.35"
| #define PACKAGE_BUGREPORT ""
| #define PACKAGE_URL ""
| #define PACKAGE "binutils"
| #define VERSION "2.35"
| /* end confdefs.h.  */
| #include <ac_nonexistent.h>
configure:5106: checking for grep that handles long lines and -e
configure:5164: result: /usr/bin/grep
configure:5169: checking for egrep
configure:5231: result: /usr/bin/grep -E
configure:5236: checking for ANSI C header files
configure:5340: result: yes
configure:5353: checking for sys/types.h
configure:5353: result: yes
configure:5353: checking for sys/stat.h
configure:5353: result: yes
configure:5353: checking for stdlib.h
configure:5353: result: yes
configure:5353: checking for string.h
configure:5353: result: yes
configure:5353: checking for memory.h
configure:5353: result: yes
configure:5353: checking for strings.h
configure:5353: result: yes
configure:5353: checking for inttypes.h
configure:5353: result: yes
configure:5353: checking for stdint.h
configure:5353: result: yes
configure:5353: checking for unistd.h
configure:5353: result: yes
configure:5366: checking for minix/config.h
configure:5366: result: no
configure:5387: checking whether it is safe to define __EXTENSIONS__
configure:5412: result: yes
configure:5475: checking how to print strings
configure:5502: result: printf
configure:5523: checking for a sed that does not truncate output
configure:5587: result: /usr/bin/sed
configure:5605: checking for fgrep
configure:5667: result: /usr/bin/grep -F
configure:5702: checking for ld used by gcc
configure:5769: result: ld
configure:5776: checking if the linker (ld) is GNU ld
configure:5791: result: yes
configure:5803: checking for BSD- or MS-compatible name lister (nm)
configure:5852: result: nm
configure:5982: checking the name lister (nm) interface
configure:6002: result: BSD nm
configure:6005: checking whether ln -s works
configure:6009: result: yes
configure:6017: checking the maximum length of command line arguments
configure:6142: result: 1572864
configure:6159: checking whether the shell understands some XSI constructs
configure:6168: result: yes
configure:6172: checking whether the shell understands "+="
configure:6176: result: yes
configure:6211: checking for ld option to reload object files
configure:6218: result: -r
configure:6247: checking for x86_64-pc-linux-gnu-objdump
configure:6274: result: objdump
configure:6346: checking how to recognize dependent libraries
configure:6547: result: pass_all
configure:6567: checking for x86_64-pc-linux-gnu-ar
configure:6594: result: ar
configure:6672: checking for x86_64-pc-linux-gnu-strip
configure:6702: result: no
configure:6712: checking for strip
configure:6739: result: strip
configure:6771: checking for x86_64-pc-linux-gnu-ranlib
configure:6798: result: ranlib
configure:6940: checking command to parse nm output from gcc object
configure:7163: result: ok
configure:7258: gcc -c -g -O2  conftest.c >&5
configure:7261: $? = 0
configure:8011: checking for dlfcn.h
configure:8011: result: yes
configure:8198: checking for objdir
configure:8213: result: .libs
configure:8484: checking if gcc supports -fno-rtti -fno-exceptions
configure:8519: result: no
configure:8539: checking for gcc option to produce PIC
configure:8825: result: -fPIC -DPIC
configure:8837: checking if gcc PIC flag -fPIC -DPIC works
configure:8872: result: yes
configure:8896: checking if gcc static flag -static works
configure:8924: result: yes
configure:8939: checking if gcc supports -c -o file.o
configure:8986: result: yes
configure:8994: checking if gcc supports -c -o file.o
configure:9041: result: yes
configure:9074: checking whether the gcc linker (ld -m elf_x86_64) supports shared libraries
configure:10145: result: yes
configure:10182: checking whether -lc should be explicitly linked in
configure:10225: result: no
configure:10390: checking dynamic linker characteristics
configure:11063: result: GNU/Linux ld.so
configure:11170: checking how to hardcode library paths into programs
configure:11195: result: immediate
configure:11735: checking whether stripping libraries is possible
configure:11740: result: yes
configure:11775: checking if libtool supports shared libraries
configure:11777: result: yes
configure:11780: checking whether to build shared libraries
configure:11801: result: yes
configure:11804: checking whether to build static libraries
configure:11808: result: yes
configure:11856: checking for dlfcn.h
configure:11856: result: yes
configure:11869: checking for windows.h
configure:11869: result: no
configure:11896: checking for library containing dlsym
configure:11944: result: -ldl
configure:11975: checking for special C compiler options needed for large files
configure:12020: result: no
configure:12026: checking for _FILE_OFFSET_BITS value needed for large files
configure:12083: result: no
configure:12222: checking whether to use debuginfod
configure:12224: result: auto
configure:12231: checking for debuginfod_begin in -ldebuginfod
configure:12265: result: no
configure:12271: checking whether debuginfod_begin is declared
configure:12271: result: no
configure:12289: WARNING: debuginfod is missing or unusable; some features may be unavailable.
configure:12498: checking for bison
configure:12525: result: bison -y
configure:12541: checking for flex
configure:12568: result: /home/terminator-128/Documents/os/binutils-2.35/missing flex
configure:12715: checking whether NLS is requested
configure:12721: result: yes
configure:12727: checking for catalogs to be installed
configure:12759: result:  bg ca da es fi fr hr id it ja pt ro ru rw sk sr sv tr uk vi zh_CN zh_TW bg ca da es fi fr hr id it ja pt ro ru rw sk sr sv tr uk vi zh_CN zh_TW
configure:12786: checking whether NLS is requested
configure:12795: result: yes
configure:12833: checking for msgfmt
configure:12864: result: /usr/bin/msgfmt
configure:12873: checking for gmsgfmt
configure:12904: result: /usr/bin/msgfmt
configure:12944: checking for xgettext
configure:12975: result: /usr/bin/xgettext
configure:13015: checking for msgmerge
configure:13045: result: /usr/bin/msgmerge
configure:13082: checking whether to enable maintainer-specific portions of Makefiles
configure:13091: result: no
configure:13136: checking for x86_64-pc-linux-gnu-ranlib
configure:13163: result: ranlib
configure:13276: checking size of long
configure:13295: result: 8
configure:13305: checking for long long
configure:13305: result: yes
configure:13316: checking size of long long
configure:13335: result: 8
configure:13351: checking for string.h
configure:13351: result: yes
configure:13351: checking for strings.h
configure:13351: result: yes
configure:13351: checking for stdlib.h
configure:13351: result: yes
configure:13351: checking for unistd.h
configure:13351: result: yes
configure:13351: checking for fcntl.h
configure:13351: result: yes
configure:13351: checking for sys/file.h
configure:13351: result: yes
configure:13351: checking for limits.h
configure:13351: result: yes
configure:13351: checking for locale.h
configure:13351: result: yes
configure:13351: checking for sys/param.h
configure:13351: result: yes
configure:13351: checking for wchar.h
configure:13351: result: yes
configure:13361: checking for sys/wait.h that is POSIX.1 compatible
configure:13394: result: yes
configure:13402: checking whether string.h and strings.h may both be included
configure:13426: result: yes
configure:13434: checking for size_t
configure:13434: result: yes
configure:13447: checking for working alloca.h
configure:13472: result: yes
configure:13480: checking for alloca
configure:13525: result: yes
configure:13637: checking for stdlib.h
configure:13637: result: yes
configure:13637: checking for unistd.h
configure:13637: result: yes
configure:13637: checking for sys/param.h
configure:13637: result: yes
configure:13657: checking for getpagesize
configure:13657: result: yes
configure:13666: checking for working mmap
configure:13823: result: yes
configure:13835: checking for sbrk
configure:13835: result: yes
configure:13835: checking for utimes
configure:13835: result: yes
configure:13835: checking for setmode
configure:13835: result: no
configure:13835: checking for getc_unlocked
configure:13835: result: yes
configure:13835: checking for strcoll
configure:13835: result: yes
configure:13835: checking for setlocale
configure:13835: result: yes
configure:13844: checking for mkstemp
configure:13844: result: yes
configure:13851: checking for mkdtemp
configure:13851: result: yes
configure:13858: checking for mbstate_t
configure:13871: gcc -c -g -O2  conftest.c >&5
configure:13871: $? = 0
configure:13877: result: yes
configure:13886: checking for library containing frexp
configure:13934: result: none required
configure:13944: checking for LC_MESSAGES
configure:13968: result: yes
configure:13977: checking for time_t in time.h
configure:14001: result: yes
configure:14009: checking for time_t in sys/types.h
configure:14033: result: yes
configure:14041: checking for a known getopt prototype in unistd.h
configure:14065: result: yes
configure:14075: checking for utime.h
configure:14103: result: yes
configure:14111: checking whether asprintf is declared
configure:14111: result: yes
configure:14121: checking whether environ is declared
configure:14121: result: yes
configure:14131: checking whether fprintf is declared
configure:14131: result: yes
configure:14141: checking whether getc_unlocked is declared
configure:14141: result: yes
configure:14151: checking whether getenv is declared
configure:14151: result: yes
configure:14161: checking whether sbrk is declared
configure:14161: result: yes
configure:14171: checking whether snprintf is declared
configure:14171: result: yes
configure:14181: checking whether stpcpy is declared
configure:14181: result: yes
configure:14191: checking whether strnlen is declared
configure:14191: result: yes
configure:14201: checking whether strstr is declared
configure:14201: result: yes
configure:14211: checking whether vsnprintf is declared
configure:14211: result: yes
configure:14268: checking for iconv.h
configure:14268: result: yes
configure:14314: checking for ld used by GCC
configure:14377: result: ld -m elf_x86_64
configure:14384: checking if the linker (ld -m elf_x86_64) is GNU ld
configure:14396: result: yes
configure:14402: checking for shared library run path origin
configure:14415: result: done
configure:14835: checking for iconv
configure:14933: result: yes
configure:14976: checking for iconv declaration
configure:15016: result: 
         extern size_t iconv (iconv_t cd, char * *inbuf, size_t *inbytesleft, char * *outbuf, size_t *outbytesleft);
configure:15379: checking that generated files are newer than configure
configure:15385: result: done
configure:15420: creating ./config.status

## ---------------------- ##
## Running config.status. ##
## ---------------------- ##

This file was extended by binutils config.status 2.35, which was
generated by GNU Autoconf 2.69.  Invocation command line was

  CONFIG_FILES    = 
  CONFIG_HEADERS  = 
  CONFIG_LINKS    = 
  CONFIG_COMMANDS = 
  $ ./config.status 

on ubuntu

config.status:1193: creating Makefile
config.status:1193: creating doc/Makefile
config.status:1193: creating po/Makefile.in
config.status:1193: creating config.h
config.status:1374: config.h is unchanged
config.status:1422: executing depfiles commands
config.status:1422: executing libtool commands
config.status:1422: executing default-1 commands

## ---------------- ##
## Cache variables. ##
## ---------------- ##

ac_cv_build=x86_64-pc-linux-gnu
ac_cv_c_compiler_gnu=yes
ac_cv_env_CC_set=set
ac_cv_env_CC_value=gcc
ac_cv_env_CFLAGS_set=set
ac_cv_env_CFLAGS_value='-g -O2'
ac_cv_env_CPPFLAGS_set=
ac_cv_env_CPPFLAGS_value=
ac_cv_env_CPP_set=
ac_cv_env_CPP_value=
ac_cv_env_LDFLAGS_set=set
ac_cv_env_LDFLAGS_value=' '
ac_cv_env_LIBS_set=
ac_cv_env_LIBS_value=
ac_cv_env_YACC_set=set
ac_cv_env_YACC_value='bison -y'
ac_cv_env_YFLAGS_set=
ac_cv_env_YFLAGS_value=
ac_cv_env_build_alias_set=set
ac_cv_env_build_alias_value=x86_64-pc-linux-gnu
ac_cv_env_host_alias_set=set
ac_cv_env_host_alias_value=x86_64-pc-linux-gnu
ac_cv_env_target_alias_set=set
ac_cv_env_target_alias_value=i386-elf
ac_cv_func_alloca_works=yes
ac_cv_func_getc_unlocked=yes
ac_cv_func_getpagesize=yes
ac_cv_func_mkdtemp=yes
ac_cv_func_mkstemp=yes
ac_cv_func_mmap_fixed_mapped=yes
ac_cv_func_sbrk=yes
ac_cv_func_setlocale=yes
ac_cv_func_setmode=no
ac_cv_func_strcoll=yes
ac_cv_func_utimes=yes
ac_cv_have_decl_asprintf=yes
ac_cv_have_decl_debuginfod_begin=no
ac_cv_have_decl_environ=yes
ac_cv_have_decl_fprintf=yes
ac_cv_have_decl_getc_unlocked=yes
ac_cv_have_decl_getenv=yes
ac_cv_have_decl_sbrk=yes
ac_cv_have_decl_snprintf=yes
ac_cv_have_decl_stpcpy=yes
ac_cv_have_decl_strnlen=yes
ac_cv_have_decl_strstr=yes
ac_cv_have_decl_vsnprintf=yes
ac_cv_header_dlfcn_h=yes
ac_cv_header_fcntl_h=yes
ac_cv_header_iconv_h=yes
ac_cv_header_inttypes_h=yes
ac_cv_header_limits_h=yes
ac_cv_header_locale_h=yes
ac_cv_header_memory_h=yes
ac_cv_header_minix_config_h=no
ac_cv_header_stdc=yes
ac_cv_header_stdint_h=yes
ac_cv_header_stdlib_h=yes
ac_cv_header_string_h=yes
ac_cv_header_strings_h=yes
ac_cv_header_sys_file_h=yes
ac_cv_header_sys_param_h=yes
ac_cv_header_sys_stat_h=yes
ac_cv_header_sys_types_h=yes
ac_cv_header_sys_wait_h=yes
ac_cv_header_unistd_h=yes
ac_cv_header_wchar_h=yes
ac_cv_header_windows_h=no
ac_cv_host=x86_64-pc-linux-gnu
ac_cv_lib_debuginfod_debuginfod_begin=no
ac_cv_objext=o
ac_cv_path_EGREP='/usr/bin/grep -E'
ac_cv_path_FGREP='/usr/bin/grep -F'
ac_cv_path_GMSGFMT=/usr/bin/msgfmt
ac_cv_path_GREP=/usr/bin/grep
ac_cv_path_MSGFMT=/usr/bin/msgfmt
ac_cv_path_MSGMERGE=/usr/bin/msgmerge
ac_cv_path_SED=/usr/bin/sed
ac_cv_path_XGETTEXT=/usr/bin/xgettext
ac_cv_path_mkdir=/usr/bin/mkdir
ac_cv_prog_AR=ar
ac_cv_prog_AWK=mawk
ac_cv_prog_CC=gcc
ac_cv_prog_CPP='gcc -E'
ac_cv_prog_LEX='/home/terminator-128/Documents/os/binutils-2.35/missing flex'
ac_cv_prog_OBJDUMP=objdump
ac_cv_prog_RANLIB=ranlib
ac_cv_prog_YACC='bison -y'
ac_cv_prog_ac_ct_STRIP=strip
ac_cv_prog_cc_c89=
ac_cv_prog_cc_g=yes
ac_cv_prog_make_make_set=yes
ac_cv_safe_to_define___extensions__=yes
ac_cv_search_dlsym=-ldl
ac_cv_search_frexp='none required'
ac_cv_search_strerror='none required'
ac_cv_sizeof_long=8
ac_cv_sizeof_long_long=8
ac_cv_sys_file_offset_bits=no
ac_cv_sys_largefile_CC=no
ac_cv_target=i386-pc-elf
ac_cv_type_long_long=yes
ac_cv_type_size_t=yes
ac_cv_working_alloca_h=yes
acl_cv_hardcode_direct=no
acl_cv_hardcode_libdir_flag_spec='${wl}-rpath ${wl}$libdir'
acl_cv_hardcode_libdir_separator=
acl_cv_hardcode_minus_L=no
acl_cv_libext=a
acl_cv_path_LD='ld -m elf_x86_64'
acl_cv_prog_gnu_ld=yes
acl_cv_rpath=done
acl_cv_shlibext=so
acl_cv_wl=-Wl,
am_cv_CC_dependencies_compiler_type=gcc3
am_cv_func_iconv=yes
am_cv_lib_iconv=no
am_cv_make_support_nested_variables=yes
am_cv_prog_cc_c_o=yes
am_cv_proto_iconv='extern size_t iconv (iconv_t cd, char * *inbuf, size_t *inbytesleft, char * *outbuf, size_t *outbytesleft);'
am_cv_proto_iconv_arg1=
am_cv_val_LC_MESSAGES=yes
bu_cv_decl_getopt_unistd_h=yes
bu_cv_decl_time_t_time_h=yes
bu_cv_decl_time_t_types_h=yes
bu_cv_header_utime_h=yes
gcc_cv_header_string=yes
lt_cv_archive_cmds_need_lc=no
lt_cv_deplibs_check_method=pass_all
lt_cv_file_magic_cmd='$MAGIC_CMD'
lt_cv_file_magic_test_file=
lt_cv_ld_reload_flag=-r
lt_cv_nm_interface='BSD nm'
lt_cv_objdir=.libs
lt_cv_path_LD=ld
lt_cv_path_NM=nm
lt_cv_prog_compiler_c_o=yes
lt_cv_prog_compiler_pic_works=yes
lt_cv_prog_compiler_rtti_exceptions=no
lt_cv_prog_compiler_static_works=yes
lt_cv_prog_gnu_ld=yes
lt_cv_shlibpath_overrides_runpath=yes
lt_cv_sys_global_symbol_pipe='sed -n -e '\''s/^.*[	 ]\([ABCDGIRSTW][ABCDGIRSTW]*\)[	 ][	 ]*\([_A-Za-z][_A-Za-z0-9]*\)$/\1 \2 \2/p'\'''
lt_cv_sys_global_symbol_to_c_name_address='sed -n -e '\''s/^: \([^ ]*\) $/  {\"\1\", (void *) 0},/p'\'' -e '\''s/^[ABCDGIRSTW]* \([^ ]*\) \([^ ]*\)$/  {"\2", (void *) \&\2},/p'\'''
lt_cv_sys_global_symbol_to_c_name_address_lib_prefix='sed -n -e '\''s/^: \([^ ]*\) $/  {\"\1\", (void *) 0},/p'\'' -e '\''s/^[ABCDGIRSTW]* \([^ ]*\) \(lib[^ ]*\)$/  {"\2", (void *) \&\2},/p'\'' -e '\''s/^[ABCDGIRSTW]* \([^ ]*\) \([^ ]*\)$/  {"lib\2", (void *) \&\2},/p'\'''
lt_cv_sys_global_symbol_to_cdecl='sed -n -e '\''s/^T .* \(.*\)$/extern int \1();/p'\'' -e '\''s/^[ABCDGIRSTW]* .* \(.*\)$/extern char \1;/p'\'''
lt_cv_sys_max_cmd_len=1572864

## ----------------- ##
## Output variables. ##
## ----------------- ##

ACLOCAL='${SHELL} /home/terminator-128/Documents/os/Stanford_CS140/binutils-2.35/missing aclocal-1.15'
ALLOCA=''
AMDEPBACKSLASH='\'
AMDEP_FALSE='#'
AMDEP_TRUE=''
AMTAR='$${TAR-tar}'
AM_BACKSLASH='\'
AM_DEFAULT_V='$(AM_DEFAULT_VERBOSITY)'
AM_DEFAULT_VERBOSITY='1'
AM_V='$(V)'
AR='ar'
AUTOCONF='${SHELL} /home/terminator-128/Documents/os/Stanford_CS140/binutils-2.35/missing autoconf'
AUTOHEADER='${SHELL} /home/terminator-128/Documents/os/Stanford_CS140/binutils-2.35/missing autoheader'
AUTOMAKE='${SHELL} /home/terminator-128/Documents/os/Stanford_CS140/binutils-2.35/missing automake-1.15'
AWK='mawk'
BUILD_DLLTOOL=''
BUILD_DLLWRAP=''
BUILD_INSTALL_MISC=''
BUILD_MISC=''
BUILD_SRCONV=''
BUILD_WINDMC=''
BUILD_WINDRES=''
CATALOGS=' bg.gmo ca.gmo da.gmo es.gmo fi.gmo fr.gmo hr.gmo id.gmo it.gmo ja.gmo pt.gmo ro.gmo ru.gmo rw.gmo sk.gmo sr.gmo sv.gmo tr.gmo uk.gmo vi.gmo zh_CN.gmo zh_TW.gmo bg.gmo ca.gmo da.gmo es.gmo fi.gmo fr.gmo hr.gmo id.gmo it.gmo ja.gmo pt.gmo ro.gmo ru.gmo rw.gmo sk.gmo sr.gmo sv.gmo tr.gmo uk.gmo vi.gmo zh_CN.gmo zh_TW.gmo'
CATOBJEXT='.gmo'
CC='gcc'
CCDEPMODE='depmode=gcc3'
CC_FOR_BUILD='gcc'
CFLAGS='-g -O2'
CPP='gcc -E'
CPPFLAGS=''
CYGPATH_W='echo'
DATADIRNAME='share'
DEFS='-DHAVE_CONFIG_H'
DEMANGLER_NAME='c++filt'
DEPDIR='.deps'
DLLTOOL_DEFS=' '
DSYMUTIL=''
DUMPBIN=''
ECHO_C=''
ECHO_N='-n'
ECHO_T=''
EGREP='/usr/bin/grep -E'
EMULATION='vanilla'
EMULATION_VECTOR='bin_vanilla_emulation'
ENABLE_LIBCTF_FALSE='#'
ENABLE_LIBCTF_TRUE=''
EXEEXT=''
EXEEXT_FOR_BUILD='$(EXEEXT)'
FGREP='/usr/bin/grep -F'
GENCAT='gencat'
GENINSRC_NEVER_FALSE=''
GENINSRC_NEVER_TRUE='#'
GMSGFMT='/usr/bin/msgfmt'
GREP='/usr/bin/grep'
HDEFINES=''
INCINTL=''
INSTALL_DATA='/usr/bin/install -c -m 644'
INSTALL_PROGRAM='/usr/bin/install -c'
INSTALL_SCRIPT='/usr/bin/install -c'
INSTALL_STRIP_PROGRAM='$(install_sh) -c -s'
INSTOBJEXT='.mo'
LD='ld -m elf_x86_64'
LDFLAGS=' '
LEX='/home/terminator-128/Documents/os/binutils-2.35/missing flex'
LEXLIB=''
LEX_OUTPUT_ROOT=''
LIBDEBUGINFOD=''
LIBICONV=''
LIBINTL=''
LIBINTL_DEP=''
LIBOBJS=''
LIBS='-ldl '
LIBTOOL='$(SHELL) $(top_builddir)/libtool'
LIPO=''
LN_S='ln -s'
LTLIBICONV=''
LTLIBOBJS=''
MAINT='#'
MAINTAINER_MODE_FALSE=''
MAINTAINER_MODE_TRUE='#'
MAKEINFO='makeinfo --split-size=5000000'
MKDIR_P='/usr/bin/mkdir -p'
MKINSTALLDIRS='$(top_builddir)/./../mkinstalldirs'
MSGFMT='/usr/bin/msgfmt'
MSGMERGE='/usr/bin/msgmerge'
NM='nm'
NMEDIT=''
NO_WERROR=''
OBJDUMP='objdump'
OBJDUMP_DEFS=' -DOBJDUMP_PRIVATE_VECTORS=""'
OBJDUMP_PRIVATE_OFILES=''
OBJEXT='o'
OTOOL64=''
OTOOL=''
PACKAGE='binutils'
PACKAGE_BUGREPORT=''
PACKAGE_NAME='binutils'
PACKAGE_STRING='binutils 2.35'
PACKAGE_TARNAME='binutils'
PACKAGE_URL=''
PACKAGE_VERSION='2.35'
PATH_SEPARATOR=':'
POSUB='po'
RANLIB='ranlib'
SED='/usr/bin/sed'
SET_MAKE=''
SHELL='/bin/bash'
STRIP='strip'
USE_NLS='yes'
VERSION='2.35'
WARN_CFLAGS='-W -Wall -Wstrict-prototypes -Wmissing-prototypes -Wshadow -Wstack-usage=262144'
WARN_CFLAGS_FOR_BUILD='-W -Wall -Wstrict-prototypes -Wmissing-prototypes -Wshadow -Wstack-usage=262144'
WARN_WRITE_STRINGS='-Wwrite-strings'
XGETTEXT='/usr/bin/xgettext'
YACC='bison -y'
YFLAGS=''
ac_ct_CC=''
ac_ct_DUMPBIN=''
am__EXEEXT_FALSE=''
am__EXEEXT_TRUE='#'
am__fastdepCC_FALSE='#'
am__fastdepCC_TRUE=''
am__include='include'
am__isrc=''
am__leading_dot='.'
am__nodep='_no'
am__quote=''
am__tar='$${TAR-tar} chof - "$$tardir"'
am__untar='$${TAR-tar} xf -'
bindir='${exec_prefix}/bin'
build='x86_64-pc-linux-gnu'
build_alias='x86_64-pc-linux-gnu'
build_cpu='x86_64'
build_os='linux-gnu'
build_vendor='pc'
datadir='${datarootdir}'
datarootdir='${prefix}/share'
docdir='${datarootdir}/doc/${PACKAGE_TARNAME}'
dvidir='${docdir}'
exec_prefix='${prefix}'
host='x86_64-pc-linux-gnu'
host_alias='x86_64-pc-linux-gnu'
host_cpu='x86_64'
host_os='linux-gnu'
host_vendor='pc'
htmldir='${docdir}'
includedir='${prefix}/include'
infodir='${datarootdir}/info'
install_sh='${SHELL} /home/terminator-128/Documents/os/Stanford_CS140/binutils-2.35/install-sh'
libdir='${exec_prefix}/lib'
libexecdir='${exec_prefix}/libexec'
localedir='${datarootdir}/locale'
localstatedir='${prefix}/var'
mandir='${datarootdir}/man'
mkdir_p='$(MKDIR_P)'
oldincludedir='/usr/include'
pdfdir='${docdir}'
prefix='/usr/local'
program_transform_name='s&^&i386-elf-&'
psdir='${docdir}'
sbindir='${exec_prefix}/sbin'
sharedstatedir='${prefix}/com'
sysconfdir='${prefix}/etc'
target='i386-pc-elf'
target_alias='i386-elf'
target_cpu='i386'
target_os='elf'
target_vendor='pc'
zlibdir='-L$(top_builddir)/../zlib'
zlibinc='-I$(top_srcdir)/../zlib'

## ----------- ##
## confdefs.h. ##
## ----------- ##

/* confdefs.h */
#define PACKAGE_NAME "binutils"
#define PACKAGE_TARNAME "binutils"
#define PACKAGE_VERSION "2.35"
#define PACKAGE_STRING "binutils 2.35"
#define PACKAGE_BUGREPORT ""
#define PACKAGE_URL ""
#define PACKAGE "binutils"
#define VERSION "2.35"
#define STDC_HEADERS 1
#define HAVE_SYS_TYPES_H 1
#define HAVE_SYS_STAT_H 1
#define HAVE_STDLIB_H 1
#define HAVE_STRING_H 1
#define HAVE_MEMORY_H 1
#define HAVE_STRINGS_H 1
#define HAVE_INTTYPES_H 1
#define HAVE_STDINT_H 1
#define HAVE_UNISTD_H 1
#define __EXTENSIONS__ 1
#define _ALL_SOURCE 1
#define _GNU_SOURCE 1
#define _POSIX_PTHREAD_SEMANTICS 1
#define _TANDEM_SOURCE 1
#define HAVE_DLFCN_H 1
#define LT_OBJDIR ".libs/"
#define HAVE_DLFCN_H 1
#define DEFAULT_AR_DETERMINISTIC 0
#define DEFAULT_STRINGS_ALL 1
#define ENABLE_LIBCTF 1
#define ENABLE_NLS 1
#define EXECUTABLE_SUFFIX ""
#define SIZEOF_LONG 8
#define HAVE_LONG_LONG 1
#define SIZEOF_LONG_LONG 8
#define HAVE_STRING_H 1
#define HAVE_STRINGS_H 1
#define HAVE_STDLIB_H 1
#define HAVE_UNISTD_H 1
#define HAVE_FCNTL_H 1
#define HAVE_SYS_FILE_H 1
#define HAVE_LIMITS_H 1
#define HAVE_LOCALE_H 1
#define HAVE_SYS_PARAM_H 1
#define HAVE_WCHAR_H 1
#define HAVE_SYS_WAIT_H 1
#define STRING_WITH_STRINGS 1
#define HAVE_ALLOCA_H 1
#define HAVE_ALLOCA 1
#define HAVE_STDLIB_H 1
#define HAVE_UNISTD_H 1
#define HAVE_SYS_PARAM_H 1
#define HAVE_GETPAGESIZE 1
#define HAVE_MMAP 1
#define HAVE_SBRK 1
#define HAVE_UTIMES 1
#define HAVE_GETC_UNLOCKED 1
#define HAVE_STRCOLL 1
#define HAVE_SETLOCALE 1
#define HAVE_MKSTEMP 1
#define HAVE_MKDTEMP 1
#define HAVE_MBSTATE_T 1
#define HAVE_LC_MESSAGES 1
#define HAVE_TIME_T_IN_TIME_H 1
#define HAVE_TIME_T_IN_TYPES_H 1
#define HAVE_DECL_GETOPT 1
#define HAVE_GOOD_UTIME_H 1
#define HAVE_DECL_ASPRINTF 1
#define HAVE_DECL_ENVIRON 1
#define HAVE_DECL_FPRINTF 1
#define HAVE_DECL_GETC_UNLOCKED 1
#define HAVE_DECL_GETENV 1
#define HAVE_DECL_SBRK 1
#define HAVE_DECL_SNPRINTF 1
#define HAVE_DECL_STPCPY 1
#define HAVE_DECL_STRNLEN 1
#define HAVE_DECL_STRSTR 1
#define HAVE_DECL_VSNPRINTF 1
#define HAVE_ICONV 1
#define ICONV_CONST 
#define TARGET "i386-pc-elf"
#define TARGET_PREPENDS_UNDERSCORE 0

configure: exit 0
